Log file open, 06/07/23 14:01:58
LogWindows: Failed to load 'aqProf.dll' (GetLastError=126)
LogWindows: File 'aqProf.dll' does not exist
LogWindows: Failed to load 'VtuneApi.dll' (GetLastError=126)
LogWindows: File 'VtuneApi.dll' does not exist
LogWindows: Failed to load 'VtuneApi32e.dll' (GetLastError=126)
LogWindows: File 'VtuneApi32e.dll' does not exist
LogConsoleResponse: Display: Failed to find resolution value strings in scalability ini. Falling back to default.
LogConsoleResponse: Display: Failed to find resolution value strings in scalability ini. Falling back to default.
LogInit: Display: Running engine for game: ActionRoguelike
LogPlatformFile: Not using cached read wrapper
LogTaskGraph: Started task graph with 5 named threads and 71 total threads with 3 sets of task threads.
LogStats: Stats thread started at 0.198308
LogICUInternationalization: ICU TimeZone Detection - Raw Offset: +8:00, Platform Override: ''
LogInit: Display: Loading text-based GConfig....
LogPluginManager: Mounting plugin MeshPainting
LogPluginManager: Mounting plugin XGEController
LogPluginManager: Mounting plugin Paper2D
LogPluginManager: Mounting plugin LiveLink
LogPluginManager: Mounting plugin AISupport
LogPluginManager: Mounting plugin EnvironmentQueryEditor
LogPluginManager: Mounting plugin LightPropagationVolume
LogPluginManager: Mounting plugin CameraShakePreviewer
LogPluginManager: Mounting plugin GameplayCameras
LogPluginManager: Mounting plugin OodleData
LogPluginManager: Mounting plugin OodleNetwork
LogPluginManager: Mounting plugin AssetManagerEditor
LogPluginManager: Mounting plugin CryptoKeys
LogPluginManager: Mounting plugin CurveEditorTools
LogPluginManager: Mounting plugin DataValidation
LogPluginManager: Mounting plugin FacialAnimation
LogPluginManager: Mounting plugin GameplayTagsEditor
LogPluginManager: Mounting plugin GeometryMode
LogPluginManager: Mounting plugin MacGraphicsSwitching
LogPluginManager: Mounting plugin MaterialAnalyzer
LogPluginManager: Mounting plugin MobileLauncherProfileWizard
LogPluginManager: Mounting plugin PluginBrowser
LogPluginManager: Mounting plugin SpeedTreeImporter
LogPluginManager: Mounting plugin AnimationSharing
LogPluginManager: Mounting plugin CLionSourceCodeAccess
LogPluginManager: Mounting plugin CodeLiteSourceCodeAccess
LogPluginManager: Mounting plugin GitSourceControl
LogPluginManager: Mounting plugin KDevelopSourceCodeAccess
LogPluginManager: Mounting plugin NullSourceCodeAccess
LogPluginManager: Mounting plugin PerforceSourceControl
LogPluginManager: Mounting plugin PixWinPlugin
LogPluginManager: Mounting plugin PlasticSourceControl
LogPluginManager: Mounting plugin PropertyAccessNode
LogPluginManager: Mounting plugin RiderSourceCodeAccess
LogPluginManager: Mounting plugin SubversionSourceControl
LogPluginManager: Mounting plugin TextureFormatOodle
LogPluginManager: Mounting plugin PluginUtils
LogPluginManager: Mounting plugin UObjectPlugin
LogPluginManager: Mounting plugin VisualStudioSourceCodeAccess
LogPluginManager: Mounting plugin VisualStudioCodeSourceCodeAccess
LogPluginManager: Mounting plugin XCodeSourceCodeAccess
LogPluginManager: Mounting plugin DatasmithContent
LogPluginManager: Mounting plugin VariantManagerContent
LogPluginManager: Mounting plugin AlembicImporter
LogPluginManager: Mounting plugin AutomationUtils
LogPluginManager: Mounting plugin BackChannel
LogPluginManager: Mounting plugin Niagara
LogPluginManager: Mounting plugin ChaosCloth
LogPluginManager: Mounting plugin ChaosClothEditor
LogPluginManager: Mounting plugin ChaosEditor
LogPluginManager: Mounting plugin ChaosNiagara
LogPluginManager: Mounting plugin ChaosSolverPlugin
LogPluginManager: Mounting plugin CharacterAI
LogPluginManager: Mounting plugin GeometryCache
LogPluginManager: Mounting plugin GeometryCollectionPlugin
LogPluginManager: Mounting plugin GeometryProcessing
LogPluginManager: Mounting plugin OpenImageDenoise
LogPluginManager: Mounting plugin MotoSynth
LogPluginManager: Mounting plugin PlatformCrypto
LogPluginManager: Mounting plugin ProxyLODPlugin
LogPluginManager: Mounting plugin PythonScriptPlugin
LogPluginManager: Mounting plugin SkeletalReduction
LogPluginManager: Mounting plugin PlanarCut
LogPluginManager: Mounting plugin LuminPlatformFeatures
LogPluginManager: Mounting plugin MagicLeap
LogPluginManager: Mounting plugin MagicLeapLightEstimation
LogPluginManager: Mounting plugin MagicLeapMedia
LogPluginManager: Mounting plugin MagicLeapPassableWorld
LogPluginManager: Mounting plugin MLSDK
LogPluginManager: Mounting plugin AndroidMedia
LogPluginManager: Mounting plugin AvfMedia
LogPluginManager: Mounting plugin ImgMedia
LogPluginManager: Mounting plugin MediaCompositing
LogPluginManager: Mounting plugin MediaPlayerEditor
LogPluginManager: Mounting plugin WebMMedia
LogPluginManager: Mounting plugin WmfMedia
LogPluginManager: Mounting plugin TcpMessaging
LogPluginManager: Mounting plugin UdpMessaging
LogPluginManager: Mounting plugin ActorSequence
LogPluginManager: Mounting plugin MatineeToLevelSequence
LogPluginManager: Mounting plugin LevelSequenceEditor
LogPluginManager: Mounting plugin TemplateSequence
LogPluginManager: Mounting plugin OnlineSubsystem
LogPluginManager: Mounting plugin OnlineSubsystemNull
LogPluginManager: Mounting plugin OnlineSubsystemUtils
LogPluginManager: Mounting plugin LauncherChunkInstaller
LogPluginManager: Mounting plugin ActorLayerUtilities
LogPluginManager: Mounting plugin AndroidDeviceProfileSelector
LogPluginManager: Mounting plugin AndroidMoviePlayer
LogPluginManager: Mounting plugin AndroidPermission
LogPluginManager: Mounting plugin AppleImageUtils
LogPluginManager: Mounting plugin AppleMoviePlayer
LogPluginManager: Mounting plugin ArchVisCharacter
LogPluginManager: Mounting plugin AudioCapture
LogPluginManager: Mounting plugin AssetTags
LogPluginManager: Mounting plugin AudioSynesthesia
LogPluginManager: Mounting plugin CableComponent
LogPluginManager: Mounting plugin ChunkDownloader
LogPluginManager: Mounting plugin CustomMeshComponent
LogPluginManager: Mounting plugin ExampleDeviceProfileSelector
LogPluginManager: Mounting plugin EditableMesh
LogPluginManager: Mounting plugin GoogleCloudMessaging
LogPluginManager: Mounting plugin GooglePAD
LogPluginManager: Mounting plugin IOSDeviceProfileSelector
LogPluginManager: Mounting plugin LocationServicesBPLibrary
LogPluginManager: Mounting plugin LinuxDeviceProfileSelector
LogPluginManager: Mounting plugin MobilePatchingUtils
LogPluginManager: Mounting plugin OpenXREyeTracker
LogPluginManager: Mounting plugin OpenXR
LogPluginManager: Mounting plugin ProceduralMeshComponent
LogPluginManager: Mounting plugin PostSplashScreen
LogPluginManager: Mounting plugin OpenXRHandTracking
LogPluginManager: Mounting plugin PhysXVehicles
LogPluginManager: Mounting plugin PropertyAccessEditor
LogPluginManager: Mounting plugin SignificanceManager
LogPluginManager: Mounting plugin SoundFields
LogPluginManager: Mounting plugin RuntimePhysXCooking
LogPluginManager: Mounting plugin Synthesis
LogPluginManager: Mounting plugin WebMMoviePlayer
LogPluginManager: Mounting plugin WindowsMoviePlayer
LogPluginManager: Mounting plugin ScreenshotTools
LogPluginManager: Mounting plugin Takes
LogPluginManager: Mounting plugin ContentBrowserAssetDataSource
LogPluginManager: Mounting plugin ContentBrowserClassDataSource
LogPluginManager: Mounting plugin ContentBrowserFileDataSource
LogPluginManager: Mounting plugin OnlineSubsystemIOS
LogPluginManager: Mounting plugin OnlineSubsystemGooglePlay
LogPluginManager: Mounting plugin OculusVR
LogPluginManager: Mounting plugin SteamVR
PixWinPlugin: PIX capture plugin failed to initialize! Check that the process is launched from PIX.
LogInit: Using libcurl 7.55.1-DEV
LogInit:  - built for x86_64-pc-win32
LogInit:  - supports SSL with OpenSSL/1.1.1
LogInit:  - supports HTTP deflate (compression) using libz 1.2.8
LogInit:  - other features:
LogInit:      CURL_VERSION_SSL
LogInit:      CURL_VERSION_LIBZ
LogInit:      CURL_VERSION_IPV6
LogInit:      CURL_VERSION_ASYNCHDNS
LogInit:      CURL_VERSION_LARGEFILE
LogInit:      CURL_VERSION_IDN
LogInit:  CurlRequestOptions (configurable via config and command line):
LogInit:  - bVerifyPeer = true  - Libcurl will verify peer certificate
LogInit:  - bUseHttpProxy = false  - Libcurl will NOT use HTTP proxy
LogInit:  - bDontReuseConnections = false  - Libcurl will reuse connections
LogInit:  - MaxHostConnections = 16  - Libcurl will limit the number of connections to a host
LogInit:  - LocalHostAddr = Default
LogInit:  - BufferSize = 65536
LogOnline: OSS: Creating online subsystem instance for: NULL
LogInit: WinSock: version 1.1 (2.2), MaxSocks=32767, MaxUdp=65467
LogOnline: OSS: TryLoadSubsystemAndSetDefault: Loaded subsystem for module [NULL]
LogOculusPluginWrapper: OculusPlugin initialized successfully
LogHMD: Failed initializing OVRPlugin 1.59.0
LogInit: Build: ++UE4+Release-4.27-CL-18319896
LogInit: Engine Version: 4.27.2-18319896+++UE4+Release-4.27
LogInit: Compatible Engine Version: 4.27.0-17155196+++UE4+Release-4.27
LogInit: Net CL: 17155196
LogInit: OS: Windows 10 (Release 2009) (), CPU: 13th Gen Intel(R) Core(TM) i7-13700KF, GPU: NVIDIA GeForce RTX 4070
LogInit: Compiled (64-bit): Nov 30 2021 07:12:08
LogInit: Compiled with Visual C++: 19.24.28315.00
LogInit: Build Configuration: DebugGame
LogInit: Branch Name: ++UE4+Release-4.27
LogInit: Command Line:  /Game/Level/TestLevel -game -PIEVIACONSOLE -Multiprocess GameUserSettingsINI=D:/EpicGames/Demo/ActionRoguelike/Saved/Config/Windows/PIEGameUserSettings0.ini -MultiprocessSaveConfig -forcepassthrough -messaging -SessionName="Play in Standalone Game" -featureleveles31 -faketouches -MultiprocessSaveConfig -windowed -WinX=1257 -WinY=371 SAVEWINPOS=1 -ResX=1280 -ResY=720
LogInit: Base Directory: D:/Program Files/Epic Games/UE_4.27/Engine/Binaries/Win64/
LogInit: Allocator: TBB
LogInit: Installed Engine Build: 1
LogDevObjectVersion: Number of dev versions registered: 29
LogDevObjectVersion:   Dev-Blueprints (B0D832E4-1F89-4F0D-ACCF-7EB736FD4AA2): 10
LogDevObjectVersion:   Dev-Build (E1C64328-A22C-4D53-A36C-8E866417BD8C): 0
LogDevObjectVersion:   Dev-Core (375EC13C-06E4-48FB-B500-84F0262A717E): 4
LogDevObjectVersion:   Dev-Editor (E4B068ED-F494-42E9-A231-DA0B2E46BB41): 40
LogDevObjectVersion:   Dev-Framework (CFFC743F-43B0-4480-9391-14DF171D2073): 37
LogDevObjectVersion:   Dev-Mobile (B02B49B5-BB20-44E9-A304-32B752E40360): 3
LogDevObjectVersion:   Dev-Networking (A4E4105C-59A1-49B5-A7C5-40C4547EDFEE): 0
LogDevObjectVersion:   Dev-Online (39C831C9-5AE6-47DC-9A44-9C173E1C8E7C): 0
LogDevObjectVersion:   Dev-Physics (78F01B33-EBEA-4F98-B9B4-84EACCB95AA2): 14
LogDevObjectVersion:   Dev-Platform (6631380F-2D4D-43E0-8009-CF276956A95A): 0
LogDevObjectVersion:   Dev-Rendering (12F88B9F-8875-4AFC-A67C-D90C383ABD29): 45
LogDevObjectVersion:   Dev-Sequencer (7B5AE74C-D270-4C10-A958-57980B212A5A): 13
LogDevObjectVersion:   Dev-VR (D7296918-1DD6-4BDD-9DE2-64A83CC13884): 3
LogDevObjectVersion:   Dev-LoadTimes (C2A15278-BFE7-4AFE-6C17-90FF531DF755): 1
LogDevObjectVersion:   Private-Geometry (6EACA3D4-40EC-4CC1-B786-8BED09428FC5): 3
LogDevObjectVersion:   Dev-AnimPhys (29E575DD-E0A3-4627-9D10-D276232CDCEA): 17
LogDevObjectVersion:   Dev-Anim (AF43A65D-7FD3-4947-9873-3E8ED9C1BB05): 15
LogDevObjectVersion:   Dev-ReflectionCapture (6B266CEC-1EC7-4B8F-A30B-E4D90942FC07): 1
LogDevObjectVersion:   Dev-Automation (0DF73D61-A23F-47EA-B727-89E90C41499A): 1
LogDevObjectVersion:   FortniteMain (601D1886-AC64-4F84-AA16-D3DE0DEAC7D6): 47
LogDevObjectVersion:   FortniteRelease (E7086368-6B23-4C58-8439-1B7016265E91): 1
LogDevObjectVersion:   Dev-Enterprise (9DFFBCD6-494F-0158-E221-12823C92A888): 10
LogDevObjectVersion:   Dev-Niagara (F2AED0AC-9AFE-416F-8664-AA7FFA26D6FC): 1
LogDevObjectVersion:   Dev-Destruction (174F1F0B-B4C6-45A5-B13F-2EE8D0FB917D): 10
LogDevObjectVersion:   Dev-Physics-Ext (35F94A83-E258-406C-A318-09F59610247C): 41
LogDevObjectVersion:   Dev-PhysicsMaterial-Chaos (B68FC16E-8B1B-42E2-B453-215C058844FE): 1
LogDevObjectVersion:   Dev-CineCamera (B2E18506-4273-CFC2-A54E-F4BB758BBA07): 1
LogDevObjectVersion:   Dev-VirtualProduction (64F58936-FD1B-42BA-BA96-7289D5D0FA4E): 1
LogDevObjectVersion:   Dev-MediaFramework (6F0ED827-A609-4895-9C91-998D90180EA4): 2
LogInit: Presizing for max 25165824 objects, including 0 objects not considered by GC, pre-allocating 0 bytes for permanent pool.
LogConfig: Applying CVar settings from Section [/Script/Engine.StreamingSettings] File [D:/EpicGames/Demo/ActionRoguelike/Saved/Config/Windows/Engine.ini]
LogConfig: Setting CVar [[s.MinBulkDataSizeForAsyncLoading:131072]]
LogConfig: Setting CVar [[s.AsyncLoadingThreadEnabled:0]]
LogConfig: Setting CVar [[s.EventDrivenLoaderEnabled:1]]
LogConfig: Setting CVar [[s.WarnIfTimeLimitExceeded:0]]
LogConfig: Setting CVar [[s.TimeLimitExceededMultiplier:1.5]]
LogConfig: Setting CVar [[s.TimeLimitExceededMinTime:0.005]]
LogConfig: Setting CVar [[s.UseBackgroundLevelStreaming:1]]
LogConfig: Setting CVar [[s.PriorityAsyncLoadingExtraTime:15.0]]
LogConfig: Setting CVar [[s.LevelStreamingActorsUpdateTimeLimit:5.0]]
LogConfig: Setting CVar [[s.PriorityLevelStreamingActorsUpdateExtraTime:5.0]]
LogConfig: Setting CVar [[s.LevelStreamingComponentsRegistrationGranularity:10]]
LogConfig: Setting CVar [[s.UnregisterComponentsTimeLimit:1.0]]
LogConfig: Setting CVar [[s.LevelStreamingComponentsUnregistrationGranularity:5]]
LogConfig: Setting CVar [[s.FlushStreamingOnExit:1]]
LogInit: Object subsystem initialized
LogConfig: Setting CVar [[con.DebugEarlyDefault:1]]
LogConfig: Setting CVar [[r.setres:1280x720]]
[2023.06.07-06.01.58:824][  0]LogConfig: Setting CVar [[con.DebugEarlyDefault:1]]
[2023.06.07-06.01.58:824][  0]LogConfig: Setting CVar [[r.setres:1280x720]]
[2023.06.07-06.01.58:824][  0]LogConfig: Applying CVar settings from Section [/Script/Engine.RendererSettings] File [D:/EpicGames/Demo/ActionRoguelike/Saved/Config/Windows/Engine.ini]
[2023.06.07-06.01.58:824][  0]LogConfig: Setting CVar [[r.GPUCrashDebugging:0]]
[2023.06.07-06.01.58:824][  0]LogConfig: Applying CVar settings from Section [/Script/Engine.RendererOverrideSettings] File [D:/EpicGames/Demo/ActionRoguelike/Saved/Config/Windows/Engine.ini]
[2023.06.07-06.01.58:824][  0]LogConfig: Applying CVar settings from Section [/Script/Engine.StreamingSettings] File [D:/EpicGames/Demo/ActionRoguelike/Saved/Config/Windows/Engine.ini]
[2023.06.07-06.01.58:824][  0]LogConfig: Setting CVar [[s.MinBulkDataSizeForAsyncLoading:131072]]
[2023.06.07-06.01.58:824][  0]LogConfig: Setting CVar [[s.AsyncLoadingThreadEnabled:0]]
[2023.06.07-06.01.58:824][  0]LogConfig: Setting CVar [[s.EventDrivenLoaderEnabled:1]]
[2023.06.07-06.01.58:824][  0]LogConfig: Setting CVar [[s.WarnIfTimeLimitExceeded:0]]
[2023.06.07-06.01.58:824][  0]LogConfig: Setting CVar [[s.TimeLimitExceededMultiplier:1.5]]
[2023.06.07-06.01.58:824][  0]LogConfig: Setting CVar [[s.TimeLimitExceededMinTime:0.005]]
[2023.06.07-06.01.58:824][  0]LogConfig: Setting CVar [[s.UseBackgroundLevelStreaming:1]]
[2023.06.07-06.01.58:824][  0]LogConfig: Setting CVar [[s.PriorityAsyncLoadingExtraTime:15.0]]
[2023.06.07-06.01.58:824][  0]LogConfig: Setting CVar [[s.LevelStreamingActorsUpdateTimeLimit:5.0]]
[2023.06.07-06.01.58:824][  0]LogConfig: Setting CVar [[s.PriorityLevelStreamingActorsUpdateExtraTime:5.0]]
[2023.06.07-06.01.58:824][  0]LogConfig: Setting CVar [[s.LevelStreamingComponentsRegistrationGranularity:10]]
[2023.06.07-06.01.58:824][  0]LogConfig: Setting CVar [[s.UnregisterComponentsTimeLimit:1.0]]
[2023.06.07-06.01.58:824][  0]LogConfig: Setting CVar [[s.LevelStreamingComponentsUnregistrationGranularity:5]]
[2023.06.07-06.01.58:824][  0]LogConfig: Setting CVar [[s.FlushStreamingOnExit:1]]
[2023.06.07-06.01.58:824][  0]LogConfig: Applying CVar settings from Section [/Script/Engine.GarbageCollectionSettings] File [D:/EpicGames/Demo/ActionRoguelike/Saved/Config/Windows/Engine.ini]
[2023.06.07-06.01.58:824][  0]LogConfig: Setting CVar [[gc.MaxObjectsNotConsideredByGC:1]]
[2023.06.07-06.01.58:824][  0]LogConfig: Setting CVar [[gc.SizeOfPermanentObjectPool:0]]
[2023.06.07-06.01.58:824][  0]LogConfig: Setting CVar [[gc.FlushStreamingOnGC:0]]
[2023.06.07-06.01.58:824][  0]LogConfig: Setting CVar [[gc.NumRetriesBeforeForcingGC:10]]
[2023.06.07-06.01.58:824][  0]LogConfig: Setting CVar [[gc.AllowParallelGC:1]]
[2023.06.07-06.01.58:824][  0]LogConfig: Setting CVar [[gc.TimeBetweenPurgingPendingKillObjects:61.1]]
[2023.06.07-06.01.58:824][  0]LogConfig: Setting CVar [[gc.MaxObjectsInEditor:25165824]]
[2023.06.07-06.01.58:824][  0]LogConfig: Setting CVar [[gc.IncrementalBeginDestroyEnabled:1]]
[2023.06.07-06.01.58:824][  0]LogConfig: Setting CVar [[gc.CreateGCClusters:1]]
[2023.06.07-06.01.58:824][  0]LogConfig: Setting CVar [[gc.MinGCClusterSize:5]]
[2023.06.07-06.01.58:824][  0]LogConfig: Setting CVar [[gc.ActorClusteringEnabled:0]]
[2023.06.07-06.01.58:824][  0]LogConfig: Setting CVar [[gc.BlueprintClusteringEnabled:0]]
[2023.06.07-06.01.58:824][  0]LogConfig: Setting CVar [[gc.UseDisregardForGCOnDedicatedServers:0]]
[2023.06.07-06.01.58:824][  0]LogConfig: Setting CVar [[gc.MultithreadedDestructionEnabled:1]]
[2023.06.07-06.01.58:824][  0]LogConfig: Applying CVar settings from Section [/Script/Engine.NetworkSettings] File [D:/EpicGames/Demo/ActionRoguelike/Saved/Config/Windows/Engine.ini]
[2023.06.07-06.01.58:824][  0]LogConfig: Applying CVar settings from Section [/Script/UnrealEd.CookerSettings] File [D:/EpicGames/Demo/ActionRoguelike/Saved/Config/Windows/Engine.ini]
[2023.06.07-06.01.58:827][  0]LogConfig: Applying CVar settings from Section [ViewDistanceQuality@3] File [D:/EpicGames/Demo/ActionRoguelike/Saved/Config/Windows/Scalability.ini]
[2023.06.07-06.01.58:827][  0]LogConfig: Setting CVar [[r.SkeletalMeshLODBias:0]]
[2023.06.07-06.01.58:827][  0]LogConfig: Setting CVar [[r.ViewDistanceScale:1.0]]
[2023.06.07-06.01.58:827][  0]LogConfig: Applying CVar settings from Section [AntiAliasingQuality@3] File [D:/EpicGames/Demo/ActionRoguelike/Saved/Config/Windows/Scalability.ini]
[2023.06.07-06.01.58:827][  0]LogConfig: Setting CVar [[r.PostProcessAAQuality:4]]
[2023.06.07-06.01.58:827][  0]LogConfig: Applying CVar settings from Section [ShadowQuality@3] File [D:/EpicGames/Demo/ActionRoguelike/Saved/Config/Windows/Scalability.ini]
[2023.06.07-06.01.58:827][  0]LogConfig: Setting CVar [[r.LightFunctionQuality:1]]
[2023.06.07-06.01.58:827][  0]LogConfig: Setting CVar [[r.ShadowQuality:5]]
[2023.06.07-06.01.58:827][  0]LogConfig: Setting CVar [[r.Shadow.CSM.MaxCascades:10]]
[2023.06.07-06.01.58:827][  0]LogConfig: Setting CVar [[r.Shadow.MaxResolution:2048]]
[2023.06.07-06.01.58:827][  0]LogConfig: Setting CVar [[r.Shadow.MaxCSMResolution:2048]]
[2023.06.07-06.01.58:827][  0]LogConfig: Setting CVar [[r.Shadow.RadiusThreshold:0.01]]
[2023.06.07-06.01.58:827][  0]LogConfig: Setting CVar [[r.Shadow.DistanceScale:1.0]]
[2023.06.07-06.01.58:827][  0]LogConfig: Setting CVar [[r.Shadow.CSM.TransitionScale:1.0]]
[2023.06.07-06.01.58:827][  0]LogConfig: Setting CVar [[r.Shadow.PreShadowResolutionFactor:1.0]]
[2023.06.07-06.01.58:827][  0]LogConfig: Setting CVar [[r.DistanceFieldShadowing:1]]
[2023.06.07-06.01.58:827][  0]LogConfig: Setting CVar [[r.DistanceFieldAO:1]]
[2023.06.07-06.01.58:827][  0]LogConfig: Setting CVar [[r.AOQuality:2]]
[2023.06.07-06.01.58:827][  0]LogConfig: Setting CVar [[r.VolumetricFog:1]]
[2023.06.07-06.01.58:827][  0]LogConfig: Setting CVar [[r.VolumetricFog.GridPixelSize:8]]
[2023.06.07-06.01.58:827][  0]LogConfig: Setting CVar [[r.VolumetricFog.GridSizeZ:128]]
[2023.06.07-06.01.58:827][  0]LogConfig: Setting CVar [[r.VolumetricFog.HistoryMissSupersampleCount:4]]
[2023.06.07-06.01.58:827][  0]LogConfig: Setting CVar [[r.LightMaxDrawDistanceScale:1]]
[2023.06.07-06.01.58:827][  0]LogConfig: Setting CVar [[r.CapsuleShadows:1]]
[2023.06.07-06.01.58:827][  0]LogConfig: Applying CVar settings from Section [PostProcessQuality@3] File [D:/EpicGames/Demo/ActionRoguelike/Saved/Config/Windows/Scalability.ini]
[2023.06.07-06.01.58:827][  0]LogConfig: Setting CVar [[r.MotionBlurQuality:4]]
[2023.06.07-06.01.58:827][  0]LogConfig: Setting CVar [[r.AmbientOcclusionMipLevelFactor:0.4]]
[2023.06.07-06.01.58:827][  0]LogConfig: Setting CVar [[r.AmbientOcclusionMaxQuality:100]]
[2023.06.07-06.01.58:827][  0]LogConfig: Setting CVar [[r.AmbientOcclusionLevels:-1]]
[2023.06.07-06.01.58:827][  0]LogConfig: Setting CVar [[r.AmbientOcclusionRadiusScale:1.0]]
[2023.06.07-06.01.58:827][  0]LogConfig: Setting CVar [[r.DepthOfFieldQuality:2]]
[2023.06.07-06.01.58:827][  0]LogConfig: Setting CVar [[r.RenderTargetPoolMin:400]]
[2023.06.07-06.01.58:827][  0]LogConfig: Setting CVar [[r.LensFlareQuality:2]]
[2023.06.07-06.01.58:827][  0]LogConfig: Setting CVar [[r.SceneColorFringeQuality:1]]
[2023.06.07-06.01.58:827][  0]LogConfig: Setting CVar [[r.EyeAdaptationQuality:2]]
[2023.06.07-06.01.58:827][  0]LogConfig: Setting CVar [[r.BloomQuality:5]]
[2023.06.07-06.01.58:827][  0]LogConfig: Setting CVar [[r.FastBlurThreshold:100]]
[2023.06.07-06.01.58:827][  0]LogConfig: Setting CVar [[r.Upscale.Quality:3]]
[2023.06.07-06.01.58:827][  0]LogConfig: Setting CVar [[r.Tonemapper.GrainQuantization:1]]
[2023.06.07-06.01.58:827][  0]LogConfig: Setting CVar [[r.LightShaftQuality:1]]
[2023.06.07-06.01.58:827][  0]LogConfig: Setting CVar [[r.Filter.SizeScale:1]]
[2023.06.07-06.01.58:827][  0]LogConfig: Setting CVar [[r.Tonemapper.Quality:5]]
[2023.06.07-06.01.58:827][  0]LogConfig: Setting CVar [[r.DOF.Gather.AccumulatorQuality:1        ; higher gathering accumulator quality]]
[2023.06.07-06.01.58:827][  0]LogConfig: Setting CVar [[r.DOF.Gather.PostfilterMethod:1          ; Median3x3 postfilering method]]
[2023.06.07-06.01.58:827][  0]LogConfig: Setting CVar [[r.DOF.Gather.EnableBokehSettings:0       ; no bokeh simulation when gathering]]
[2023.06.07-06.01.58:827][  0]LogConfig: Setting CVar [[r.DOF.Gather.RingCount:4                 ; medium number of samples when gathering]]
[2023.06.07-06.01.58:827][  0]LogConfig: Setting CVar [[r.DOF.Scatter.ForegroundCompositing:1    ; additive foreground scattering]]
[2023.06.07-06.01.58:827][  0]LogConfig: Setting CVar [[r.DOF.Scatter.BackgroundCompositing:2    ; additive background scattering]]
[2023.06.07-06.01.58:827][  0]LogConfig: Setting CVar [[r.DOF.Scatter.EnableBokehSettings:1      ; bokeh simulation when scattering]]
[2023.06.07-06.01.58:827][  0]LogConfig: Setting CVar [[r.DOF.Scatter.MaxSpriteRatio:0.1         ; only a maximum of 10% of scattered bokeh]]
[2023.06.07-06.01.58:827][  0]LogConfig: Setting CVar [[r.DOF.Recombine.Quality:1                ; cheap slight out of focus]]
[2023.06.07-06.01.58:827][  0]LogConfig: Setting CVar [[r.DOF.Recombine.EnableBokehSettings:0    ; no bokeh simulation on slight out of focus]]
[2023.06.07-06.01.58:827][  0]LogConfig: Setting CVar [[r.DOF.TemporalAAQuality:1                ; more stable temporal accumulation]]
[2023.06.07-06.01.58:827][  0]LogConfig: Setting CVar [[r.DOF.Kernel.MaxForegroundRadius:0.025]]
[2023.06.07-06.01.58:827][  0]LogConfig: Setting CVar [[r.DOF.Kernel.MaxBackgroundRadius:0.025]]
[2023.06.07-06.01.58:827][  0]LogConfig: Applying CVar settings from Section [TextureQuality@3] File [D:/EpicGames/Demo/ActionRoguelike/Saved/Config/Windows/Scalability.ini]
[2023.06.07-06.01.58:827][  0]LogConfig: Setting CVar [[r.Streaming.MipBias:0]]
[2023.06.07-06.01.58:827][  0]LogConfig: Setting CVar [[r.Streaming.AmortizeCPUToGPUCopy:0]]
[2023.06.07-06.01.58:827][  0]LogConfig: Setting CVar [[r.Streaming.MaxNumTexturesToStreamPerFrame:0]]
[2023.06.07-06.01.58:827][  0]LogConfig: Setting CVar [[r.Streaming.Boost:1]]
[2023.06.07-06.01.58:827][  0]LogConfig: Setting CVar [[r.MaxAnisotropy:8]]
[2023.06.07-06.01.58:827][  0]LogConfig: Setting CVar [[r.VT.MaxAnisotropy:8]]
[2023.06.07-06.01.58:827][  0]LogConfig: Setting CVar [[r.Streaming.LimitPoolSizeToVRAM:0]]
[2023.06.07-06.01.58:827][  0]LogConfig: Setting CVar [[r.Streaming.PoolSize:1000]]
[2023.06.07-06.01.58:827][  0]LogConfig: Setting CVar [[r.Streaming.MaxEffectiveScreenSize:0]]
[2023.06.07-06.01.58:827][  0]LogConfig: Applying CVar settings from Section [EffectsQuality@3] File [D:/EpicGames/Demo/ActionRoguelike/Saved/Config/Windows/Scalability.ini]
[2023.06.07-06.01.58:827][  0]LogConfig: Setting CVar [[r.TranslucencyLightingVolumeDim:64]]
[2023.06.07-06.01.58:827][  0]LogConfig: Setting CVar [[r.RefractionQuality:2]]
[2023.06.07-06.01.58:827][  0]LogConfig: Setting CVar [[r.SSR.Quality:3]]
[2023.06.07-06.01.58:827][  0]LogConfig: Setting CVar [[r.SSR.HalfResSceneColor:0]]
[2023.06.07-06.01.58:827][  0]LogConfig: Setting CVar [[r.SceneColorFormat:4]]
[2023.06.07-06.01.58:827][  0]LogConfig: Setting CVar [[r.DetailMode:2]]
[2023.06.07-06.01.58:827][  0]LogConfig: Setting CVar [[r.TranslucencyVolumeBlur:1]]
[2023.06.07-06.01.58:827][  0]LogConfig: Setting CVar [[r.MaterialQualityLevel:1 ; High quality]]
[2023.06.07-06.01.58:827][  0]LogConfig: Setting CVar [[r.AnisotropicMaterials:1]]
[2023.06.07-06.01.58:827][  0]LogConfig: Setting CVar [[r.SSS.Scale:1]]
[2023.06.07-06.01.58:827][  0]LogConfig: Setting CVar [[r.SSS.SampleSet:2]]
[2023.06.07-06.01.58:827][  0]LogConfig: Setting CVar [[r.SSS.Quality:1]]
[2023.06.07-06.01.58:827][  0]LogConfig: Setting CVar [[r.SSS.HalfRes:0]]
[2023.06.07-06.01.58:827][  0]LogConfig: Setting CVar [[r.SSGI.Quality:3]]
[2023.06.07-06.01.58:827][  0]LogConfig: Setting CVar [[r.EmitterSpawnRateScale:1.0]]
[2023.06.07-06.01.58:827][  0]LogConfig: Setting CVar [[r.ParticleLightQuality:2]]
[2023.06.07-06.01.58:827][  0]LogConfig: Setting CVar [[r.SkyAtmosphere.AerialPerspectiveLUT.FastApplyOnOpaque:1 ; Always have FastSkyLUT 1 in this case to avoid wrong sky]]
[2023.06.07-06.01.58:827][  0]LogConfig: Setting CVar [[r.SkyAtmosphere.AerialPerspectiveLUT.SampleCountMaxPerSlice:4]]
[2023.06.07-06.01.58:827][  0]LogConfig: Setting CVar [[r.SkyAtmosphere.AerialPerspectiveLUT.DepthResolution:16.0]]
[2023.06.07-06.01.58:827][  0]LogConfig: Setting CVar [[r.SkyAtmosphere.FastSkyLUT:1]]
[2023.06.07-06.01.58:827][  0]LogConfig: Setting CVar [[r.SkyAtmosphere.FastSkyLUT.SampleCountMin:4.0]]
[2023.06.07-06.01.58:827][  0]LogConfig: Setting CVar [[r.SkyAtmosphere.FastSkyLUT.SampleCountMax:128.0]]
[2023.06.07-06.01.58:827][  0]LogConfig: Setting CVar [[r.SkyAtmosphere.SampleCountMin:4.0]]
[2023.06.07-06.01.58:827][  0]LogConfig: Setting CVar [[r.SkyAtmosphere.SampleCountMax:128.0]]
[2023.06.07-06.01.58:827][  0]LogConfig: Setting CVar [[r.SkyAtmosphere.TransmittanceLUT.UseSmallFormat:0]]
[2023.06.07-06.01.58:827][  0]LogConfig: Setting CVar [[r.SkyAtmosphere.TransmittanceLUT.SampleCount:10.0]]
[2023.06.07-06.01.58:827][  0]LogConfig: Setting CVar [[r.SkyAtmosphere.MultiScatteringLUT.SampleCount:15.0]]
[2023.06.07-06.01.58:827][  0]LogConfig: Setting CVar [[r.SkyLight.RealTimeReflectionCapture:1]]
[2023.06.07-06.01.58:827][  0]LogConfig: Applying CVar settings from Section [FoliageQuality@3] File [D:/EpicGames/Demo/ActionRoguelike/Saved/Config/Windows/Scalability.ini]
[2023.06.07-06.01.58:827][  0]LogConfig: Setting CVar [[foliage.DensityScale:1.0]]
[2023.06.07-06.01.58:827][  0]LogConfig: Setting CVar [[grass.DensityScale:1.0]]
[2023.06.07-06.01.58:827][  0]LogConfig: Applying CVar settings from Section [ShadingQuality@3] File [D:/EpicGames/Demo/ActionRoguelike/Saved/Config/Windows/Scalability.ini]
[2023.06.07-06.01.58:827][  0]LogConfig: Setting CVar [[r.HairStrands.SkyLighting.IntegrationType:2]]
[2023.06.07-06.01.58:827][  0]LogConfig: Setting CVar [[r.HairStrands.SkyAO.SampleCount:4]]
[2023.06.07-06.01.58:827][  0]LogConfig: Setting CVar [[r.HairStrands.Visibility.MSAA.SamplePerPixel:4]]
[2023.06.07-06.01.58:827][  0]LogInit: Selected Device Profile: [Windows]
[2023.06.07-06.01.58:827][  0]LogInit: Applying CVar settings loaded from the selected device profile: [Windows]
[2023.06.07-06.01.58:827][  0]LogHAL: Display: Platform has ~ 16 GB [16888512512 / 17179869184 / 16], which maps to Larger [LargestMinGB=32, LargerMinGB=12, DefaultMinGB=8, SmallerMinGB=6, SmallestMinGB=0)
[2023.06.07-06.01.58:827][  0]LogInit: Going up to parent DeviceProfile []
[2023.06.07-06.01.58:827][  0]LogConfig: Applying CVar settings from Section [ViewDistanceQuality@3] File [D:/EpicGames/Demo/ActionRoguelike/Saved/Config/Windows/Scalability.ini]
[2023.06.07-06.01.58:827][  0]LogConfig: Setting CVar [[r.SkeletalMeshLODBias:0]]
[2023.06.07-06.01.58:827][  0]LogConfig: Setting CVar [[r.ViewDistanceScale:1.0]]
[2023.06.07-06.01.58:827][  0]LogConfig: Applying CVar settings from Section [AntiAliasingQuality@3] File [D:/EpicGames/Demo/ActionRoguelike/Saved/Config/Windows/Scalability.ini]
[2023.06.07-06.01.58:827][  0]LogConfig: Setting CVar [[r.PostProcessAAQuality:4]]
[2023.06.07-06.01.58:827][  0]LogConfig: Applying CVar settings from Section [ShadowQuality@3] File [D:/EpicGames/Demo/ActionRoguelike/Saved/Config/Windows/Scalability.ini]
[2023.06.07-06.01.58:827][  0]LogConfig: Setting CVar [[r.LightFunctionQuality:1]]
[2023.06.07-06.01.58:827][  0]LogConfig: Setting CVar [[r.ShadowQuality:5]]
[2023.06.07-06.01.58:827][  0]LogConfig: Setting CVar [[r.Shadow.CSM.MaxCascades:10]]
[2023.06.07-06.01.58:827][  0]LogConfig: Setting CVar [[r.Shadow.MaxResolution:2048]]
[2023.06.07-06.01.58:827][  0]LogConfig: Setting CVar [[r.Shadow.MaxCSMResolution:2048]]
[2023.06.07-06.01.58:827][  0]LogConfig: Setting CVar [[r.Shadow.RadiusThreshold:0.01]]
[2023.06.07-06.01.58:827][  0]LogConfig: Setting CVar [[r.Shadow.DistanceScale:1.0]]
[2023.06.07-06.01.58:827][  0]LogConfig: Setting CVar [[r.Shadow.CSM.TransitionScale:1.0]]
[2023.06.07-06.01.58:827][  0]LogConfig: Setting CVar [[r.Shadow.PreShadowResolutionFactor:1.0]]
[2023.06.07-06.01.58:827][  0]LogConfig: Setting CVar [[r.DistanceFieldShadowing:1]]
[2023.06.07-06.01.58:827][  0]LogConfig: Setting CVar [[r.DistanceFieldAO:1]]
[2023.06.07-06.01.58:827][  0]LogConfig: Setting CVar [[r.AOQuality:2]]
[2023.06.07-06.01.58:827][  0]LogConfig: Setting CVar [[r.VolumetricFog:1]]
[2023.06.07-06.01.58:827][  0]LogConfig: Setting CVar [[r.VolumetricFog.GridPixelSize:8]]
[2023.06.07-06.01.58:827][  0]LogConfig: Setting CVar [[r.VolumetricFog.GridSizeZ:128]]
[2023.06.07-06.01.58:827][  0]LogConfig: Setting CVar [[r.VolumetricFog.HistoryMissSupersampleCount:4]]
[2023.06.07-06.01.58:827][  0]LogConfig: Setting CVar [[r.LightMaxDrawDistanceScale:1]]
[2023.06.07-06.01.58:827][  0]LogConfig: Setting CVar [[r.CapsuleShadows:1]]
[2023.06.07-06.01.58:827][  0]LogConfig: Applying CVar settings from Section [PostProcessQuality@3] File [D:/EpicGames/Demo/ActionRoguelike/Saved/Config/Windows/Scalability.ini]
[2023.06.07-06.01.58:828][  0]LogConfig: Setting CVar [[r.MotionBlurQuality:4]]
[2023.06.07-06.01.58:828][  0]LogConfig: Setting CVar [[r.AmbientOcclusionMipLevelFactor:0.4]]
[2023.06.07-06.01.58:828][  0]LogConfig: Setting CVar [[r.AmbientOcclusionMaxQuality:100]]
[2023.06.07-06.01.58:828][  0]LogConfig: Setting CVar [[r.AmbientOcclusionLevels:-1]]
[2023.06.07-06.01.58:828][  0]LogConfig: Setting CVar [[r.AmbientOcclusionRadiusScale:1.0]]
[2023.06.07-06.01.58:828][  0]LogConfig: Setting CVar [[r.DepthOfFieldQuality:2]]
[2023.06.07-06.01.58:828][  0]LogConfig: Setting CVar [[r.RenderTargetPoolMin:400]]
[2023.06.07-06.01.58:828][  0]LogConfig: Setting CVar [[r.LensFlareQuality:2]]
[2023.06.07-06.01.58:828][  0]LogConfig: Setting CVar [[r.SceneColorFringeQuality:1]]
[2023.06.07-06.01.58:828][  0]LogConfig: Setting CVar [[r.EyeAdaptationQuality:2]]
[2023.06.07-06.01.58:828][  0]LogConfig: Setting CVar [[r.BloomQuality:5]]
[2023.06.07-06.01.58:828][  0]LogConfig: Setting CVar [[r.FastBlurThreshold:100]]
[2023.06.07-06.01.58:828][  0]LogConfig: Setting CVar [[r.Upscale.Quality:3]]
[2023.06.07-06.01.58:828][  0]LogConfig: Setting CVar [[r.Tonemapper.GrainQuantization:1]]
[2023.06.07-06.01.58:828][  0]LogConfig: Setting CVar [[r.LightShaftQuality:1]]
[2023.06.07-06.01.58:828][  0]LogConfig: Setting CVar [[r.Filter.SizeScale:1]]
[2023.06.07-06.01.58:828][  0]LogConfig: Setting CVar [[r.Tonemapper.Quality:5]]
[2023.06.07-06.01.58:828][  0]LogConfig: Setting CVar [[r.DOF.Gather.AccumulatorQuality:1        ; higher gathering accumulator quality]]
[2023.06.07-06.01.58:828][  0]LogConfig: Setting CVar [[r.DOF.Gather.PostfilterMethod:1          ; Median3x3 postfilering method]]
[2023.06.07-06.01.58:828][  0]LogConfig: Setting CVar [[r.DOF.Gather.EnableBokehSettings:0       ; no bokeh simulation when gathering]]
[2023.06.07-06.01.58:828][  0]LogConfig: Setting CVar [[r.DOF.Gather.RingCount:4                 ; medium number of samples when gathering]]
[2023.06.07-06.01.58:828][  0]LogConfig: Setting CVar [[r.DOF.Scatter.ForegroundCompositing:1    ; additive foreground scattering]]
[2023.06.07-06.01.58:828][  0]LogConfig: Setting CVar [[r.DOF.Scatter.BackgroundCompositing:2    ; additive background scattering]]
[2023.06.07-06.01.58:828][  0]LogConfig: Setting CVar [[r.DOF.Scatter.EnableBokehSettings:1      ; bokeh simulation when scattering]]
[2023.06.07-06.01.58:828][  0]LogConfig: Setting CVar [[r.DOF.Scatter.MaxSpriteRatio:0.1         ; only a maximum of 10% of scattered bokeh]]
[2023.06.07-06.01.58:828][  0]LogConfig: Setting CVar [[r.DOF.Recombine.Quality:1                ; cheap slight out of focus]]
[2023.06.07-06.01.58:828][  0]LogConfig: Setting CVar [[r.DOF.Recombine.EnableBokehSettings:0    ; no bokeh simulation on slight out of focus]]
[2023.06.07-06.01.58:828][  0]LogConfig: Setting CVar [[r.DOF.TemporalAAQuality:1                ; more stable temporal accumulation]]
[2023.06.07-06.01.58:828][  0]LogConfig: Setting CVar [[r.DOF.Kernel.MaxForegroundRadius:0.025]]
[2023.06.07-06.01.58:828][  0]LogConfig: Setting CVar [[r.DOF.Kernel.MaxBackgroundRadius:0.025]]
[2023.06.07-06.01.58:828][  0]LogConfig: Applying CVar settings from Section [TextureQuality@3] File [D:/EpicGames/Demo/ActionRoguelike/Saved/Config/Windows/Scalability.ini]
[2023.06.07-06.01.58:828][  0]LogConfig: Setting CVar [[r.Streaming.MipBias:0]]
[2023.06.07-06.01.58:828][  0]LogConfig: Setting CVar [[r.Streaming.AmortizeCPUToGPUCopy:0]]
[2023.06.07-06.01.58:828][  0]LogConfig: Setting CVar [[r.Streaming.MaxNumTexturesToStreamPerFrame:0]]
[2023.06.07-06.01.58:828][  0]LogConfig: Setting CVar [[r.Streaming.Boost:1]]
[2023.06.07-06.01.58:828][  0]LogConfig: Setting CVar [[r.MaxAnisotropy:8]]
[2023.06.07-06.01.58:828][  0]LogConfig: Setting CVar [[r.VT.MaxAnisotropy:8]]
[2023.06.07-06.01.58:828][  0]LogConfig: Setting CVar [[r.Streaming.LimitPoolSizeToVRAM:0]]
[2023.06.07-06.01.58:828][  0]LogConfig: Setting CVar [[r.Streaming.PoolSize:1000]]
[2023.06.07-06.01.58:828][  0]LogConfig: Setting CVar [[r.Streaming.MaxEffectiveScreenSize:0]]
[2023.06.07-06.01.58:828][  0]LogConfig: Applying CVar settings from Section [EffectsQuality@3] File [D:/EpicGames/Demo/ActionRoguelike/Saved/Config/Windows/Scalability.ini]
[2023.06.07-06.01.58:828][  0]LogConfig: Setting CVar [[r.TranslucencyLightingVolumeDim:64]]
[2023.06.07-06.01.58:828][  0]LogConfig: Setting CVar [[r.RefractionQuality:2]]
[2023.06.07-06.01.58:828][  0]LogConfig: Setting CVar [[r.SSR.Quality:3]]
[2023.06.07-06.01.58:828][  0]LogConfig: Setting CVar [[r.SSR.HalfResSceneColor:0]]
[2023.06.07-06.01.58:828][  0]LogConfig: Setting CVar [[r.SceneColorFormat:4]]
[2023.06.07-06.01.58:828][  0]LogConfig: Setting CVar [[r.DetailMode:2]]
[2023.06.07-06.01.58:828][  0]LogConfig: Setting CVar [[r.TranslucencyVolumeBlur:1]]
[2023.06.07-06.01.58:828][  0]LogConfig: Setting CVar [[r.MaterialQualityLevel:1 ; High quality]]
[2023.06.07-06.01.58:828][  0]LogConfig: Setting CVar [[r.AnisotropicMaterials:1]]
[2023.06.07-06.01.58:828][  0]LogConfig: Setting CVar [[r.SSS.Scale:1]]
[2023.06.07-06.01.58:828][  0]LogConfig: Setting CVar [[r.SSS.SampleSet:2]]
[2023.06.07-06.01.58:828][  0]LogConfig: Setting CVar [[r.SSS.Quality:1]]
[2023.06.07-06.01.58:828][  0]LogConfig: Setting CVar [[r.SSS.HalfRes:0]]
[2023.06.07-06.01.58:828][  0]LogConfig: Setting CVar [[r.SSGI.Quality:3]]
[2023.06.07-06.01.58:828][  0]LogConfig: Setting CVar [[r.EmitterSpawnRateScale:1.0]]
[2023.06.07-06.01.58:828][  0]LogConfig: Setting CVar [[r.ParticleLightQuality:2]]
[2023.06.07-06.01.58:828][  0]LogConfig: Setting CVar [[r.SkyAtmosphere.AerialPerspectiveLUT.FastApplyOnOpaque:1 ; Always have FastSkyLUT 1 in this case to avoid wrong sky]]
[2023.06.07-06.01.58:828][  0]LogConfig: Setting CVar [[r.SkyAtmosphere.AerialPerspectiveLUT.SampleCountMaxPerSlice:4]]
[2023.06.07-06.01.58:828][  0]LogConfig: Setting CVar [[r.SkyAtmosphere.AerialPerspectiveLUT.DepthResolution:16.0]]
[2023.06.07-06.01.58:828][  0]LogConfig: Setting CVar [[r.SkyAtmosphere.FastSkyLUT:1]]
[2023.06.07-06.01.58:828][  0]LogConfig: Setting CVar [[r.SkyAtmosphere.FastSkyLUT.SampleCountMin:4.0]]
[2023.06.07-06.01.58:828][  0]LogConfig: Setting CVar [[r.SkyAtmosphere.FastSkyLUT.SampleCountMax:128.0]]
[2023.06.07-06.01.58:828][  0]LogConfig: Setting CVar [[r.SkyAtmosphere.SampleCountMin:4.0]]
[2023.06.07-06.01.58:828][  0]LogConfig: Setting CVar [[r.SkyAtmosphere.SampleCountMax:128.0]]
[2023.06.07-06.01.58:828][  0]LogConfig: Setting CVar [[r.SkyAtmosphere.TransmittanceLUT.UseSmallFormat:0]]
[2023.06.07-06.01.58:828][  0]LogConfig: Setting CVar [[r.SkyAtmosphere.TransmittanceLUT.SampleCount:10.0]]
[2023.06.07-06.01.58:828][  0]LogConfig: Setting CVar [[r.SkyAtmosphere.MultiScatteringLUT.SampleCount:15.0]]
[2023.06.07-06.01.58:828][  0]LogConfig: Setting CVar [[r.SkyLight.RealTimeReflectionCapture:1]]
[2023.06.07-06.01.58:828][  0]LogConfig: Applying CVar settings from Section [FoliageQuality@3] File [D:/EpicGames/Demo/ActionRoguelike/Saved/Config/Windows/Scalability.ini]
[2023.06.07-06.01.58:828][  0]LogConfig: Setting CVar [[foliage.DensityScale:1.0]]
[2023.06.07-06.01.58:828][  0]LogConfig: Setting CVar [[grass.DensityScale:1.0]]
[2023.06.07-06.01.58:828][  0]LogConfig: Applying CVar settings from Section [ShadingQuality@3] File [D:/EpicGames/Demo/ActionRoguelike/Saved/Config/Windows/Scalability.ini]
[2023.06.07-06.01.58:828][  0]LogConfig: Setting CVar [[r.HairStrands.SkyLighting.IntegrationType:2]]
[2023.06.07-06.01.58:828][  0]LogConfig: Setting CVar [[r.HairStrands.SkyAO.SampleCount:4]]
[2023.06.07-06.01.58:828][  0]LogConfig: Setting CVar [[r.HairStrands.Visibility.MSAA.SamplePerPixel:4]]
[2023.06.07-06.01.58:828][  0]LogConfig: Applying CVar settings from Section [Startup] File [../../../Engine/Config/ConsoleVariables.ini]
[2023.06.07-06.01.58:828][  0]LogConfig: Setting CVar [[net.UseAdaptiveNetUpdateFrequency:0]]
[2023.06.07-06.01.58:828][  0]LogConfig: Setting CVar [[p.chaos.AllowCreatePhysxBodies:1]]
[2023.06.07-06.01.58:828][  0]LogConfig: Setting CVar [[fx.SkipVectorVMBackendOptimizations:1]]
[2023.06.07-06.01.58:828][  0]LogConfig: Applying CVar settings from Section [ConsoleVariables] File [D:/EpicGames/Demo/ActionRoguelike/Saved/Config/Windows/Engine.ini]
[2023.06.07-06.01.58:828][  0]LogConfig: Applying CVar settings from Section [ConsoleVariables] File [D:/EpicGames/Demo/ActionRoguelike/Saved/Config/Windows/Editor.ini]
[2023.06.07-06.01.58:828][  0]LogInit: Computer: 邓清泽
[2023.06.07-06.01.58:828][  0]LogInit: User: 源渋
[2023.06.07-06.01.58:828][  0]LogInit: CPU Page size=4096, Cores=16
[2023.06.07-06.01.58:828][  0]LogInit: High frequency timer resolution =10.000000 MHz
[2023.06.07-06.01.58:828][  0]LogMemory: Memory total: Physical=15.7GB (16GB approx)
[2023.06.07-06.01.58:828][  0]LogMemory: Platform Memory Stats for Windows
[2023.06.07-06.01.58:828][  0]LogMemory: Process Physical Memory: 152.39 MB used, 152.39 MB peak
[2023.06.07-06.01.58:828][  0]LogMemory: Process Virtual Memory: 126.40 MB used, 126.40 MB peak
[2023.06.07-06.01.58:828][  0]LogMemory: Physical Memory: 14502.88 MB used,  1603.27 MB free, 16106.14 MB total
[2023.06.07-06.01.58:828][  0]LogMemory: Virtual Memory: 134195472.00 MB used,  22259.54 MB free, 134217728.00 MB total
[2023.06.07-06.01.58:856][  0]LogWindows: WindowsPlatformFeatures enabled
[2023.06.07-06.01.58:896][  0]LogInit: Physics initialised using underlying interface: PhysX
[2023.06.07-06.01.58:896][  0]LogInit: Using OS detected language (zh-CN).
[2023.06.07-06.01.58:896][  0]LogInit: Using OS detected locale (zh-CN).
[2023.06.07-06.01.58:897][  0]LogTextLocalizationManager: No specific localization for 'zh-CN' exists, so the 'zh-Hans' localization will be used.
[2023.06.07-06.01.59:014][  0]LogTextLocalizationResource: LocRes '../../../Engine/Content/Localization/Editor/zh/Editor.locres' could not be opened for reading!
[2023.06.07-06.01.59:014][  0]LogTextLocalizationResource: LocRes '../../../Engine/Content/Localization/EditorTutorials/zh/EditorTutorials.locres' could not be opened for reading!
[2023.06.07-06.01.59:014][  0]LogTextLocalizationResource: LocRes '../../../Engine/Content/Localization/Keywords/zh/Keywords.locres' could not be opened for reading!
[2023.06.07-06.01.59:014][  0]LogTextLocalizationResource: LocRes '../../../Engine/Content/Localization/Category/zh/Category.locres' could not be opened for reading!
[2023.06.07-06.01.59:014][  0]LogTextLocalizationResource: LocRes '../../../Engine/Content/Localization/ToolTips/zh/ToolTips.locres' could not be opened for reading!
[2023.06.07-06.01.59:014][  0]LogTextLocalizationResource: LocRes '../../../Engine/Content/Localization/PropertyNames/zh/PropertyNames.locres' could not be opened for reading!
[2023.06.07-06.01.59:014][  0]LogTextLocalizationResource: LocRes '../../../Engine/Content/Localization/Engine/zh/Engine.locres' could not be opened for reading!
[2023.06.07-06.01.59:014][  0]LogTextLocalizationResource: LocRes '../../../Engine/Plugins/Online/OnlineSubsystem/Content/Localization/OnlineSubsystem/zh/OnlineSubsystem.locres' could not be opened for reading!
[2023.06.07-06.01.59:014][  0]LogTextLocalizationResource: LocRes '../../../Engine/Plugins/Online/OnlineSubsystemUtils/Content/Localization/OnlineSubsystemUtils/zh/OnlineSubsystemUtils.locres' could not be opened for reading!
[2023.06.07-06.01.59:014][  0]LogTextLocalizationResource: LocRes '../../../Engine/Plugins/Online/IOS/OnlineSubsystemIOS/Content/Localization/OnlineSubsystemIOS/zh/OnlineSubsystemIOS.locres' could not be opened for reading!
[2023.06.07-06.01.59:014][  0]LogTextLocalizationResource: LocRes '../../../Engine/Plugins/Online/Android/OnlineSubsystemGooglePlay/Content/Localization/OnlineSubsystemGooglePlay/zh/OnlineSubsystemGooglePlay.locres' could not be opened for reading!
[2023.06.07-06.01.59:048][  0]LogWindowsTextInputMethodSystem: Display: IME system deactivated.
[2023.06.07-06.01.59:062][  0]LogSlate: New Slate User Created.  User Index 0, Is Virtual User: 0
[2023.06.07-06.01.59:062][  0]LogSlate: Slate User Registered.  User Index 0, Is Virtual User: 0
[2023.06.07-06.01.59:070][  0]LogD3D11RHI: Loaded GFSDK_Aftermath_Lib.x64.dll
[2023.06.07-06.01.59:074][  0]LogHMD: Failed to initialize OpenVR with code 110
[2023.06.07-06.01.59:074][  0]LogD3D11RHI: D3D11 min allowed feature level: 11_0
[2023.06.07-06.01.59:074][  0]LogD3D11RHI: D3D11 max allowed feature level: 11_0
[2023.06.07-06.01.59:074][  0]LogD3D11RHI: D3D11 adapters:
[2023.06.07-06.01.59:172][  0]LogD3D11RHI:    0. 'NVIDIA GeForce RTX 4070' (Feature Level 11_0)
[2023.06.07-06.01.59:172][  0]LogD3D11RHI:       12026/0/8053 MB DedicatedVideo/DedicatedSystem/SharedSystem, Outputs:1, VendorId:0x10de
[2023.06.07-06.01.59:175][  0]LogD3D11RHI:    1. 'Microsoft Basic Render Driver' (Feature Level 11_0)
[2023.06.07-06.01.59:175][  0]LogD3D11RHI:       0/0/8053 MB DedicatedVideo/DedicatedSystem/SharedSystem, Outputs:0, VendorId:0x1414
[2023.06.07-06.01.59:175][  0]LogD3D11RHI: Chosen D3D11 Adapter:
[2023.06.07-06.01.59:175][  0]LogD3D11RHI:     Description : NVIDIA GeForce RTX 4070
[2023.06.07-06.01.59:175][  0]LogD3D11RHI:     VendorId    : 10de
[2023.06.07-06.01.59:175][  0]LogD3D11RHI:     DeviceId    : 2786
[2023.06.07-06.01.59:175][  0]LogD3D11RHI:     SubSysId    : 513b17aa
[2023.06.07-06.01.59:175][  0]LogD3D11RHI:     Revision    : 00a1
[2023.06.07-06.01.59:175][  0]LogD3D11RHI:     DedicatedVideoMemory : 12610174976 bytes
[2023.06.07-06.01.59:175][  0]LogD3D11RHI:     DedicatedSystemMemory : 0 bytes
[2023.06.07-06.01.59:175][  0]LogD3D11RHI:     SharedSystemMemory : 8444256256 bytes
[2023.06.07-06.01.59:175][  0]LogD3D11RHI:     AdapterLuid : 0 62944
[2023.06.07-06.01.59:182][  0]LogD3D11RHI: Creating new Direct3DDevice
[2023.06.07-06.01.59:182][  0]LogD3D11RHI:     GPU DeviceId: 0x2786 (for the marketing name, search the web for "GPU Device Id")
[2023.06.07-06.01.59:182][  0]LogWindows: EnumDisplayDevices:
[2023.06.07-06.01.59:182][  0]LogWindows:    0. 'NVIDIA GeForce RTX 4070' (P:1 D:1)
[2023.06.07-06.01.59:182][  0]LogWindows:    1. 'NVIDIA GeForce RTX 4070' (P:0 D:0)
[2023.06.07-06.01.59:182][  0]LogWindows:    2. 'NVIDIA GeForce RTX 4070' (P:0 D:0)
[2023.06.07-06.01.59:182][  0]LogWindows:    3. 'NVIDIA GeForce RTX 4070' (P:0 D:0)
[2023.06.07-06.01.59:182][  0]LogWindows: DebugString: FoundDriverCount:4 
[2023.06.07-06.01.59:182][  0]LogD3D11RHI:     Adapter Name: NVIDIA GeForce RTX 4070
[2023.06.07-06.01.59:182][  0]LogD3D11RHI:   Driver Version: 531.61 (internal:31.0.15.3161, unified:531.61)
[2023.06.07-06.01.59:182][  0]LogD3D11RHI:      Driver Date: 4-8-2023
[2023.06.07-06.01.59:183][  0]LogRHI: Texture pool is 8418 MB (70% of 12026 MB)
[2023.06.07-06.01.59:183][  0]LogD3D11RHI: Creating D3DDevice using adapter:
[2023.06.07-06.01.59:183][  0]LogD3D11RHI:     Description : NVIDIA GeForce RTX 4070
[2023.06.07-06.01.59:183][  0]LogD3D11RHI:     VendorId    : 10de
[2023.06.07-06.01.59:183][  0]LogD3D11RHI:     DeviceId    : 2786
[2023.06.07-06.01.59:183][  0]LogD3D11RHI:     SubSysId    : 513b17aa
[2023.06.07-06.01.59:183][  0]LogD3D11RHI:     Revision    : 00a1
[2023.06.07-06.01.59:183][  0]LogD3D11RHI:     DedicatedVideoMemory : 12610174976 bytes
[2023.06.07-06.01.59:183][  0]LogD3D11RHI:     DedicatedSystemMemory : 0 bytes
[2023.06.07-06.01.59:183][  0]LogD3D11RHI:     SharedSystemMemory : 8444256256 bytes
[2023.06.07-06.01.59:183][  0]LogD3D11RHI:     AdapterLuid : 0 62944
[2023.06.07-06.01.59:243][  0]LogD3D11RHI: RHI has support for 64 bit atomics
[2023.06.07-06.01.59:243][  0]LogD3D11RHI: Async texture creation enabled
[2023.06.07-06.01.59:243][  0]LogD3D11RHI: Array index from any shader is supported
[2023.06.07-06.01.59:259][  0]LogD3D11RHI: GPU Timing Frequency: 1000.000000 (Debug: 2 1)
[2023.06.07-06.01.59:286][  0]LogRHI: GeForceNow SDK initialized: 1
[2023.06.07-06.01.59:510][  0]LogTargetPlatformManager: Display: Loaded TargetPlatform 'WindowsNoEditor'
[2023.06.07-06.01.59:513][  0]LogTargetPlatformManager: Display: Loaded TargetPlatform 'Windows'
[2023.06.07-06.01.59:516][  0]LogTargetPlatformManager: Display: Loaded TargetPlatform 'WindowsClient'
[2023.06.07-06.01.59:520][  0]LogTargetPlatformManager: Display: Loaded TargetPlatform 'WindowsServer'
[2023.06.07-06.01.59:520][  0]LogTargetPlatformManager: Display: Building Assets For Windows
[2023.06.07-06.01.59:527][  0]LogAudioDebug: Display: Lib vorbis DLL was dynamically loaded.
[2023.06.07-06.01.59:550][  0]LogTextureFormatOodle: Display: Oodle Texture 2.9.0 init RDO Off
[2023.06.07-06.01.59:577][  0]LogRendererCore: Ray tracing is disabled. Reason: r.RayTracing=0.
[2023.06.07-06.01.59:577][  0]LogShaderCompilers: Guid format shader working directory is -5 characters bigger than the processId version (../../../../../../EpicGames/Demo/ActionRoguelike/Intermediate/Shaders/WorkingDirectory/8152/).
[2023.06.07-06.01.59:577][  0]LogShaderCompilers: Cleaned the shader compiler working directory 'C:/Users/源渋/AppData/Local/Temp/UnrealShaderWorkingDir/8DFF5D1049047323521BC5B3F8921899/'.
[2023.06.07-06.01.59:577][  0]LogXGEController: Cannot use XGE Controller as Incredibuild is not installed on this machine.
[2023.06.07-06.01.59:577][  0]LogShaderCompilers: Cannot use XGE Shader Compiler as Incredibuild is not installed on this machine.
[2023.06.07-06.01.59:577][  0]LogShaderCompilers: Display: Using Local Shader Compiler.
[2023.06.07-06.02.00:030][  0]LogDerivedDataCache: Display: Max Cache Size: 512 MB
[2023.06.07-06.02.00:095][  0]LogDerivedDataCache: Loaded boot cache 0.06s 94MB C:/Users/源渋/AppData/Local/UnrealEngine/4.27/DerivedDataCache/Boot.ddc.
[2023.06.07-06.02.00:095][  0]LogDerivedDataCache: Display: Loaded Boot cache: C:/Users/源渋/AppData/Local/UnrealEngine/4.27/DerivedDataCache/Boot.ddc
[2023.06.07-06.02.00:095][  0]LogDerivedDataCache: FDerivedDataBackendGraph:  Pak pak cache file ../../../../../../EpicGames/Demo/ActionRoguelike/DerivedDataCache/DDC.ddp not found, will not use a pak cache.
[2023.06.07-06.02.00:095][  0]LogDerivedDataCache: Unable to find inner node Pak for hierarchical cache Hierarchy.
[2023.06.07-06.02.00:095][  0]LogDerivedDataCache: FDerivedDataBackendGraph:  CompressedPak pak cache file ../../../../../../EpicGames/Demo/ActionRoguelike/DerivedDataCache/Compressed.ddp not found, will not use a pak cache.
[2023.06.07-06.02.00:095][  0]LogDerivedDataCache: Unable to find inner node CompressedPak for hierarchical cache Hierarchy.
[2023.06.07-06.02.00:106][  0]LogDerivedDataCache: Display: Pak cache opened for reading ../../../Engine/DerivedDataCache/Compressed.ddp.
[2023.06.07-06.02.00:106][  0]LogDerivedDataCache: FDerivedDataBackendGraph:  EnterprisePak pak cache file ../../../Enterprise/DerivedDataCache/Compressed.ddp not found, will not use a pak cache.
[2023.06.07-06.02.00:106][  0]LogDerivedDataCache: Unable to find inner node EnterprisePak for hierarchical cache Hierarchy.
[2023.06.07-06.02.00:112][  0]LogDerivedDataCache: Speed tests for C:/Users/源渋/AppData/Local/UnrealEngine/Common/DerivedDataCache took 0.01 seconds
[2023.06.07-06.02.00:112][  0]LogDerivedDataCache: Display: Performance to C:/Users/源渋/AppData/Local/UnrealEngine/Common/DerivedDataCache: Latency=0.01ms. RandomReadSpeed=376.59MBs, RandomWriteSpeed=244.75MBs. Assigned SpeedClass 'Local'
[2023.06.07-06.02.00:113][  0]LogDerivedDataCache: Using Local data cache path C:/Users/源渋/AppData/Local/UnrealEngine/Common/DerivedDataCache: Writable
[2023.06.07-06.02.00:113][  0]LogDerivedDataCache: Shared data cache path not found in *engine.ini, will not use an Shared cache.
[2023.06.07-06.02.00:113][  0]LogDerivedDataCache: Unable to find inner node Shared for hierarchical cache Hierarchy.
[2023.06.07-06.02.00:302][  0]LogShaderCompilers: Display: Submitted 690 shader compile jobs with 'High' priority
[2023.06.07-06.02.00:302][  0]LogSlate: Using FreeType 2.10.0
[2023.06.07-06.02.00:303][  0]LogSlate: SlateFontServices - WITH_FREETYPE: 1, WITH_HARFBUZZ: 1
[2023.06.07-06.02.00:856][  0]LogShaderCompilers: Display: Worker (1/21): shaders left to compile 690
[2023.06.07-06.02.00:856][  0]LogShaderCompilers: Display: Worker (2/21): shaders left to compile 680
[2023.06.07-06.02.00:856][  0]LogShaderCompilers: Display: Worker (3/21): shaders left to compile 670
[2023.06.07-06.02.00:856][  0]LogShaderCompilers: Display: Worker (4/21): shaders left to compile 660
[2023.06.07-06.02.00:856][  0]LogShaderCompilers: Display: Worker (5/21): shaders left to compile 650
[2023.06.07-06.02.00:856][  0]LogShaderCompilers: Display: Worker (6/21): shaders left to compile 640
[2023.06.07-06.02.00:856][  0]LogShaderCompilers: Display: Worker (7/21): shaders left to compile 630
[2023.06.07-06.02.00:856][  0]LogShaderCompilers: Display: Worker (8/21): shaders left to compile 620
[2023.06.07-06.02.00:856][  0]LogShaderCompilers: Display: Worker (9/21): shaders left to compile 610
[2023.06.07-06.02.00:856][  0]LogShaderCompilers: Display: Worker (10/21): shaders left to compile 600
[2023.06.07-06.02.00:856][  0]LogShaderCompilers: Display: Worker (11/21): shaders left to compile 590
[2023.06.07-06.02.00:856][  0]LogShaderCompilers: Display: Worker (12/21): shaders left to compile 580
[2023.06.07-06.02.00:856][  0]LogShaderCompilers: Display: Worker (13/21): shaders left to compile 570
[2023.06.07-06.02.00:856][  0]LogShaderCompilers: Display: Worker (14/21): shaders left to compile 560
[2023.06.07-06.02.00:856][  0]LogShaderCompilers: Display: Worker (15/21): shaders left to compile 550
[2023.06.07-06.02.00:856][  0]LogShaderCompilers: Display: Worker (16/21): shaders left to compile 540
[2023.06.07-06.02.00:856][  0]LogShaderCompilers: Display: Worker (17/21): shaders left to compile 530
[2023.06.07-06.02.00:856][  0]LogShaderCompilers: Display: Worker (18/21): shaders left to compile 520
[2023.06.07-06.02.00:856][  0]LogShaderCompilers: Display: Worker (19/21): shaders left to compile 510
[2023.06.07-06.02.00:856][  0]LogShaderCompilers: Display: Worker (20/21): shaders left to compile 500
[2023.06.07-06.02.00:856][  0]LogShaderCompilers: Display: Worker (21/21): shaders left to compile 490
[2023.06.07-06.02.00:856][  0]LogShaderCompilers: Display: Started 210 'Local' shader compile jobs with 'High' priority
[2023.06.07-06.02.01:937][  0]LogShaderCompilers: Display: Worker (1/21): shaders left to compile 480
[2023.06.07-06.02.01:937][  0]LogShaderCompilers: Display: Worker (2/21): shaders left to compile 470
[2023.06.07-06.02.01:937][  0]LogShaderCompilers: Display: Started 20 'Local' shader compile jobs with 'High' priority
[2023.06.07-06.02.01:937][  0]LogShaderCompilers: Display: Worker (3/21): shaders left to compile 460
[2023.06.07-06.02.01:937][  0]LogShaderCompilers: Display: Started 10 'Local' shader compile jobs with 'High' priority
[2023.06.07-06.02.01:937][  0]LogShaderCompilers: Display: Worker (11/21): shaders left to compile 450
[2023.06.07-06.02.01:937][  0]LogShaderCompilers: Display: Started 10 'Local' shader compile jobs with 'High' priority
[2023.06.07-06.02.01:937][  0]LogShaderCompilers: Display: Worker (8/21): shaders left to compile 440
[2023.06.07-06.02.01:937][  0]LogShaderCompilers: Display: Started 10 'Local' shader compile jobs with 'High' priority
[2023.06.07-06.02.01:937][  0]LogShaderCompilers: Display: Worker (14/21): shaders left to compile 430
[2023.06.07-06.02.01:937][  0]LogShaderCompilers: Display: Started 10 'Local' shader compile jobs with 'High' priority
[2023.06.07-06.02.01:937][  0]LogShaderCompilers: Display: Worker (9/21): shaders left to compile 420
[2023.06.07-06.02.01:937][  0]LogShaderCompilers: Display: Started 10 'Local' shader compile jobs with 'High' priority
[2023.06.07-06.02.01:937][  0]LogShaderCompilers: Display: Worker (4/21): shaders left to compile 410
[2023.06.07-06.02.01:937][  0]LogShaderCompilers: Display: Started 10 'Local' shader compile jobs with 'High' priority
[2023.06.07-06.02.01:937][  0]LogShaderCompilers: Display: Worker (6/21): shaders left to compile 400
[2023.06.07-06.02.01:937][  0]LogShaderCompilers: Display: Started 10 'Local' shader compile jobs with 'High' priority
[2023.06.07-06.02.01:937][  0]LogShaderCompilers: Display: Worker (12/21): shaders left to compile 390
[2023.06.07-06.02.01:937][  0]LogShaderCompilers: Display: Started 10 'Local' shader compile jobs with 'High' priority
[2023.06.07-06.02.01:937][  0]LogShaderCompilers: Display: Worker (5/21): shaders left to compile 380
[2023.06.07-06.02.01:937][  0]LogShaderCompilers: Display: Started 10 'Local' shader compile jobs with 'High' priority
[2023.06.07-06.02.01:937][  0]LogShaderCompilers: Display: Worker (10/21): shaders left to compile 370
[2023.06.07-06.02.01:937][  0]LogShaderCompilers: Display: Started 10 'Local' shader compile jobs with 'High' priority
[2023.06.07-06.02.01:937][  0]LogShaderCompilers: Display: Worker (13/21): shaders left to compile 360
[2023.06.07-06.02.01:937][  0]LogShaderCompilers: Display: Started 10 'Local' shader compile jobs with 'High' priority
[2023.06.07-06.02.01:937][  0]LogShaderCompilers: Display: Worker (7/21): shaders left to compile 350
[2023.06.07-06.02.01:937][  0]LogShaderCompilers: Display: Started 10 'Local' shader compile jobs with 'High' priority
[2023.06.07-06.02.01:937][  0]LogShaderCompilers: Display: Worker (15/21): shaders left to compile 340
[2023.06.07-06.02.01:937][  0]LogShaderCompilers: Display: Started 10 'Local' shader compile jobs with 'High' priority
[2023.06.07-06.02.01:937][  0]LogShaderCompilers: Display: Worker (20/21): shaders left to compile 330
[2023.06.07-06.02.01:937][  0]LogShaderCompilers: Display: Started 10 'Local' shader compile jobs with 'High' priority
[2023.06.07-06.02.01:937][  0]LogShaderCompilers: Display: Worker (18/21): shaders left to compile 320
[2023.06.07-06.02.01:937][  0]LogShaderCompilers: Display: Started 10 'Local' shader compile jobs with 'High' priority
[2023.06.07-06.02.02:478][  0]LogShaderCompilers: Display: Worker (21/21): shaders left to compile 310
[2023.06.07-06.02.02:478][  0]LogShaderCompilers: Display: Started 10 'Local' shader compile jobs with 'High' priority
[2023.06.07-06.02.02:478][  0]LogShaderCompilers: Display: Worker (19/21): shaders left to compile 300
[2023.06.07-06.02.02:478][  0]LogShaderCompilers: Display: Started 10 'Local' shader compile jobs with 'High' priority
[2023.06.07-06.02.02:478][  0]LogShaderCompilers: Display: Worker (16/21): shaders left to compile 290
[2023.06.07-06.02.02:478][  0]LogShaderCompilers: Display: Started 10 'Local' shader compile jobs with 'High' priority
[2023.06.07-06.02.02:478][  0]LogShaderCompilers: Display: Worker (3/21): shaders left to compile 280
[2023.06.07-06.02.02:478][  0]LogShaderCompilers: Display: Started 10 'Local' shader compile jobs with 'High' priority
[2023.06.07-06.02.02:478][  0]LogShaderCompilers: Display: Worker (2/21): shaders left to compile 270
[2023.06.07-06.02.02:478][  0]LogShaderCompilers: Display: Started 10 'Local' shader compile jobs with 'High' priority
[2023.06.07-06.02.02:478][  0]LogShaderCompilers: Display: Worker (1/21): shaders left to compile 260
[2023.06.07-06.02.02:478][  0]LogShaderCompilers: Display: Started 10 'Local' shader compile jobs with 'High' priority
[2023.06.07-06.02.02:478][  0]LogShaderCompilers: Display: Worker (15/21): shaders left to compile 250
[2023.06.07-06.02.02:478][  0]LogShaderCompilers: Display: Started 10 'Local' shader compile jobs with 'High' priority
[2023.06.07-06.02.02:478][  0]LogShaderCompilers: Display: Worker (9/21): shaders left to compile 240
[2023.06.07-06.02.02:478][  0]LogShaderCompilers: Display: Started 10 'Local' shader compile jobs with 'High' priority
[2023.06.07-06.02.02:478][  0]LogShaderCompilers: Display: Worker (18/21): shaders left to compile 230
[2023.06.07-06.02.02:478][  0]LogShaderCompilers: Display: Started 10 'Local' shader compile jobs with 'High' priority
[2023.06.07-06.02.02:478][  0]LogShaderCompilers: Display: Worker (20/21): shaders left to compile 220
[2023.06.07-06.02.02:478][  0]LogShaderCompilers: Display: Started 10 'Local' shader compile jobs with 'High' priority
[2023.06.07-06.02.02:478][  0]LogShaderCompilers: Display: Worker (21/21): shaders left to compile 210
[2023.06.07-06.02.02:478][  0]LogShaderCompilers: Display: Started 10 'Local' shader compile jobs with 'High' priority
[2023.06.07-06.02.02:478][  0]LogShaderCompilers: Display: Worker (7/21): shaders left to compile 200
[2023.06.07-06.02.02:478][  0]LogShaderCompilers: Display: Started 10 'Local' shader compile jobs with 'High' priority
[2023.06.07-06.02.02:478][  0]LogShaderCompilers: Display: Worker (4/21): shaders left to compile 190
[2023.06.07-06.02.02:478][  0]LogShaderCompilers: Display: Started 10 'Local' shader compile jobs with 'High' priority
[2023.06.07-06.02.03:020][  0]LogShaderCompilers: Display: Worker (12/21): shaders left to compile 180
[2023.06.07-06.02.03:020][  0]LogShaderCompilers: Display: Started 9 'Local' shader compile jobs with 'High' priority
[2023.06.07-06.02.03:020][  0]LogShaderCompilers: Display: Worker (5/21): shaders left to compile 171
[2023.06.07-06.02.03:020][  0]LogShaderCompilers: Display: Started 9 'Local' shader compile jobs with 'High' priority
[2023.06.07-06.02.03:020][  0]LogShaderCompilers: Display: Worker (14/21): shaders left to compile 162
[2023.06.07-06.02.03:020][  0]LogShaderCompilers: Display: Started 8 'Local' shader compile jobs with 'High' priority
[2023.06.07-06.02.03:020][  0]LogShaderCompilers: Display: Worker (10/21): shaders left to compile 154
[2023.06.07-06.02.03:020][  0]LogShaderCompilers: Display: Started 8 'Local' shader compile jobs with 'High' priority
[2023.06.07-06.02.03:020][  0]LogShaderCompilers: Display: Worker (13/21): shaders left to compile 146
[2023.06.07-06.02.03:020][  0]LogShaderCompilers: Display: Started 7 'Local' shader compile jobs with 'High' priority
[2023.06.07-06.02.03:020][  0]LogShaderCompilers: Display: Worker (6/21): shaders left to compile 139
[2023.06.07-06.02.03:020][  0]LogShaderCompilers: Display: Started 7 'Local' shader compile jobs with 'High' priority
[2023.06.07-06.02.03:020][  0]LogShaderCompilers: Display: Worker (8/21): shaders left to compile 132
[2023.06.07-06.02.03:020][  0]LogShaderCompilers: Display: Started 7 'Local' shader compile jobs with 'High' priority
[2023.06.07-06.02.03:020][  0]LogShaderCompilers: Display: Worker (2/21): shaders left to compile 125
[2023.06.07-06.02.03:020][  0]LogShaderCompilers: Display: Started 6 'Local' shader compile jobs with 'High' priority
[2023.06.07-06.02.03:020][  0]LogShaderCompilers: Display: Worker (16/21): shaders left to compile 119
[2023.06.07-06.02.03:020][  0]LogShaderCompilers: Display: Started 6 'Local' shader compile jobs with 'High' priority
[2023.06.07-06.02.03:020][  0]LogShaderCompilers: Display: Worker (3/21): shaders left to compile 113
[2023.06.07-06.02.03:020][  0]LogShaderCompilers: Display: Worker (19/21): shaders left to compile 107
[2023.06.07-06.02.03:020][  0]LogShaderCompilers: Display: Started 12 'Local' shader compile jobs with 'High' priority
[2023.06.07-06.02.03:563][  0]LogShaderCompilers: Display: Worker (17/21): shaders left to compile 101
[2023.06.07-06.02.03:563][  0]LogShaderCompilers: Display: Started 5 'Local' shader compile jobs with 'High' priority
[2023.06.07-06.02.03:563][  0]LogShaderCompilers: Display: Worker (11/21): shaders left to compile 96
[2023.06.07-06.02.03:563][  0]LogShaderCompilers: Display: Started 5 'Local' shader compile jobs with 'High' priority
[2023.06.07-06.02.03:563][  0]LogShaderCompilers: Display: Worker (11/21): shaders left to compile 91
[2023.06.07-06.02.03:563][  0]LogShaderCompilers: Display: Started 5 'Local' shader compile jobs with 'High' priority
[2023.06.07-06.02.04:150][  0]LogShaderCompilers: Display: Worker (11/21): shaders left to compile 86
[2023.06.07-06.02.04:150][  0]LogShaderCompilers: Display: Started 5 'Local' shader compile jobs with 'High' priority
[2023.06.07-06.02.04:150][  0]LogShaderCompilers: Display: Worker (1/21): shaders left to compile 81
[2023.06.07-06.02.04:150][  0]LogShaderCompilers: Display: Started 4 'Local' shader compile jobs with 'High' priority
[2023.06.07-06.02.04:150][  0]LogShaderCompilers: Display: Worker (13/21): shaders left to compile 77
[2023.06.07-06.02.04:150][  0]LogShaderCompilers: Display: Started 4 'Local' shader compile jobs with 'High' priority
[2023.06.07-06.02.04:150][  0]LogShaderCompilers: Display: Worker (11/21): shaders left to compile 73
[2023.06.07-06.02.04:150][  0]LogShaderCompilers: Display: Started 4 'Local' shader compile jobs with 'High' priority
[2023.06.07-06.02.04:150][  0]LogShaderCompilers: Display: Worker (11/21): shaders left to compile 69
[2023.06.07-06.02.04:150][  0]LogShaderCompilers: Display: Started 4 'Local' shader compile jobs with 'High' priority
[2023.06.07-06.02.04:692][  0]LogShaderCompilers: Display: Worker (20/21): shaders left to compile 65
[2023.06.07-06.02.04:692][  0]LogShaderCompilers: Display: Started 4 'Local' shader compile jobs with 'High' priority
[2023.06.07-06.02.04:692][  0]LogShaderCompilers: Display: Worker (2/21): shaders left to compile 61
[2023.06.07-06.02.04:692][  0]LogShaderCompilers: Display: Started 3 'Local' shader compile jobs with 'High' priority
[2023.06.07-06.02.04:692][  0]LogShaderCompilers: Display: Worker (10/21): shaders left to compile 58
[2023.06.07-06.02.04:692][  0]LogShaderCompilers: Display: Started 3 'Local' shader compile jobs with 'High' priority
[2023.06.07-06.02.04:692][  0]LogShaderCompilers: Display: Worker (14/21): shaders left to compile 55
[2023.06.07-06.02.04:692][  0]LogShaderCompilers: Display: Started 3 'Local' shader compile jobs with 'High' priority
[2023.06.07-06.02.04:692][  0]LogShaderCompilers: Display: Worker (11/21): shaders left to compile 52
[2023.06.07-06.02.04:692][  0]LogShaderCompilers: Display: Started 3 'Local' shader compile jobs with 'High' priority
[2023.06.07-06.02.04:692][  0]LogShaderCompilers: Display: Worker (8/21): shaders left to compile 49
[2023.06.07-06.02.04:692][  0]LogShaderCompilers: Display: Started 3 'Local' shader compile jobs with 'High' priority
[2023.06.07-06.02.04:692][  0]LogShaderCompilers: Display: Worker (2/21): shaders left to compile 46
[2023.06.07-06.02.04:692][  0]LogShaderCompilers: Display: Started 3 'Local' shader compile jobs with 'High' priority
[2023.06.07-06.02.04:692][  0]LogShaderCompilers: Display: Worker (6/21): shaders left to compile 43
[2023.06.07-06.02.04:692][  0]LogShaderCompilers: Display: Started 3 'Local' shader compile jobs with 'High' priority
[2023.06.07-06.02.04:692][  0]LogShaderCompilers: Display: Worker (20/21): shaders left to compile 40
[2023.06.07-06.02.04:692][  0]LogShaderCompilers: Display: Started 2 'Local' shader compile jobs with 'High' priority
[2023.06.07-06.02.04:692][  0]LogShaderCompilers: Display: Worker (10/21): shaders left to compile 38
[2023.06.07-06.02.04:692][  0]LogShaderCompilers: Display: Worker (12/21): shaders left to compile 36
[2023.06.07-06.02.04:692][  0]LogShaderCompilers: Display: Started 4 'Local' shader compile jobs with 'High' priority
[2023.06.07-06.02.04:692][  0]LogShaderCompilers: Display: Worker (14/21): shaders left to compile 34
[2023.06.07-06.02.04:692][  0]LogShaderCompilers: Display: Started 2 'Local' shader compile jobs with 'High' priority
[2023.06.07-06.02.04:692][  0]LogShaderCompilers: Display: Worker (7/21): shaders left to compile 32
[2023.06.07-06.02.04:692][  0]LogShaderCompilers: Display: Started 2 'Local' shader compile jobs with 'High' priority
[2023.06.07-06.02.04:692][  0]LogShaderCompilers: Display: Worker (11/21): shaders left to compile 30
[2023.06.07-06.02.04:692][  0]LogShaderCompilers: Display: Started 2 'Local' shader compile jobs with 'High' priority
[2023.06.07-06.02.04:692][  0]LogShaderCompilers: Display: Worker (8/21): shaders left to compile 28
[2023.06.07-06.02.04:692][  0]LogShaderCompilers: Display: Started 2 'Local' shader compile jobs with 'High' priority
[2023.06.07-06.02.04:692][  0]LogShaderCompilers: Display: Worker (18/21): shaders left to compile 26
[2023.06.07-06.02.04:692][  0]LogShaderCompilers: Display: Started 2 'Local' shader compile jobs with 'High' priority
[2023.06.07-06.02.04:692][  0]LogShaderCompilers: Display: Worker (5/21): shaders left to compile 24
[2023.06.07-06.02.04:692][  0]LogShaderCompilers: Display: Started 2 'Local' shader compile jobs with 'High' priority
[2023.06.07-06.02.04:692][  0]LogShaderCompilers: Display: Worker (10/21): shaders left to compile 22
[2023.06.07-06.02.04:692][  0]LogShaderCompilers: Display: Started 2 'Local' shader compile jobs with 'High' priority
[2023.06.07-06.02.04:692][  0]LogShaderCompilers: Display: Worker (2/21): shaders left to compile 20
[2023.06.07-06.02.04:692][  0]LogShaderCompilers: Display: Started 1 'Local' shader compile jobs with 'High' priority
[2023.06.07-06.02.04:692][  0]LogShaderCompilers: Display: Worker (12/21): shaders left to compile 19
[2023.06.07-06.02.04:692][  0]LogShaderCompilers: Display: Started 1 'Local' shader compile jobs with 'High' priority
[2023.06.07-06.02.04:692][  0]LogShaderCompilers: Display: Worker (20/21): shaders left to compile 18
[2023.06.07-06.02.04:692][  0]LogShaderCompilers: Display: Started 1 'Local' shader compile jobs with 'High' priority
[2023.06.07-06.02.04:692][  0]LogShaderCompilers: Display: Worker (7/21): shaders left to compile 17
[2023.06.07-06.02.04:692][  0]LogShaderCompilers: Display: Started 1 'Local' shader compile jobs with 'High' priority
[2023.06.07-06.02.04:692][  0]LogShaderCompilers: Display: Worker (2/21): shaders left to compile 16
[2023.06.07-06.02.04:692][  0]LogShaderCompilers: Display: Started 1 'Local' shader compile jobs with 'High' priority
[2023.06.07-06.02.04:692][  0]LogShaderCompilers: Display: Worker (14/21): shaders left to compile 15
[2023.06.07-06.02.04:692][  0]LogShaderCompilers: Display: Started 1 'Local' shader compile jobs with 'High' priority
[2023.06.07-06.02.04:692][  0]LogShaderCompilers: Display: Worker (6/21): shaders left to compile 14
[2023.06.07-06.02.04:692][  0]LogShaderCompilers: Display: Started 1 'Local' shader compile jobs with 'High' priority
[2023.06.07-06.02.04:692][  0]LogShaderCompilers: Display: Worker (20/21): shaders left to compile 13
[2023.06.07-06.02.04:692][  0]LogShaderCompilers: Display: Started 1 'Local' shader compile jobs with 'High' priority
[2023.06.07-06.02.04:692][  0]LogShaderCompilers: Display: Worker (11/21): shaders left to compile 12
[2023.06.07-06.02.04:692][  0]LogShaderCompilers: Display: Started 1 'Local' shader compile jobs with 'High' priority
[2023.06.07-06.02.04:692][  0]LogShaderCompilers: Display: Worker (18/21): shaders left to compile 11
[2023.06.07-06.02.04:692][  0]LogShaderCompilers: Display: Started 1 'Local' shader compile jobs with 'High' priority
[2023.06.07-06.02.04:692][  0]LogShaderCompilers: Display: Worker (3/21): shaders left to compile 10
[2023.06.07-06.02.04:692][  0]LogShaderCompilers: Display: Started 1 'Local' shader compile jobs with 'High' priority
[2023.06.07-06.02.04:692][  0]LogShaderCompilers: Display: Worker (5/21): shaders left to compile 9
[2023.06.07-06.02.04:692][  0]LogShaderCompilers: Display: Started 1 'Local' shader compile jobs with 'High' priority
[2023.06.07-06.02.04:692][  0]LogShaderCompilers: Display: Worker (8/21): shaders left to compile 8
[2023.06.07-06.02.04:692][  0]LogShaderCompilers: Display: Started 1 'Local' shader compile jobs with 'High' priority
[2023.06.07-06.02.04:692][  0]LogShaderCompilers: Display: Worker (10/21): shaders left to compile 7
[2023.06.07-06.02.04:692][  0]LogShaderCompilers: Display: Worker (15/21): shaders left to compile 6
[2023.06.07-06.02.04:692][  0]LogShaderCompilers: Display: Started 2 'Local' shader compile jobs with 'High' priority
[2023.06.07-06.02.04:692][  0]LogShaderCompilers: Display: Worker (7/21): shaders left to compile 5
[2023.06.07-06.02.04:692][  0]LogShaderCompilers: Display: Worker (12/21): shaders left to compile 4
[2023.06.07-06.02.04:692][  0]LogShaderCompilers: Display: Worker (14/21): shaders left to compile 3
[2023.06.07-06.02.04:692][  0]LogShaderCompilers: Display: Started 3 'Local' shader compile jobs with 'High' priority
[2023.06.07-06.02.04:692][  0]LogShaderCompilers: Display: Worker (2/21): shaders left to compile 2
[2023.06.07-06.02.04:692][  0]LogShaderCompilers: Display: Started 1 'Local' shader compile jobs with 'High' priority
[2023.06.07-06.02.04:692][  0]LogShaderCompilers: Display: Worker (9/21): shaders left to compile 1
[2023.06.07-06.02.04:692][  0]LogShaderCompilers: Display: Started 1 'Local' shader compile jobs with 'High' priority
[2023.06.07-06.02.06:606][  0]LogInit: Using OS detected language (zh-CN).
[2023.06.07-06.02.06:606][  0]LogInit: Using OS detected locale (zh-CN).
[2023.06.07-06.02.06:606][  0]LogTextLocalizationManager: No localization for 'zh-CN' exists, so 'en' will be used for the language.
[2023.06.07-06.02.06:606][  0]LogTextLocalizationManager: No localization for 'zh-CN' exists, so 'en' will be used for the locale.
[2023.06.07-06.02.06:606][  0]LogSlate: FontCache flush requested. Reason: Culture for localization was changed
[2023.06.07-06.02.06:606][  0]LogSlate: FontCache flush requested. Reason: Culture for localization was changed
[2023.06.07-06.02.06:608][  0]LogAssetRegistry: FAssetRegistry took 0.0008 seconds to start up
[2023.06.07-06.02.06:688][  0]LogTextLocalizationManager: Compacting localization data took   0.00ms
[2023.06.07-06.02.06:688][  0]LogPackageLocalizationCache: Processed 27 localized package path(s) for 1 prioritized culture(s) in 0.000683 seconds
[2023.06.07-06.02.06:717][  0]LogInit: Selected Device Profile: [Windows]
[2023.06.07-06.02.06:717][  0]LogInit: Active device profile: [00000203D209B000][00000203CCD24540 49] Windows
[2023.06.07-06.02.06:717][  0]LogInit: Profiles: [00000203D209B000][00000203CCD24540 49] Windows, [00000203D204D200][00000203D0FFC6C0 49] WindowsNoEditor, [00000203D2099200][00000203D1000840 49] WindowsServer, [00000203D204E700][00000203D10049C0 49] WindowsClient, [00000203D209A600][00000203D1008B40 49] IOS, [00000203D204F300][00000203D100CCC0 49] iPadAir, [00000203D209B700][00000203D1010E40 49] iPadAir2, [00000203D1FFF500][00000203D101F100 49] IPadPro, [00000203D1FFF600][00000203D1015140 49] iPadAir3, [00000203D2098B00][00000203CFD15280 49] iPadAir4, [00000203D1FFD700][00000203D10293C0 49] iPadMini2, [00000203D209AE00][00000203D102D500 49] iPadMini3, [00000203D1FFE100][00000203D1035680 49] iPadMini4, [00000203D2098200][00000203D1039800 49] iPadMini5, [00000203D201AE00][00000203D1041AC0 49] iPhone6, [00000203D201AF00][00000203D103DB00 49] iPodTouch6, [00000203D1FFC900][00000203D1048240 49] iPhone7, [00000203D1FFC800][00000203D1044280 49] iPodTouch7, [00000203D2019600][00000203D104C400 49] iPhone5S, [00000203D1FFF300][00000203D1050580 49] iPhone6Plus, [00000203D201A200][00000203D1054700 49] iPhone6S, [00000203D1FFE300][00000203D1058880 49] iPhone6SPlus, [00000203D201A300][00000203D105CA00 49] iPhone7Plus, [00000203D1FFE700][00000203D1060B80 49] iPhoneSE, [00000203D2019700][00000203D1064D00 49] iPhone8, [00000203D1FFFB00][00000203D1068E80 49] iPhone8Plus, [00000203D2019D00][00000203D106D000 49] iPhoneX, [00000203D1FFEE00][00000203D1071180 49] iPhoneXS, [00000203D201AC00][00000203D1075300 49] iPhoneXSMax, [00000203D1FFCB00][00000203D1031440 49] iPhoneXR, [00000203D201B100][00000203D1079580 49] iPhone11, [00000203D1FFEB00][00000203D107D6C0 49] iPhone11Pro, [00000203D201B400][00000203D1085840 49] iPhone11ProMax, [00000203D1FFE500][00000203D10899C0 49] iPhoneSE2, [00000203D2018C00][00000203D108DB40 49] iPhone12Mini, [00000203D1FFF800][00000203D1090140 49] iPhone12, [00000203D2019800][00000203D10942C0 49] iPhone12Pro, [00000203D1FFEA00][00000203D1098440 49] iPhone12ProMax, [00000203D2019900][00000203D109C5C0 49] iPadPro105, [00000203D1FFF700][00000203D10A0740 49] iPadPro129, [00000203D2019300][00000203D10A48C0 49] iPadPro97, [00000203D1FFC500][00000203D10A8A40 49] iPadPro2_129, [00000203D201BF00][00000203D10ACBC0 49] iPad5, [00000203D1FFC600][00000203D10B0D40 49] iPad6, [00000203D2018800][00000203D10B4EC0 49] iPad7, [00000203D1FFD400][00000203D10B9040 49] iPad8, [00000203D201A600][00000203D10BD1C0 49] iPadPro11, [00000203D1FFDB00][00000203D10C1340 49] iPadPro2_11, [00000203D2019100][00000203D10C54C0 49] iPadPro3_129, [00000203D1FFE400][00000203D1081600 49] iPadPro4_129, [00000203D201B900][00000203D10C9740 49] AppleTV, [00000203D1FFC200][00000203D10CD880 49] AppleTV4K, [00000203D201BE00][00000203D10D19C0 49] TVOS, [00000203D1FFCD00][00000203D10D9B40 49] Mac, [00000203D204EB00][00000203D10DC140 49] MacClient, [00000203D20D5500][00000203D10E02C0 49] MacNoEditor, [00000203D204CE00][00000203D10E4440 49] MacServer, [00000203D20D6300][00000203D10E85C0 49] Linux, [00000203D204C400][00000203D10EC740 49] LinuxAArch64, [00000203D20D5B00][00000203D10F08C0 49] LinuxNoEditor, [00000203D204D400][00000203D10F4A40 49] LinuxAArch64NoEditor, [00000203D20D4200][00000203D10F8BC0 49] LinuxClient, [00000203D204E400][00000203D10FCD40 49] LinuxAArch64Client, [00000203D20D4400][00000203D1100EC0 49] LinuxServer, [00000203D204C500][00000203D1105040 49] LinuxAArch64Server, [00000203D20D5800][00000203D11091C0 49] Android, [00000203D204D100][00000203D110D340 49] Android_Low, [00000203D20D5600][00000203D11114C0 49] Android_Mid, [00000203D204CD00][00000203D1115640 49] Android_High, [00000203D20D4600][00000203D10D5780 49] Android_Default, [00000203D204CC00][00000203D11198C0 49] Android_Adreno4xx, [00000203D20D5400][00000203D111DA00 49] Android_Adreno5xx_Low, [00000203D204FC00][00000203D1121B40 49] Android_Adreno5xx, [00000203D20D6200][00000203D1128140 49] Android_Adreno6xx, [00000203D1FFD300][00000203D112C2C0 49] Android_Adreno6xx_Vulkan, [00000203D2018900][00000203D2140440 49] Android_Mali_T6xx, [00000203D1FFC300][00000203D21445C0 49] Android_Mali_T7xx, [00000203D2018100][00000203D2148740 49] Android_Mali_T8xx, [00000203D1FFFA00][00000203D214C8C0 49] Android_Mali_G71, [00000203D201B800][00000203D2150A40 49] Android_Mali_G72, [00000203D1FFD800][00000203D2154BC0 49] Android_Mali_G72_Vulkan, [00000203D2018200][00000203D2158D40 49] Android_Mali_G76, [00000203D1FFF400][00000203D215CEC0 49] Android_Mali_G76_Vulkan, [00000203D201BB00][00000203D2161040 49] Android_Mali_G77, [00000203D1FFE600][00000203D21651C0 49] Android_Mali_G77_Vulkan, [00000203D2019E00][00000203D2169340 49] Android_Mali_G78, [00000203D1FFCC00][00000203D216D4C0 49] Android_Mali_G78_Vulkan, [00000203D20D4800][00000203D2171640 49] Android_Mali_G710, [00000203D1FFE000][00000203D21757C0 49] Android_Mali_G710_Vulkan, [00000203D20D4C00][00000203D2179940 49] Android_Vulkan_SM5, [00000203D1FFFF00][00000203D1125A80 49] Android_PowerVR_G6xxx, [00000203D20D5C00][00000203D217DBC0 49] Android_PowerVR_GT7xxx, [00000203D1FFCF00][00000203D2180180 49] Android_PowerVR_GE8xxx, [00000203D20D5100][00000203D2188300 49] Android_PowerVR_GM9xxx, [00000203D1FFC700][00000203D218C480 49] Android_PowerVR_GM9xxx_Vulkan, [00000203D20D4700][00000203D2190600 49] Android_TegraK1, [00000203D1FFCA00][00000203D2194780 49] Android_Unknown_Vulkan, [00000203D201AD00][00000203D2198900 49] Lumin, [00000203D1FFF900][00000203D219CA80 49] Lumin_Desktop, [00000203D2018B00][00000203D21A0C00 49] HoloLens, 
[2023.06.07-06.02.06:750][  0]LogMeshReduction: Using QuadricMeshReduction for automatic static mesh reduction
[2023.06.07-06.02.06:750][  0]LogMeshReduction: Using SimplygonMeshReduction for automatic skeletal mesh reduction
[2023.06.07-06.02.06:750][  0]LogMeshReduction: Using ProxyLODMeshReduction for automatic mesh merging
[2023.06.07-06.02.06:750][  0]LogMeshReduction: No distributed automatic mesh merging module available
[2023.06.07-06.02.06:750][  0]LogMeshMerging: No distributed automatic mesh merging module available
[2023.06.07-06.02.06:773][  0]LogMaterial: Display: Missing cached shadermap for WorldGridMaterial in PCD3D_ES3_1, Default, ES3_1 (DDC key hash: E840969D2D5B4300D0D4534DED98D63934FF389A), compiling. Is special engine material.
[2023.06.07-06.02.07:021][  0]LogShaderCompilers: Display: Submitted 762 shader compile jobs with 'High' priority
[2023.06.07-06.02.07:564][  0]LogShaderCompilers: Display: Worker (1/21): shaders left to compile 762
[2023.06.07-06.02.07:564][  0]LogShaderCompilers: Display: Worker (2/21): shaders left to compile 752
[2023.06.07-06.02.07:564][  0]LogShaderCompilers: Display: Worker (3/21): shaders left to compile 742
[2023.06.07-06.02.07:564][  0]LogShaderCompilers: Display: Worker (4/21): shaders left to compile 732
[2023.06.07-06.02.07:564][  0]LogShaderCompilers: Display: Worker (5/21): shaders left to compile 722
[2023.06.07-06.02.07:564][  0]LogShaderCompilers: Display: Worker (6/21): shaders left to compile 712
[2023.06.07-06.02.07:564][  0]LogShaderCompilers: Display: Worker (7/21): shaders left to compile 702
[2023.06.07-06.02.07:564][  0]LogShaderCompilers: Display: Worker (8/21): shaders left to compile 692
[2023.06.07-06.02.07:564][  0]LogShaderCompilers: Display: Worker (9/21): shaders left to compile 682
[2023.06.07-06.02.07:564][  0]LogShaderCompilers: Display: Worker (10/21): shaders left to compile 672
[2023.06.07-06.02.07:564][  0]LogShaderCompilers: Display: Worker (11/21): shaders left to compile 662
[2023.06.07-06.02.07:564][  0]LogShaderCompilers: Display: Worker (12/21): shaders left to compile 652
[2023.06.07-06.02.07:564][  0]LogShaderCompilers: Display: Worker (13/21): shaders left to compile 642
[2023.06.07-06.02.07:564][  0]LogShaderCompilers: Display: Worker (14/21): shaders left to compile 632
[2023.06.07-06.02.07:564][  0]LogShaderCompilers: Display: Worker (15/21): shaders left to compile 622
[2023.06.07-06.02.07:564][  0]LogShaderCompilers: Display: Worker (16/21): shaders left to compile 612
[2023.06.07-06.02.07:564][  0]LogShaderCompilers: Display: Worker (17/21): shaders left to compile 602
[2023.06.07-06.02.07:564][  0]LogShaderCompilers: Display: Worker (18/21): shaders left to compile 592
[2023.06.07-06.02.07:564][  0]LogShaderCompilers: Display: Worker (19/21): shaders left to compile 582
[2023.06.07-06.02.07:564][  0]LogShaderCompilers: Display: Worker (20/21): shaders left to compile 572
[2023.06.07-06.02.07:564][  0]LogShaderCompilers: Display: Worker (21/21): shaders left to compile 562
[2023.06.07-06.02.07:564][  0]LogShaderCompilers: Display: Started 210 'Local' shader compile jobs with 'High' priority
[2023.06.07-06.02.09:186][  0]LogShaderCompilers: Display: Worker (8/21): shaders left to compile 552
[2023.06.07-06.02.09:186][  0]LogShaderCompilers: Display: Started 10 'Local' shader compile jobs with 'High' priority
[2023.06.07-06.02.09:727][  0]LogShaderCompilers: Display: Worker (11/21): shaders left to compile 542
[2023.06.07-06.02.09:727][  0]LogShaderCompilers: Display: Started 10 'Local' shader compile jobs with 'High' priority
[2023.06.07-06.02.09:727][  0]LogShaderCompilers: Display: Worker (12/21): shaders left to compile 532
[2023.06.07-06.02.09:727][  0]LogShaderCompilers: Display: Started 10 'Local' shader compile jobs with 'High' priority
[2023.06.07-06.02.09:727][  0]LogShaderCompilers: Display: Worker (3/21): shaders left to compile 522
[2023.06.07-06.02.09:727][  0]LogShaderCompilers: Display: Started 10 'Local' shader compile jobs with 'High' priority
[2023.06.07-06.02.09:727][  0]LogShaderCompilers: Display: Worker (2/21): shaders left to compile 512
[2023.06.07-06.02.09:727][  0]LogShaderCompilers: Display: Started 10 'Local' shader compile jobs with 'High' priority
[2023.06.07-06.02.09:727][  0]LogShaderCompilers: Display: Worker (10/21): shaders left to compile 502
[2023.06.07-06.02.09:727][  0]LogShaderCompilers: Display: Started 10 'Local' shader compile jobs with 'High' priority
[2023.06.07-06.02.09:727][  0]LogShaderCompilers: Display: Worker (19/21): shaders left to compile 492
[2023.06.07-06.02.09:727][  0]LogShaderCompilers: Display: Started 10 'Local' shader compile jobs with 'High' priority
[2023.06.07-06.02.09:727][  0]LogShaderCompilers: Display: Worker (18/21): shaders left to compile 482
[2023.06.07-06.02.09:727][  0]LogShaderCompilers: Display: Started 10 'Local' shader compile jobs with 'High' priority
[2023.06.07-06.02.09:727][  0]LogShaderCompilers: Display: Worker (4/21): shaders left to compile 472
[2023.06.07-06.02.09:727][  0]LogShaderCompilers: Display: Started 10 'Local' shader compile jobs with 'High' priority
[2023.06.07-06.02.09:727][  0]LogShaderCompilers: Display: Worker (1/21): shaders left to compile 462
[2023.06.07-06.02.09:727][  0]LogShaderCompilers: Display: Started 10 'Local' shader compile jobs with 'High' priority
[2023.06.07-06.02.10:268][  0]LogShaderCompilers: Display: Worker (16/21): shaders left to compile 452
[2023.06.07-06.02.10:268][  0]LogShaderCompilers: Display: Started 10 'Local' shader compile jobs with 'High' priority
[2023.06.07-06.02.10:268][  0]LogShaderCompilers: Display: Worker (14/21): shaders left to compile 442
[2023.06.07-06.02.10:268][  0]LogShaderCompilers: Display: Started 10 'Local' shader compile jobs with 'High' priority
[2023.06.07-06.02.10:268][  0]LogShaderCompilers: Display: Worker (13/21): shaders left to compile 432
[2023.06.07-06.02.10:268][  0]LogShaderCompilers: Display: Started 10 'Local' shader compile jobs with 'High' priority
[2023.06.07-06.02.10:268][  0]LogShaderCompilers: Display: Worker (20/21): shaders left to compile 422
[2023.06.07-06.02.10:268][  0]LogShaderCompilers: Display: Started 10 'Local' shader compile jobs with 'High' priority
[2023.06.07-06.02.10:268][  0]LogShaderCompilers: Display: Worker (7/21): shaders left to compile 412
[2023.06.07-06.02.10:268][  0]LogShaderCompilers: Display: Started 10 'Local' shader compile jobs with 'High' priority
[2023.06.07-06.02.10:268][  0]LogShaderCompilers: Display: Worker (6/21): shaders left to compile 402
[2023.06.07-06.02.10:268][  0]LogShaderCompilers: Display: Started 10 'Local' shader compile jobs with 'High' priority
[2023.06.07-06.02.10:268][  0]LogShaderCompilers: Display: Worker (21/21): shaders left to compile 392
[2023.06.07-06.02.10:268][  0]LogShaderCompilers: Display: Started 10 'Local' shader compile jobs with 'High' priority
[2023.06.07-06.02.10:268][  0]LogShaderCompilers: Display: Worker (5/21): shaders left to compile 382
[2023.06.07-06.02.10:268][  0]LogShaderCompilers: Display: Worker (9/21): shaders left to compile 372
[2023.06.07-06.02.10:268][  0]LogShaderCompilers: Display: Started 20 'Local' shader compile jobs with 'High' priority
[2023.06.07-06.02.10:268][  0]LogShaderCompilers: Display: Worker (15/21): shaders left to compile 362
[2023.06.07-06.02.10:268][  0]LogShaderCompilers: Display: Started 10 'Local' shader compile jobs with 'High' priority
[2023.06.07-06.02.10:268][  0]LogShaderCompilers: Display: Worker (17/21): shaders left to compile 352
[2023.06.07-06.02.10:268][  0]LogShaderCompilers: Display: Started 10 'Local' shader compile jobs with 'High' priority
[2023.06.07-06.02.11:893][  0]LogShaderCompilers: Display: Worker (12/21): shaders left to compile 342
[2023.06.07-06.02.11:893][  0]LogShaderCompilers: Display: Started 10 'Local' shader compile jobs with 'High' priority
[2023.06.07-06.02.12:434][  0]LogShaderCompilers: Display: Worker (3/21): shaders left to compile 332
[2023.06.07-06.02.12:434][  0]LogShaderCompilers: Display: Started 10 'Local' shader compile jobs with 'High' priority
[2023.06.07-06.02.12:434][  0]LogShaderCompilers: Display: Worker (8/21): shaders left to compile 322
[2023.06.07-06.02.12:434][  0]LogShaderCompilers: Display: Started 10 'Local' shader compile jobs with 'High' priority
[2023.06.07-06.02.12:434][  0]LogShaderCompilers: Display: Worker (20/21): shaders left to compile 312
[2023.06.07-06.02.12:434][  0]LogShaderCompilers: Display: Started 10 'Local' shader compile jobs with 'High' priority
[2023.06.07-06.02.12:434][  0]LogShaderCompilers: Display: Worker (6/21): shaders left to compile 302
[2023.06.07-06.02.12:434][  0]LogShaderCompilers: Display: Started 10 'Local' shader compile jobs with 'High' priority
[2023.06.07-06.02.12:434][  0]LogShaderCompilers: Display: Worker (4/21): shaders left to compile 292
[2023.06.07-06.02.12:434][  0]LogShaderCompilers: Display: Started 10 'Local' shader compile jobs with 'High' priority
[2023.06.07-06.02.12:434][  0]LogShaderCompilers: Display: Worker (1/21): shaders left to compile 282
[2023.06.07-06.02.12:434][  0]LogShaderCompilers: Display: Started 10 'Local' shader compile jobs with 'High' priority
[2023.06.07-06.02.12:434][  0]LogShaderCompilers: Display: Worker (14/21): shaders left to compile 272
[2023.06.07-06.02.12:434][  0]LogShaderCompilers: Display: Started 10 'Local' shader compile jobs with 'High' priority
[2023.06.07-06.02.12:434][  0]LogShaderCompilers: Display: Worker (10/21): shaders left to compile 262
[2023.06.07-06.02.12:434][  0]LogShaderCompilers: Display: Started 10 'Local' shader compile jobs with 'High' priority
[2023.06.07-06.02.12:434][  0]LogShaderCompilers: Display: Worker (2/21): shaders left to compile 252
[2023.06.07-06.02.12:434][  0]LogShaderCompilers: Display: Started 10 'Local' shader compile jobs with 'High' priority
[2023.06.07-06.02.12:434][  0]LogShaderCompilers: Display: Worker (19/21): shaders left to compile 242
[2023.06.07-06.02.12:434][  0]LogShaderCompilers: Display: Started 10 'Local' shader compile jobs with 'High' priority
[2023.06.07-06.02.12:434][  0]LogShaderCompilers: Display: Worker (13/21): shaders left to compile 232
[2023.06.07-06.02.12:434][  0]LogShaderCompilers: Display: Started 10 'Local' shader compile jobs with 'High' priority
[2023.06.07-06.02.12:434][  0]LogShaderCompilers: Display: Worker (11/21): shaders left to compile 222
[2023.06.07-06.02.12:434][  0]LogShaderCompilers: Display: Started 10 'Local' shader compile jobs with 'High' priority
[2023.06.07-06.02.12:975][  0]LogShaderCompilers: Display: Worker (16/21): shaders left to compile 212
[2023.06.07-06.02.12:975][  0]LogShaderCompilers: Display: Started 10 'Local' shader compile jobs with 'High' priority
[2023.06.07-06.02.12:975][  0]LogShaderCompilers: Display: Worker (5/21): shaders left to compile 202
[2023.06.07-06.02.12:975][  0]LogShaderCompilers: Display: Started 10 'Local' shader compile jobs with 'High' priority
[2023.06.07-06.02.12:975][  0]LogShaderCompilers: Display: Worker (15/21): shaders left to compile 192
[2023.06.07-06.02.12:975][  0]LogShaderCompilers: Display: Started 10 'Local' shader compile jobs with 'High' priority
[2023.06.07-06.02.12:975][  0]LogShaderCompilers: Display: Worker (18/21): shaders left to compile 182
[2023.06.07-06.02.12:975][  0]LogShaderCompilers: Display: Started 9 'Local' shader compile jobs with 'High' priority
[2023.06.07-06.02.13:513][  0]LogShaderCompilers: Display: Worker (9/21): shaders left to compile 173
[2023.06.07-06.02.13:513][  0]LogShaderCompilers: Display: Started 9 'Local' shader compile jobs with 'High' priority
[2023.06.07-06.02.13:513][  0]LogShaderCompilers: Display: Worker (17/21): shaders left to compile 164
[2023.06.07-06.02.13:513][  0]LogShaderCompilers: Display: Started 8 'Local' shader compile jobs with 'High' priority
[2023.06.07-06.02.13:513][  0]LogShaderCompilers: Display: Worker (21/21): shaders left to compile 156
[2023.06.07-06.02.13:513][  0]LogShaderCompilers: Display: Started 8 'Local' shader compile jobs with 'High' priority
[2023.06.07-06.02.13:513][  0]LogShaderCompilers: Display: Worker (7/21): shaders left to compile 148
[2023.06.07-06.02.13:513][  0]LogShaderCompilers: Display: Started 8 'Local' shader compile jobs with 'High' priority
