Log file open, 06/05/23 22:00:00
LogWindows: Failed to load 'aqProf.dll' (GetLastError=126)
LogWindows: File 'aqProf.dll' does not exist
LogWindows: Failed to load 'VtuneApi.dll' (GetLastError=126)
LogWindows: File 'VtuneApi.dll' does not exist
LogWindows: Failed to load 'VtuneApi32e.dll' (GetLastError=126)
LogWindows: File 'VtuneApi32e.dll' does not exist
LogConsoleResponse: Display: Failed to find resolution value strings in scalability ini. Falling back to default.
LogConsoleResponse: Display: Failed to find resolution value strings in scalability ini. Falling back to default.
LogInit: Display: Running engine for game: ActionRoguelike
LogPlatformFile: Not using cached read wrapper
LogTaskGraph: Started task graph with 5 named threads and 71 total threads with 3 sets of task threads.
LogStats: Stats thread started at 0.411991
LogICUInternationalization: ICU TimeZone Detection - Raw Offset: +8:00, Platform Override: ''
LogInit: Display: Loading text-based GConfig....
LogPluginManager: Mounting plugin MeshPainting
LogPluginManager: Mounting plugin XGEController
LogPluginManager: Mounting plugin Paper2D
LogPluginManager: Mounting plugin LiveLink
LogPluginManager: Mounting plugin AISupport
LogPluginManager: Mounting plugin EnvironmentQueryEditor
LogPluginManager: Mounting plugin LightPropagationVolume
LogPluginManager: Mounting plugin CameraShakePreviewer
LogPluginManager: Mounting plugin OodleData
LogPluginManager: Mounting plugin CLionSourceCodeAccess
LogPluginManager: Mounting plugin AnimationSharing
LogPluginManager: Mounting plugin CodeLiteSourceCodeAccess
LogPluginManager: Mounting plugin GitSourceControl
LogPluginManager: Mounting plugin KDevelopSourceCodeAccess
LogPluginManager: Mounting plugin OodleNetwork
LogPluginManager: Mounting plugin PixWinPlugin
LogPluginManager: Mounting plugin NullSourceCodeAccess
LogPluginManager: Mounting plugin PlasticSourceControl
LogPluginManager: Mounting plugin PropertyAccessNode
LogPluginManager: Mounting plugin PerforceSourceControl
LogPluginManager: Mounting plugin PluginUtils
LogPluginManager: Mounting plugin SubversionSourceControl
LogPluginManager: Mounting plugin TextureFormatOodle
LogPluginManager: Mounting plugin RiderSourceCodeAccess
LogPluginManager: Mounting plugin XCodeSourceCodeAccess
LogPluginManager: Mounting plugin VisualStudioSourceCodeAccess
LogPluginManager: Mounting plugin UObjectPlugin
LogPluginManager: Mounting plugin VisualStudioCodeSourceCodeAccess
LogPluginManager: Mounting plugin DatasmithContent
LogPluginManager: Mounting plugin AssetManagerEditor
LogPluginManager: Mounting plugin VariantManagerContent
LogPluginManager: Mounting plugin CryptoKeys
LogPluginManager: Mounting plugin CurveEditorTools
LogPluginManager: Mounting plugin DataValidation
LogPluginManager: Mounting plugin GameplayTagsEditor
LogPluginManager: Mounting plugin MacGraphicsSwitching
LogPluginManager: Mounting plugin GeometryMode
LogPluginManager: Mounting plugin MobileLauncherProfileWizard
LogPluginManager: Mounting plugin MaterialAnalyzer
LogPluginManager: Mounting plugin PluginBrowser
LogPluginManager: Mounting plugin AlembicImporter
LogPluginManager: Mounting plugin AutomationUtils
LogPluginManager: Mounting plugin SpeedTreeImporter
LogPluginManager: Mounting plugin FacialAnimation
LogPluginManager: Mounting plugin ChaosClothEditor
LogPluginManager: Mounting plugin BackChannel
LogPluginManager: Mounting plugin ChaosEditor
LogPluginManager: Mounting plugin ChaosNiagara
LogPluginManager: Mounting plugin ChaosCloth
LogPluginManager: Mounting plugin ChaosSolverPlugin
LogPluginManager: Mounting plugin CharacterAI
LogPluginManager: Mounting plugin GeometryCollectionPlugin
LogPluginManager: Mounting plugin GeometryProcessing
LogPluginManager: Mounting plugin GeometryCache
LogPluginManager: Mounting plugin OpenImageDenoise
LogPluginManager: Mounting plugin MotoSynth
LogPluginManager: Mounting plugin PlanarCut
LogPluginManager: Mounting plugin PlatformCrypto
LogPluginManager: Mounting plugin PythonScriptPlugin
LogPluginManager: Mounting plugin Niagara
LogPluginManager: Mounting plugin ProxyLODPlugin
LogPluginManager: Mounting plugin SkeletalReduction
LogPluginManager: Mounting plugin LuminPlatformFeatures
LogPluginManager: Mounting plugin MagicLeap
LogPluginManager: Mounting plugin MagicLeapLightEstimation
LogPluginManager: Mounting plugin MagicLeapPassableWorld
LogPluginManager: Mounting plugin MagicLeapMedia
LogPluginManager: Mounting plugin MLSDK
LogPluginManager: Mounting plugin AndroidMedia
LogPluginManager: Mounting plugin AvfMedia
LogPluginManager: Mounting plugin ImgMedia
LogPluginManager: Mounting plugin MediaCompositing
LogPluginManager: Mounting plugin MediaPlayerEditor
LogPluginManager: Mounting plugin ActorSequence
LogPluginManager: Mounting plugin WmfMedia
LogPluginManager: Mounting plugin WebMMedia
LogPluginManager: Mounting plugin LevelSequenceEditor
LogPluginManager: Mounting plugin MatineeToLevelSequence
LogPluginManager: Mounting plugin TcpMessaging
LogPluginManager: Mounting plugin UdpMessaging
LogPluginManager: Mounting plugin OnlineSubsystem
LogPluginManager: Mounting plugin OnlineSubsystemNull
LogPluginManager: Mounting plugin OnlineSubsystemUtils
LogPluginManager: Mounting plugin ActorLayerUtilities
LogPluginManager: Mounting plugin AndroidDeviceProfileSelector
LogPluginManager: Mounting plugin AndroidPermission
LogPluginManager: Mounting plugin AndroidMoviePlayer
LogPluginManager: Mounting plugin AppleMoviePlayer
LogPluginManager: Mounting plugin LauncherChunkInstaller
LogPluginManager: Mounting plugin AppleImageUtils
LogPluginManager: Mounting plugin ArchVisCharacter
LogPluginManager: Mounting plugin AssetTags
LogPluginManager: Mounting plugin AudioCapture
LogPluginManager: Mounting plugin CableComponent
LogPluginManager: Mounting plugin ChunkDownloader
LogPluginManager: Mounting plugin CustomMeshComponent
LogPluginManager: Mounting plugin TemplateSequence
LogPluginManager: Mounting plugin EditableMesh
LogPluginManager: Mounting plugin ExampleDeviceProfileSelector
LogPluginManager: Mounting plugin GooglePAD
LogPluginManager: Mounting plugin AudioSynesthesia
LogPluginManager: Mounting plugin IOSDeviceProfileSelector
LogPluginManager: Mounting plugin LocationServicesBPLibrary
LogPluginManager: Mounting plugin LinuxDeviceProfileSelector
LogPluginManager: Mounting plugin MobilePatchingUtils
LogPluginManager: Mounting plugin GoogleCloudMessaging
LogPluginManager: Mounting plugin OpenXR
LogPluginManager: Mounting plugin OpenXREyeTracker
LogPluginManager: Mounting plugin OpenXRHandTracking
LogPluginManager: Mounting plugin PhysXVehicles
LogPluginManager: Mounting plugin PostSplashScreen
LogPluginManager: Mounting plugin PropertyAccessEditor
LogPluginManager: Mounting plugin ProceduralMeshComponent
LogPluginManager: Mounting plugin RuntimePhysXCooking
LogPluginManager: Mounting plugin SignificanceManager
LogPluginManager: Mounting plugin SoundFields
LogPluginManager: Mounting plugin Synthesis
LogPluginManager: Mounting plugin WebMMoviePlayer
LogPluginManager: Mounting plugin WindowsMoviePlayer
LogPluginManager: Mounting plugin ScreenshotTools
LogPluginManager: Mounting plugin Takes
LogPluginManager: Mounting plugin GameplayCameras
LogPluginManager: Mounting plugin ContentBrowserClassDataSource
LogPluginManager: Mounting plugin ContentBrowserAssetDataSource
LogPluginManager: Mounting plugin ContentBrowserFileDataSource
LogPluginManager: Mounting plugin OnlineSubsystemIOS
LogPluginManager: Mounting plugin OnlineSubsystemGooglePlay
LogPluginManager: Mounting plugin OculusVR
LogPluginManager: Mounting plugin SteamVR
PixWinPlugin: PIX capture plugin failed to initialize! Check that the process is launched from PIX.
LogInit: Using libcurl 7.55.1-DEV
LogInit:  - built for x86_64-pc-win32
LogInit:  - supports SSL with OpenSSL/1.1.1
LogInit:  - supports HTTP deflate (compression) using libz 1.2.8
LogInit:  - other features:
LogInit:      CURL_VERSION_SSL
LogInit:      CURL_VERSION_LIBZ
LogInit:      CURL_VERSION_IPV6
LogInit:      CURL_VERSION_ASYNCHDNS
LogInit:      CURL_VERSION_LARGEFILE
LogInit:      CURL_VERSION_IDN
LogInit:  CurlRequestOptions (configurable via config and command line):
LogInit:  - bVerifyPeer = true  - Libcurl will verify peer certificate
LogInit:  - bUseHttpProxy = true  - Libcurl will use HTTP proxy
LogInit:  - HttpProxyAddress = '127.0.0.1:7890'
LogInit:  - bDontReuseConnections = false  - Libcurl will reuse connections
LogInit:  - MaxHostConnections = 16  - Libcurl will limit the number of connections to a host
LogInit:  - LocalHostAddr = Default
LogInit:  - BufferSize = 65536
LogOnline: OSS: Creating online subsystem instance for: NULL
LogInit: WinSock: version 1.1 (2.2), MaxSocks=32767, MaxUdp=65467
LogOnline: OSS: TryLoadSubsystemAndSetDefault: Loaded subsystem for module [NULL]
LogOculusPluginWrapper: OculusPlugin initialized successfully
LogHMD: Failed initializing OVRPlugin 1.59.0
LogInit: Build: ++UE4+Release-4.27-CL-18319896
LogInit: Engine Version: 4.27.2-18319896+++UE4+Release-4.27
LogInit: Compatible Engine Version: 4.27.0-17155196+++UE4+Release-4.27
LogInit: Net CL: 17155196
LogInit: OS: Windows 10 (Release 2009) (), CPU: 13th Gen Intel(R) Core(TM) i7-13700KF, GPU: NVIDIA GeForce RTX 4070
LogInit: Compiled (64-bit): Nov 30 2021 07:12:08
LogInit: Compiled with Visual C++: 19.24.28315.00
LogInit: Build Configuration: DebugGame
LogInit: Branch Name: ++UE4+Release-4.27
LogInit: Command Line:  -skipcompile
LogInit: Base Directory: D:/Program Files/Epic Games/UE_4.27/Engine/Binaries/Win64/
LogInit: Allocator: TBB
LogInit: Installed Engine Build: 1
LogDevObjectVersion: Number of dev versions registered: 29
LogDevObjectVersion:   Dev-Blueprints (B0D832E4-1F89-4F0D-ACCF-7EB736FD4AA2): 10
LogDevObjectVersion:   Dev-Build (E1C64328-A22C-4D53-A36C-8E866417BD8C): 0
LogDevObjectVersion:   Dev-Core (375EC13C-06E4-48FB-B500-84F0262A717E): 4
LogDevObjectVersion:   Dev-Editor (E4B068ED-F494-42E9-A231-DA0B2E46BB41): 40
LogDevObjectVersion:   Dev-Framework (CFFC743F-43B0-4480-9391-14DF171D2073): 37
LogDevObjectVersion:   Dev-Mobile (B02B49B5-BB20-44E9-A304-32B752E40360): 3
LogDevObjectVersion:   Dev-Networking (A4E4105C-59A1-49B5-A7C5-40C4547EDFEE): 0
LogDevObjectVersion:   Dev-Online (39C831C9-5AE6-47DC-9A44-9C173E1C8E7C): 0
LogDevObjectVersion:   Dev-Physics (78F01B33-EBEA-4F98-B9B4-84EACCB95AA2): 14
LogDevObjectVersion:   Dev-Platform (6631380F-2D4D-43E0-8009-CF276956A95A): 0
LogDevObjectVersion:   Dev-Rendering (12F88B9F-8875-4AFC-A67C-D90C383ABD29): 45
LogDevObjectVersion:   Dev-Sequencer (7B5AE74C-D270-4C10-A958-57980B212A5A): 13
LogDevObjectVersion:   Dev-VR (D7296918-1DD6-4BDD-9DE2-64A83CC13884): 3
LogDevObjectVersion:   Dev-LoadTimes (C2A15278-BFE7-4AFE-6C17-90FF531DF755): 1
LogDevObjectVersion:   Private-Geometry (6EACA3D4-40EC-4CC1-B786-8BED09428FC5): 3
LogDevObjectVersion:   Dev-AnimPhys (29E575DD-E0A3-4627-9D10-D276232CDCEA): 17
LogDevObjectVersion:   Dev-Anim (AF43A65D-7FD3-4947-9873-3E8ED9C1BB05): 15
LogDevObjectVersion:   Dev-ReflectionCapture (6B266CEC-1EC7-4B8F-A30B-E4D90942FC07): 1
LogDevObjectVersion:   Dev-Automation (0DF73D61-A23F-47EA-B727-89E90C41499A): 1
LogDevObjectVersion:   FortniteMain (601D1886-AC64-4F84-AA16-D3DE0DEAC7D6): 47
LogDevObjectVersion:   FortniteRelease (E7086368-6B23-4C58-8439-1B7016265E91): 1
LogDevObjectVersion:   Dev-Enterprise (9DFFBCD6-494F-0158-E221-12823C92A888): 10
LogDevObjectVersion:   Dev-Niagara (F2AED0AC-9AFE-416F-8664-AA7FFA26D6FC): 1
LogDevObjectVersion:   Dev-Destruction (174F1F0B-B4C6-45A5-B13F-2EE8D0FB917D): 10
LogDevObjectVersion:   Dev-Physics-Ext (35F94A83-E258-406C-A318-09F59610247C): 41
LogDevObjectVersion:   Dev-PhysicsMaterial-Chaos (B68FC16E-8B1B-42E2-B453-215C058844FE): 1
LogDevObjectVersion:   Dev-CineCamera (B2E18506-4273-CFC2-A54E-F4BB758BBA07): 1
LogDevObjectVersion:   Dev-VirtualProduction (64F58936-FD1B-42BA-BA96-7289D5D0FA4E): 1
LogDevObjectVersion:   Dev-MediaFramework (6F0ED827-A609-4895-9C91-998D90180EA4): 2
LogInit: Presizing for max 25165824 objects, including 0 objects not considered by GC, pre-allocating 0 bytes for permanent pool.
LogConfig: Applying CVar settings from Section [/Script/Engine.StreamingSettings] File [D:/EpicGames/Demo/ActionRoguelike/Saved/Config/Windows/Engine.ini]
LogConfig: Setting CVar [[s.MinBulkDataSizeForAsyncLoading:131072]]
LogConfig: Setting CVar [[s.AsyncLoadingThreadEnabled:0]]
LogConfig: Setting CVar [[s.EventDrivenLoaderEnabled:1]]
LogConfig: Setting CVar [[s.WarnIfTimeLimitExceeded:0]]
LogConfig: Setting CVar [[s.TimeLimitExceededMultiplier:1.5]]
LogConfig: Setting CVar [[s.TimeLimitExceededMinTime:0.005]]
LogConfig: Setting CVar [[s.UseBackgroundLevelStreaming:1]]
LogConfig: Setting CVar [[s.PriorityAsyncLoadingExtraTime:15.0]]
LogConfig: Setting CVar [[s.LevelStreamingActorsUpdateTimeLimit:5.0]]
LogConfig: Setting CVar [[s.PriorityLevelStreamingActorsUpdateExtraTime:5.0]]
LogConfig: Setting CVar [[s.LevelStreamingComponentsRegistrationGranularity:10]]
LogConfig: Setting CVar [[s.UnregisterComponentsTimeLimit:1.0]]
LogConfig: Setting CVar [[s.LevelStreamingComponentsUnregistrationGranularity:5]]
LogConfig: Setting CVar [[s.FlushStreamingOnExit:1]]
LogInit: Object subsystem initialized
LogConfig: Setting CVar [[con.DebugEarlyDefault:1]]
LogConfig: Setting CVar [[r.setres:1280x720]]
[2023.06.05-14.00.01:328][  0]LogConfig: Setting CVar [[r.VSync:0]]
[2023.06.05-14.00.01:328][  0]LogConfig: Setting CVar [[r.RHICmdBypass:0]]
[2023.06.05-14.00.01:328][  0]LogConfig: Applying CVar settings from Section [/Script/Engine.RendererSettings] File [D:/EpicGames/Demo/ActionRoguelike/Saved/Config/Windows/Engine.ini]
[2023.06.05-14.00.01:328][  0]LogConfig: Setting CVar [[r.GPUCrashDebugging:0]]
[2023.06.05-14.00.01:328][  0]LogConfig: Applying CVar settings from Section [/Script/Engine.RendererOverrideSettings] File [D:/EpicGames/Demo/ActionRoguelike/Saved/Config/Windows/Engine.ini]
[2023.06.05-14.00.01:328][  0]LogConfig: Applying CVar settings from Section [/Script/Engine.StreamingSettings] File [D:/EpicGames/Demo/ActionRoguelike/Saved/Config/Windows/Engine.ini]
[2023.06.05-14.00.01:328][  0]LogConfig: Setting CVar [[s.MinBulkDataSizeForAsyncLoading:131072]]
[2023.06.05-14.00.01:328][  0]LogConfig: Setting CVar [[s.AsyncLoadingThreadEnabled:0]]
[2023.06.05-14.00.01:328][  0]LogConfig: Setting CVar [[s.EventDrivenLoaderEnabled:1]]
[2023.06.05-14.00.01:328][  0]LogConfig: Setting CVar [[s.WarnIfTimeLimitExceeded:0]]
[2023.06.05-14.00.01:329][  0]LogConfig: Setting CVar [[s.TimeLimitExceededMultiplier:1.5]]
[2023.06.05-14.00.01:329][  0]LogConfig: Setting CVar [[s.TimeLimitExceededMinTime:0.005]]
[2023.06.05-14.00.01:329][  0]LogConfig: Setting CVar [[s.UseBackgroundLevelStreaming:1]]
[2023.06.05-14.00.01:329][  0]LogConfig: Setting CVar [[s.PriorityAsyncLoadingExtraTime:15.0]]
[2023.06.05-14.00.01:329][  0]LogConfig: Setting CVar [[s.LevelStreamingActorsUpdateTimeLimit:5.0]]
[2023.06.05-14.00.01:329][  0]LogConfig: Setting CVar [[s.PriorityLevelStreamingActorsUpdateExtraTime:5.0]]
[2023.06.05-14.00.01:329][  0]LogConfig: Setting CVar [[s.LevelStreamingComponentsRegistrationGranularity:10]]
[2023.06.05-14.00.01:329][  0]LogConfig: Setting CVar [[s.UnregisterComponentsTimeLimit:1.0]]
[2023.06.05-14.00.01:329][  0]LogConfig: Setting CVar [[s.LevelStreamingComponentsUnregistrationGranularity:5]]
[2023.06.05-14.00.01:329][  0]LogConfig: Setting CVar [[s.FlushStreamingOnExit:1]]
[2023.06.05-14.00.01:329][  0]LogConfig: Applying CVar settings from Section [/Script/Engine.GarbageCollectionSettings] File [D:/EpicGames/Demo/ActionRoguelike/Saved/Config/Windows/Engine.ini]
[2023.06.05-14.00.01:329][  0]LogConfig: Setting CVar [[gc.MaxObjectsNotConsideredByGC:1]]
[2023.06.05-14.00.01:329][  0]LogConfig: Setting CVar [[gc.SizeOfPermanentObjectPool:0]]
[2023.06.05-14.00.01:329][  0]LogConfig: Setting CVar [[gc.FlushStreamingOnGC:0]]
[2023.06.05-14.00.01:329][  0]LogConfig: Setting CVar [[gc.NumRetriesBeforeForcingGC:10]]
[2023.06.05-14.00.01:329][  0]LogConfig: Setting CVar [[gc.AllowParallelGC:1]]
[2023.06.05-14.00.01:329][  0]LogConfig: Setting CVar [[gc.TimeBetweenPurgingPendingKillObjects:61.1]]
[2023.06.05-14.00.01:329][  0]LogConfig: Setting CVar [[gc.MaxObjectsInEditor:25165824]]
[2023.06.05-14.00.01:329][  0]LogConfig: Setting CVar [[gc.IncrementalBeginDestroyEnabled:1]]
[2023.06.05-14.00.01:330][  0]LogConfig: Setting CVar [[gc.CreateGCClusters:1]]
[2023.06.05-14.00.01:330][  0]LogConfig: Setting CVar [[gc.MinGCClusterSize:5]]
[2023.06.05-14.00.01:330][  0]LogConfig: Setting CVar [[gc.ActorClusteringEnabled:0]]
[2023.06.05-14.00.01:330][  0]LogConfig: Setting CVar [[gc.BlueprintClusteringEnabled:0]]
[2023.06.05-14.00.01:330][  0]LogConfig: Setting CVar [[gc.UseDisregardForGCOnDedicatedServers:0]]
[2023.06.05-14.00.01:330][  0]LogConfig: Setting CVar [[gc.MultithreadedDestructionEnabled:1]]
[2023.06.05-14.00.01:330][  0]LogConfig: Applying CVar settings from Section [/Script/Engine.NetworkSettings] File [D:/EpicGames/Demo/ActionRoguelike/Saved/Config/Windows/Engine.ini]
[2023.06.05-14.00.01:330][  0]LogConfig: Applying CVar settings from Section [/Script/UnrealEd.CookerSettings] File [D:/EpicGames/Demo/ActionRoguelike/Saved/Config/Windows/Engine.ini]
[2023.06.05-14.00.01:337][  0]LogConfig: Applying CVar settings from Section [ViewDistanceQuality@3] File [D:/EpicGames/Demo/ActionRoguelike/Saved/Config/Windows/Scalability.ini]
[2023.06.05-14.00.01:337][  0]LogConfig: Setting CVar [[r.SkeletalMeshLODBias:0]]
[2023.06.05-14.00.01:337][  0]LogConfig: Setting CVar [[r.ViewDistanceScale:1.0]]
[2023.06.05-14.00.01:337][  0]LogConfig: Applying CVar settings from Section [AntiAliasingQuality@3] File [D:/EpicGames/Demo/ActionRoguelike/Saved/Config/Windows/Scalability.ini]
[2023.06.05-14.00.01:337][  0]LogConfig: Setting CVar [[r.PostProcessAAQuality:4]]
[2023.06.05-14.00.01:337][  0]LogConfig: Applying CVar settings from Section [ShadowQuality@3] File [D:/EpicGames/Demo/ActionRoguelike/Saved/Config/Windows/Scalability.ini]
[2023.06.05-14.00.01:337][  0]LogConfig: Setting CVar [[r.LightFunctionQuality:1]]
[2023.06.05-14.00.01:337][  0]LogConfig: Setting CVar [[r.ShadowQuality:5]]
[2023.06.05-14.00.01:337][  0]LogConfig: Setting CVar [[r.Shadow.CSM.MaxCascades:10]]
[2023.06.05-14.00.01:337][  0]LogConfig: Setting CVar [[r.Shadow.MaxResolution:2048]]
[2023.06.05-14.00.01:337][  0]LogConfig: Setting CVar [[r.Shadow.MaxCSMResolution:2048]]
[2023.06.05-14.00.01:337][  0]LogConfig: Setting CVar [[r.Shadow.RadiusThreshold:0.01]]
[2023.06.05-14.00.01:337][  0]LogConfig: Setting CVar [[r.Shadow.DistanceScale:1.0]]
[2023.06.05-14.00.01:337][  0]LogConfig: Setting CVar [[r.Shadow.CSM.TransitionScale:1.0]]
[2023.06.05-14.00.01:337][  0]LogConfig: Setting CVar [[r.Shadow.PreShadowResolutionFactor:1.0]]
[2023.06.05-14.00.01:337][  0]LogConfig: Setting CVar [[r.DistanceFieldShadowing:1]]
[2023.06.05-14.00.01:338][  0]LogConfig: Setting CVar [[r.DistanceFieldAO:1]]
[2023.06.05-14.00.01:338][  0]LogConfig: Setting CVar [[r.AOQuality:2]]
[2023.06.05-14.00.01:338][  0]LogConfig: Setting CVar [[r.VolumetricFog:1]]
[2023.06.05-14.00.01:338][  0]LogConfig: Setting CVar [[r.VolumetricFog.GridPixelSize:8]]
[2023.06.05-14.00.01:338][  0]LogConfig: Setting CVar [[r.VolumetricFog.GridSizeZ:128]]
[2023.06.05-14.00.01:338][  0]LogConfig: Setting CVar [[r.VolumetricFog.HistoryMissSupersampleCount:4]]
[2023.06.05-14.00.01:338][  0]LogConfig: Setting CVar [[r.LightMaxDrawDistanceScale:1]]
[2023.06.05-14.00.01:338][  0]LogConfig: Setting CVar [[r.CapsuleShadows:1]]
[2023.06.05-14.00.01:338][  0]LogConfig: Applying CVar settings from Section [PostProcessQuality@3] File [D:/EpicGames/Demo/ActionRoguelike/Saved/Config/Windows/Scalability.ini]
[2023.06.05-14.00.01:338][  0]LogConfig: Setting CVar [[r.MotionBlurQuality:4]]
[2023.06.05-14.00.01:338][  0]LogConfig: Setting CVar [[r.AmbientOcclusionMipLevelFactor:0.4]]
[2023.06.05-14.00.01:338][  0]LogConfig: Setting CVar [[r.AmbientOcclusionMaxQuality:100]]
[2023.06.05-14.00.01:338][  0]LogConfig: Setting CVar [[r.AmbientOcclusionLevels:-1]]
[2023.06.05-14.00.01:338][  0]LogConfig: Setting CVar [[r.AmbientOcclusionRadiusScale:1.0]]
[2023.06.05-14.00.01:338][  0]LogConfig: Setting CVar [[r.DepthOfFieldQuality:2]]
[2023.06.05-14.00.01:338][  0]LogConfig: Setting CVar [[r.RenderTargetPoolMin:400]]
[2023.06.05-14.00.01:338][  0]LogConfig: Setting CVar [[r.LensFlareQuality:2]]
[2023.06.05-14.00.01:338][  0]LogConfig: Setting CVar [[r.SceneColorFringeQuality:1]]
[2023.06.05-14.00.01:338][  0]LogConfig: Setting CVar [[r.EyeAdaptationQuality:2]]
[2023.06.05-14.00.01:338][  0]LogConfig: Setting CVar [[r.BloomQuality:5]]
[2023.06.05-14.00.01:339][  0]LogConfig: Setting CVar [[r.FastBlurThreshold:100]]
[2023.06.05-14.00.01:339][  0]LogConfig: Setting CVar [[r.Upscale.Quality:3]]
[2023.06.05-14.00.01:339][  0]LogConfig: Setting CVar [[r.Tonemapper.GrainQuantization:1]]
[2023.06.05-14.00.01:339][  0]LogConfig: Setting CVar [[r.LightShaftQuality:1]]
[2023.06.05-14.00.01:339][  0]LogConfig: Setting CVar [[r.Filter.SizeScale:1]]
[2023.06.05-14.00.01:339][  0]LogConfig: Setting CVar [[r.Tonemapper.Quality:5]]
[2023.06.05-14.00.01:339][  0]LogConfig: Setting CVar [[r.DOF.Gather.AccumulatorQuality:1        ; higher gathering accumulator quality]]
[2023.06.05-14.00.01:339][  0]LogConfig: Setting CVar [[r.DOF.Gather.PostfilterMethod:1          ; Median3x3 postfilering method]]
[2023.06.05-14.00.01:339][  0]LogConfig: Setting CVar [[r.DOF.Gather.EnableBokehSettings:0       ; no bokeh simulation when gathering]]
[2023.06.05-14.00.01:339][  0]LogConfig: Setting CVar [[r.DOF.Gather.RingCount:4                 ; medium number of samples when gathering]]
[2023.06.05-14.00.01:339][  0]LogConfig: Setting CVar [[r.DOF.Scatter.ForegroundCompositing:1    ; additive foreground scattering]]
[2023.06.05-14.00.01:339][  0]LogConfig: Setting CVar [[r.DOF.Scatter.BackgroundCompositing:2    ; additive background scattering]]
[2023.06.05-14.00.01:339][  0]LogConfig: Setting CVar [[r.DOF.Scatter.EnableBokehSettings:1      ; bokeh simulation when scattering]]
[2023.06.05-14.00.01:339][  0]LogConfig: Setting CVar [[r.DOF.Scatter.MaxSpriteRatio:0.1         ; only a maximum of 10% of scattered bokeh]]
[2023.06.05-14.00.01:339][  0]LogConfig: Setting CVar [[r.DOF.Recombine.Quality:1                ; cheap slight out of focus]]
[2023.06.05-14.00.01:339][  0]LogConfig: Setting CVar [[r.DOF.Recombine.EnableBokehSettings:0    ; no bokeh simulation on slight out of focus]]
[2023.06.05-14.00.01:339][  0]LogConfig: Setting CVar [[r.DOF.TemporalAAQuality:1                ; more stable temporal accumulation]]
[2023.06.05-14.00.01:339][  0]LogConfig: Setting CVar [[r.DOF.Kernel.MaxForegroundRadius:0.025]]
[2023.06.05-14.00.01:339][  0]LogConfig: Setting CVar [[r.DOF.Kernel.MaxBackgroundRadius:0.025]]
[2023.06.05-14.00.01:339][  0]LogConfig: Applying CVar settings from Section [TextureQuality@3] File [D:/EpicGames/Demo/ActionRoguelike/Saved/Config/Windows/Scalability.ini]
[2023.06.05-14.00.01:340][  0]LogConfig: Setting CVar [[r.Streaming.MipBias:0]]
[2023.06.05-14.00.01:340][  0]LogConfig: Setting CVar [[r.Streaming.AmortizeCPUToGPUCopy:0]]
[2023.06.05-14.00.01:340][  0]LogConfig: Setting CVar [[r.Streaming.MaxNumTexturesToStreamPerFrame:0]]
[2023.06.05-14.00.01:340][  0]LogConfig: Setting CVar [[r.Streaming.Boost:1]]
[2023.06.05-14.00.01:340][  0]LogConfig: Setting CVar [[r.MaxAnisotropy:8]]
[2023.06.05-14.00.01:340][  0]LogConfig: Setting CVar [[r.VT.MaxAnisotropy:8]]
[2023.06.05-14.00.01:340][  0]LogConfig: Setting CVar [[r.Streaming.LimitPoolSizeToVRAM:0]]
[2023.06.05-14.00.01:340][  0]LogConfig: Setting CVar [[r.Streaming.PoolSize:1000]]
[2023.06.05-14.00.01:340][  0]LogConfig: Setting CVar [[r.Streaming.MaxEffectiveScreenSize:0]]
[2023.06.05-14.00.01:340][  0]LogConfig: Applying CVar settings from Section [EffectsQuality@3] File [D:/EpicGames/Demo/ActionRoguelike/Saved/Config/Windows/Scalability.ini]
[2023.06.05-14.00.01:340][  0]LogConfig: Setting CVar [[r.TranslucencyLightingVolumeDim:64]]
[2023.06.05-14.00.01:340][  0]LogConfig: Setting CVar [[r.RefractionQuality:2]]
[2023.06.05-14.00.01:340][  0]LogConfig: Setting CVar [[r.SSR.Quality:3]]
[2023.06.05-14.00.01:340][  0]LogConfig: Setting CVar [[r.SSR.HalfResSceneColor:0]]
[2023.06.05-14.00.01:340][  0]LogConfig: Setting CVar [[r.SceneColorFormat:4]]
[2023.06.05-14.00.01:340][  0]LogConfig: Setting CVar [[r.DetailMode:2]]
[2023.06.05-14.00.01:340][  0]LogConfig: Setting CVar [[r.TranslucencyVolumeBlur:1]]
[2023.06.05-14.00.01:340][  0]LogConfig: Setting CVar [[r.MaterialQualityLevel:1 ; High quality]]
[2023.06.05-14.00.01:340][  0]LogConfig: Setting CVar [[r.AnisotropicMaterials:1]]
[2023.06.05-14.00.01:340][  0]LogConfig: Setting CVar [[r.SSS.Scale:1]]
[2023.06.05-14.00.01:340][  0]LogConfig: Setting CVar [[r.SSS.SampleSet:2]]
[2023.06.05-14.00.01:341][  0]LogConfig: Setting CVar [[r.SSS.Quality:1]]
[2023.06.05-14.00.01:341][  0]LogConfig: Setting CVar [[r.SSS.HalfRes:0]]
[2023.06.05-14.00.01:341][  0]LogConfig: Setting CVar [[r.SSGI.Quality:3]]
[2023.06.05-14.00.01:341][  0]LogConfig: Setting CVar [[r.EmitterSpawnRateScale:1.0]]
[2023.06.05-14.00.01:341][  0]LogConfig: Setting CVar [[r.ParticleLightQuality:2]]
[2023.06.05-14.00.01:341][  0]LogConfig: Setting CVar [[r.SkyAtmosphere.AerialPerspectiveLUT.FastApplyOnOpaque:1 ; Always have FastSkyLUT 1 in this case to avoid wrong sky]]
[2023.06.05-14.00.01:341][  0]LogConfig: Setting CVar [[r.SkyAtmosphere.AerialPerspectiveLUT.SampleCountMaxPerSlice:4]]
[2023.06.05-14.00.01:341][  0]LogConfig: Setting CVar [[r.SkyAtmosphere.AerialPerspectiveLUT.DepthResolution:16.0]]
[2023.06.05-14.00.01:341][  0]LogConfig: Setting CVar [[r.SkyAtmosphere.FastSkyLUT:1]]
[2023.06.05-14.00.01:341][  0]LogConfig: Setting CVar [[r.SkyAtmosphere.FastSkyLUT.SampleCountMin:4.0]]
[2023.06.05-14.00.01:341][  0]LogConfig: Setting CVar [[r.SkyAtmosphere.FastSkyLUT.SampleCountMax:128.0]]
[2023.06.05-14.00.01:341][  0]LogConfig: Setting CVar [[r.SkyAtmosphere.SampleCountMin:4.0]]
[2023.06.05-14.00.01:341][  0]LogConfig: Setting CVar [[r.SkyAtmosphere.SampleCountMax:128.0]]
[2023.06.05-14.00.01:341][  0]LogConfig: Setting CVar [[r.SkyAtmosphere.TransmittanceLUT.UseSmallFormat:0]]
[2023.06.05-14.00.01:341][  0]LogConfig: Setting CVar [[r.SkyAtmosphere.TransmittanceLUT.SampleCount:10.0]]
[2023.06.05-14.00.01:341][  0]LogConfig: Setting CVar [[r.SkyAtmosphere.MultiScatteringLUT.SampleCount:15.0]]
[2023.06.05-14.00.01:341][  0]LogConfig: Setting CVar [[r.SkyLight.RealTimeReflectionCapture:1]]
[2023.06.05-14.00.01:341][  0]LogConfig: Applying CVar settings from Section [FoliageQuality@3] File [D:/EpicGames/Demo/ActionRoguelike/Saved/Config/Windows/Scalability.ini]
[2023.06.05-14.00.01:341][  0]LogConfig: Setting CVar [[foliage.DensityScale:1.0]]
[2023.06.05-14.00.01:341][  0]LogConfig: Setting CVar [[grass.DensityScale:1.0]]
[2023.06.05-14.00.01:342][  0]LogConfig: Applying CVar settings from Section [ShadingQuality@3] File [D:/EpicGames/Demo/ActionRoguelike/Saved/Config/Windows/Scalability.ini]
[2023.06.05-14.00.01:342][  0]LogConfig: Setting CVar [[r.HairStrands.SkyLighting.IntegrationType:2]]
[2023.06.05-14.00.01:342][  0]LogConfig: Setting CVar [[r.HairStrands.SkyAO.SampleCount:4]]
[2023.06.05-14.00.01:342][  0]LogConfig: Setting CVar [[r.HairStrands.Visibility.MSAA.SamplePerPixel:4]]
[2023.06.05-14.00.01:342][  0]LogInit: Selected Device Profile: [Windows]
[2023.06.05-14.00.01:342][  0]LogInit: Applying CVar settings loaded from the selected device profile: [Windows]
[2023.06.05-14.00.01:342][  0]LogHAL: Display: Platform has ~ 16 GB [16888512512 / 17179869184 / 16], which maps to Larger [LargestMinGB=32, LargerMinGB=12, DefaultMinGB=8, SmallerMinGB=6, SmallestMinGB=0)
[2023.06.05-14.00.01:342][  0]LogInit: Going up to parent DeviceProfile []
[2023.06.05-14.00.01:342][  0]LogConfig: Applying CVar settings from Section [ViewDistanceQuality@3] File [D:/EpicGames/Demo/ActionRoguelike/Saved/Config/Windows/Scalability.ini]
[2023.06.05-14.00.01:342][  0]LogConfig: Setting CVar [[r.SkeletalMeshLODBias:0]]
[2023.06.05-14.00.01:342][  0]LogConfig: Setting CVar [[r.ViewDistanceScale:1.0]]
[2023.06.05-14.00.01:342][  0]LogConfig: Applying CVar settings from Section [AntiAliasingQuality@3] File [D:/EpicGames/Demo/ActionRoguelike/Saved/Config/Windows/Scalability.ini]
[2023.06.05-14.00.01:342][  0]LogConfig: Setting CVar [[r.PostProcessAAQuality:4]]
[2023.06.05-14.00.01:342][  0]LogConfig: Applying CVar settings from Section [ShadowQuality@3] File [D:/EpicGames/Demo/ActionRoguelike/Saved/Config/Windows/Scalability.ini]
[2023.06.05-14.00.01:342][  0]LogConfig: Setting CVar [[r.LightFunctionQuality:1]]
[2023.06.05-14.00.01:342][  0]LogConfig: Setting CVar [[r.ShadowQuality:5]]
[2023.06.05-14.00.01:342][  0]LogConfig: Setting CVar [[r.Shadow.CSM.MaxCascades:10]]
[2023.06.05-14.00.01:342][  0]LogConfig: Setting CVar [[r.Shadow.MaxResolution:2048]]
[2023.06.05-14.00.01:343][  0]LogConfig: Setting CVar [[r.Shadow.MaxCSMResolution:2048]]
[2023.06.05-14.00.01:343][  0]LogConfig: Setting CVar [[r.Shadow.RadiusThreshold:0.01]]
[2023.06.05-14.00.01:343][  0]LogConfig: Setting CVar [[r.Shadow.DistanceScale:1.0]]
[2023.06.05-14.00.01:343][  0]LogConfig: Setting CVar [[r.Shadow.CSM.TransitionScale:1.0]]
[2023.06.05-14.00.01:343][  0]LogConfig: Setting CVar [[r.Shadow.PreShadowResolutionFactor:1.0]]
[2023.06.05-14.00.01:343][  0]LogConfig: Setting CVar [[r.DistanceFieldShadowing:1]]
[2023.06.05-14.00.01:343][  0]LogConfig: Setting CVar [[r.DistanceFieldAO:1]]
[2023.06.05-14.00.01:343][  0]LogConfig: Setting CVar [[r.AOQuality:2]]
[2023.06.05-14.00.01:343][  0]LogConfig: Setting CVar [[r.VolumetricFog:1]]
[2023.06.05-14.00.01:343][  0]LogConfig: Setting CVar [[r.VolumetricFog.GridPixelSize:8]]
[2023.06.05-14.00.01:343][  0]LogConfig: Setting CVar [[r.VolumetricFog.GridSizeZ:128]]
[2023.06.05-14.00.01:343][  0]LogConfig: Setting CVar [[r.VolumetricFog.HistoryMissSupersampleCount:4]]
[2023.06.05-14.00.01:343][  0]LogConfig: Setting CVar [[r.LightMaxDrawDistanceScale:1]]
[2023.06.05-14.00.01:343][  0]LogConfig: Setting CVar [[r.CapsuleShadows:1]]
[2023.06.05-14.00.01:344][  0]LogConfig: Applying CVar settings from Section [PostProcessQuality@3] File [D:/EpicGames/Demo/ActionRoguelike/Saved/Config/Windows/Scalability.ini]
[2023.06.05-14.00.01:344][  0]LogConfig: Setting CVar [[r.MotionBlurQuality:4]]
[2023.06.05-14.00.01:344][  0]LogConfig: Setting CVar [[r.AmbientOcclusionMipLevelFactor:0.4]]
[2023.06.05-14.00.01:344][  0]LogConfig: Setting CVar [[r.AmbientOcclusionMaxQuality:100]]
[2023.06.05-14.00.01:344][  0]LogConfig: Setting CVar [[r.AmbientOcclusionLevels:-1]]
[2023.06.05-14.00.01:344][  0]LogConfig: Setting CVar [[r.AmbientOcclusionRadiusScale:1.0]]
[2023.06.05-14.00.01:344][  0]LogConfig: Setting CVar [[r.DepthOfFieldQuality:2]]
[2023.06.05-14.00.01:344][  0]LogConfig: Setting CVar [[r.RenderTargetPoolMin:400]]
[2023.06.05-14.00.01:344][  0]LogConfig: Setting CVar [[r.LensFlareQuality:2]]
[2023.06.05-14.00.01:344][  0]LogConfig: Setting CVar [[r.SceneColorFringeQuality:1]]
[2023.06.05-14.00.01:344][  0]LogConfig: Setting CVar [[r.EyeAdaptationQuality:2]]
[2023.06.05-14.00.01:344][  0]LogConfig: Setting CVar [[r.BloomQuality:5]]
[2023.06.05-14.00.01:344][  0]LogConfig: Setting CVar [[r.FastBlurThreshold:100]]
[2023.06.05-14.00.01:344][  0]LogConfig: Setting CVar [[r.Upscale.Quality:3]]
[2023.06.05-14.00.01:344][  0]LogConfig: Setting CVar [[r.Tonemapper.GrainQuantization:1]]
[2023.06.05-14.00.01:344][  0]LogConfig: Setting CVar [[r.LightShaftQuality:1]]
[2023.06.05-14.00.01:344][  0]LogConfig: Setting CVar [[r.Filter.SizeScale:1]]
[2023.06.05-14.00.01:344][  0]LogConfig: Setting CVar [[r.Tonemapper.Quality:5]]
[2023.06.05-14.00.01:344][  0]LogConfig: Setting CVar [[r.DOF.Gather.AccumulatorQuality:1        ; higher gathering accumulator quality]]
[2023.06.05-14.00.01:345][  0]LogConfig: Setting CVar [[r.DOF.Gather.PostfilterMethod:1          ; Median3x3 postfilering method]]
[2023.06.05-14.00.01:345][  0]LogConfig: Setting CVar [[r.DOF.Gather.EnableBokehSettings:0       ; no bokeh simulation when gathering]]
[2023.06.05-14.00.01:345][  0]LogConfig: Setting CVar [[r.DOF.Gather.RingCount:4                 ; medium number of samples when gathering]]
[2023.06.05-14.00.01:345][  0]LogConfig: Setting CVar [[r.DOF.Scatter.ForegroundCompositing:1    ; additive foreground scattering]]
[2023.06.05-14.00.01:345][  0]LogConfig: Setting CVar [[r.DOF.Scatter.BackgroundCompositing:2    ; additive background scattering]]
[2023.06.05-14.00.01:345][  0]LogConfig: Setting CVar [[r.DOF.Scatter.EnableBokehSettings:1      ; bokeh simulation when scattering]]
[2023.06.05-14.00.01:345][  0]LogConfig: Setting CVar [[r.DOF.Scatter.MaxSpriteRatio:0.1         ; only a maximum of 10% of scattered bokeh]]
[2023.06.05-14.00.01:345][  0]LogConfig: Setting CVar [[r.DOF.Recombine.Quality:1                ; cheap slight out of focus]]
[2023.06.05-14.00.01:345][  0]LogConfig: Setting CVar [[r.DOF.Recombine.EnableBokehSettings:0    ; no bokeh simulation on slight out of focus]]
[2023.06.05-14.00.01:345][  0]LogConfig: Setting CVar [[r.DOF.TemporalAAQuality:1                ; more stable temporal accumulation]]
[2023.06.05-14.00.01:345][  0]LogConfig: Setting CVar [[r.DOF.Kernel.MaxForegroundRadius:0.025]]
[2023.06.05-14.00.01:345][  0]LogConfig: Setting CVar [[r.DOF.Kernel.MaxBackgroundRadius:0.025]]
[2023.06.05-14.00.01:345][  0]LogConfig: Applying CVar settings from Section [TextureQuality@3] File [D:/EpicGames/Demo/ActionRoguelike/Saved/Config/Windows/Scalability.ini]
[2023.06.05-14.00.01:345][  0]LogConfig: Setting CVar [[r.Streaming.MipBias:0]]
[2023.06.05-14.00.01:345][  0]LogConfig: Setting CVar [[r.Streaming.AmortizeCPUToGPUCopy:0]]
[2023.06.05-14.00.01:345][  0]LogConfig: Setting CVar [[r.Streaming.MaxNumTexturesToStreamPerFrame:0]]
[2023.06.05-14.00.01:345][  0]LogConfig: Setting CVar [[r.Streaming.Boost:1]]
[2023.06.05-14.00.01:345][  0]LogConfig: Setting CVar [[r.MaxAnisotropy:8]]
[2023.06.05-14.00.01:345][  0]LogConfig: Setting CVar [[r.VT.MaxAnisotropy:8]]
[2023.06.05-14.00.01:346][  0]LogConfig: Setting CVar [[r.Streaming.LimitPoolSizeToVRAM:0]]
[2023.06.05-14.00.01:346][  0]LogConfig: Setting CVar [[r.Streaming.PoolSize:1000]]
[2023.06.05-14.00.01:346][  0]LogConfig: Setting CVar [[r.Streaming.MaxEffectiveScreenSize:0]]
[2023.06.05-14.00.01:346][  0]LogConfig: Applying CVar settings from Section [EffectsQuality@3] File [D:/EpicGames/Demo/ActionRoguelike/Saved/Config/Windows/Scalability.ini]
[2023.06.05-14.00.01:346][  0]LogConfig: Setting CVar [[r.TranslucencyLightingVolumeDim:64]]
[2023.06.05-14.00.01:346][  0]LogConfig: Setting CVar [[r.RefractionQuality:2]]
[2023.06.05-14.00.01:346][  0]LogConfig: Setting CVar [[r.SSR.Quality:3]]
[2023.06.05-14.00.01:346][  0]LogConfig: Setting CVar [[r.SSR.HalfResSceneColor:0]]
[2023.06.05-14.00.01:346][  0]LogConfig: Setting CVar [[r.SceneColorFormat:4]]
[2023.06.05-14.00.01:346][  0]LogConfig: Setting CVar [[r.DetailMode:2]]
[2023.06.05-14.00.01:346][  0]LogConfig: Setting CVar [[r.TranslucencyVolumeBlur:1]]
[2023.06.05-14.00.01:346][  0]LogConfig: Setting CVar [[r.MaterialQualityLevel:1 ; High quality]]
[2023.06.05-14.00.01:346][  0]LogConfig: Setting CVar [[r.AnisotropicMaterials:1]]
[2023.06.05-14.00.01:346][  0]LogConfig: Setting CVar [[r.SSS.Scale:1]]
[2023.06.05-14.00.01:346][  0]LogConfig: Setting CVar [[r.SSS.SampleSet:2]]
[2023.06.05-14.00.01:346][  0]LogConfig: Setting CVar [[r.SSS.Quality:1]]
[2023.06.05-14.00.01:346][  0]LogConfig: Setting CVar [[r.SSS.HalfRes:0]]
[2023.06.05-14.00.01:346][  0]LogConfig: Setting CVar [[r.SSGI.Quality:3]]
[2023.06.05-14.00.01:346][  0]LogConfig: Setting CVar [[r.EmitterSpawnRateScale:1.0]]
[2023.06.05-14.00.01:346][  0]LogConfig: Setting CVar [[r.ParticleLightQuality:2]]
[2023.06.05-14.00.01:347][  0]LogConfig: Setting CVar [[r.SkyAtmosphere.AerialPerspectiveLUT.FastApplyOnOpaque:1 ; Always have FastSkyLUT 1 in this case to avoid wrong sky]]
[2023.06.05-14.00.01:347][  0]LogConfig: Setting CVar [[r.SkyAtmosphere.AerialPerspectiveLUT.SampleCountMaxPerSlice:4]]
[2023.06.05-14.00.01:347][  0]LogConfig: Setting CVar [[r.SkyAtmosphere.AerialPerspectiveLUT.DepthResolution:16.0]]
[2023.06.05-14.00.01:347][  0]LogConfig: Setting CVar [[r.SkyAtmosphere.FastSkyLUT:1]]
[2023.06.05-14.00.01:347][  0]LogConfig: Setting CVar [[r.SkyAtmosphere.FastSkyLUT.SampleCountMin:4.0]]
[2023.06.05-14.00.01:347][  0]LogConfig: Setting CVar [[r.SkyAtmosphere.FastSkyLUT.SampleCountMax:128.0]]
[2023.06.05-14.00.01:347][  0]LogConfig: Setting CVar [[r.SkyAtmosphere.SampleCountMin:4.0]]
[2023.06.05-14.00.01:347][  0]LogConfig: Setting CVar [[r.SkyAtmosphere.SampleCountMax:128.0]]
[2023.06.05-14.00.01:347][  0]LogConfig: Setting CVar [[r.SkyAtmosphere.TransmittanceLUT.UseSmallFormat:0]]
[2023.06.05-14.00.01:347][  0]LogConfig: Setting CVar [[r.SkyAtmosphere.TransmittanceLUT.SampleCount:10.0]]
[2023.06.05-14.00.01:347][  0]LogConfig: Setting CVar [[r.SkyAtmosphere.MultiScatteringLUT.SampleCount:15.0]]
[2023.06.05-14.00.01:347][  0]LogConfig: Setting CVar [[r.SkyLight.RealTimeReflectionCapture:1]]
[2023.06.05-14.00.01:347][  0]LogConfig: Applying CVar settings from Section [FoliageQuality@3] File [D:/EpicGames/Demo/ActionRoguelike/Saved/Config/Windows/Scalability.ini]
[2023.06.05-14.00.01:347][  0]LogConfig: Setting CVar [[foliage.DensityScale:1.0]]
[2023.06.05-14.00.01:347][  0]LogConfig: Setting CVar [[grass.DensityScale:1.0]]
[2023.06.05-14.00.01:347][  0]LogConfig: Applying CVar settings from Section [ShadingQuality@3] File [D:/EpicGames/Demo/ActionRoguelike/Saved/Config/Windows/Scalability.ini]
[2023.06.05-14.00.01:347][  0]LogConfig: Setting CVar [[r.HairStrands.SkyLighting.IntegrationType:2]]
[2023.06.05-14.00.01:347][  0]LogConfig: Setting CVar [[r.HairStrands.SkyAO.SampleCount:4]]
[2023.06.05-14.00.01:347][  0]LogConfig: Setting CVar [[r.HairStrands.Visibility.MSAA.SamplePerPixel:4]]
[2023.06.05-14.00.01:347][  0]LogConfig: Applying CVar settings from Section [Startup] File [../../../Engine/Config/ConsoleVariables.ini]
[2023.06.05-14.00.01:348][  0]LogConfig: Setting CVar [[net.UseAdaptiveNetUpdateFrequency:0]]
[2023.06.05-14.00.01:348][  0]LogConfig: Setting CVar [[p.chaos.AllowCreatePhysxBodies:1]]
[2023.06.05-14.00.01:348][  0]LogConfig: Setting CVar [[fx.SkipVectorVMBackendOptimizations:1]]
[2023.06.05-14.00.01:348][  0]LogConfig: Applying CVar settings from Section [ConsoleVariables] File [D:/EpicGames/Demo/ActionRoguelike/Saved/Config/Windows/Engine.ini]
[2023.06.05-14.00.01:348][  0]LogConfig: Applying CVar settings from Section [ConsoleVariables] File [D:/EpicGames/Demo/ActionRoguelike/Saved/Config/Windows/Editor.ini]
[2023.06.05-14.00.01:348][  0]LogInit: Computer: 邓清泽
[2023.06.05-14.00.01:348][  0]LogInit: User: 源渋
[2023.06.05-14.00.01:348][  0]LogInit: CPU Page size=4096, Cores=16
[2023.06.05-14.00.01:348][  0]LogInit: High frequency timer resolution =10.000000 MHz
[2023.06.05-14.00.01:348][  0]LogMemory: Memory total: Physical=15.7GB (16GB approx)
[2023.06.05-14.00.01:348][  0]LogMemory: Platform Memory Stats for Windows
[2023.06.05-14.00.01:348][  0]LogMemory: Process Physical Memory: 153.81 MB used, 153.81 MB peak
[2023.06.05-14.00.01:348][  0]LogMemory: Process Virtual Memory: 134.35 MB used, 134.35 MB peak
[2023.06.05-14.00.01:348][  0]LogMemory: Physical Memory: 11974.96 MB used,  4131.18 MB free, 16106.14 MB total
[2023.06.05-14.00.01:348][  0]LogMemory: Virtual Memory: 134197816.00 MB used,  19910.65 MB free, 134217728.00 MB total
[2023.06.05-14.00.01:387][  0]LogWindows: WindowsPlatformFeatures enabled
[2023.06.05-14.00.01:534][  0]LogInit: Physics initialised using underlying interface: PhysX
[2023.06.05-14.00.01:535][  0]LogInit: Overriding language with editor language configuration option (en).
[2023.06.05-14.00.01:535][  0]LogInit: Using OS detected locale (zh-CN).
[2023.06.05-14.00.01:774][  0]LogInit: Setting process to per monitor DPI aware
[2023.06.05-14.00.01:792][  0]LogWindowsTextInputMethodSystem: Display: IME system deactivated.
[2023.06.05-14.00.01:808][  0]LogSlate: New Slate User Created.  User Index 0, Is Virtual User: 0
[2023.06.05-14.00.01:808][  0]LogSlate: Slate User Registered.  User Index 0, Is Virtual User: 0
[2023.06.05-14.00.01:981][  0]LogD3D11RHI: Loaded GFSDK_Aftermath_Lib.x64.dll
[2023.06.05-14.00.01:987][  0]LogHMD: Failed to initialize OpenVR with code 110
[2023.06.05-14.00.01:987][  0]LogD3D11RHI: D3D11 min allowed feature level: 11_0
[2023.06.05-14.00.01:987][  0]LogD3D11RHI: D3D11 max allowed feature level: 11_0
[2023.06.05-14.00.01:987][  0]LogD3D11RHI: D3D11 adapters:
[2023.06.05-14.00.02:104][  0]LogD3D11RHI:    0. 'NVIDIA GeForce RTX 4070' (Feature Level 11_0)
[2023.06.05-14.00.02:104][  0]LogD3D11RHI:       12026/0/8053 MB DedicatedVideo/DedicatedSystem/SharedSystem, Outputs:1, VendorId:0x10de
[2023.06.05-14.00.02:109][  0]LogD3D11RHI:    1. 'Microsoft Basic Render Driver' (Feature Level 11_0)
[2023.06.05-14.00.02:109][  0]LogD3D11RHI:       0/0/8053 MB DedicatedVideo/DedicatedSystem/SharedSystem, Outputs:0, VendorId:0x1414
[2023.06.05-14.00.02:109][  0]LogD3D11RHI: Chosen D3D11 Adapter:
[2023.06.05-14.00.02:109][  0]LogD3D11RHI:     Description : NVIDIA GeForce RTX 4070
[2023.06.05-14.00.02:109][  0]LogD3D11RHI:     VendorId    : 10de
[2023.06.05-14.00.02:109][  0]LogD3D11RHI:     DeviceId    : 2786
[2023.06.05-14.00.02:109][  0]LogD3D11RHI:     SubSysId    : 513b17aa
[2023.06.05-14.00.02:110][  0]LogD3D11RHI:     Revision    : 00a1
[2023.06.05-14.00.02:110][  0]LogD3D11RHI:     DedicatedVideoMemory : 12610174976 bytes
[2023.06.05-14.00.02:110][  0]LogD3D11RHI:     DedicatedSystemMemory : 0 bytes
[2023.06.05-14.00.02:110][  0]LogD3D11RHI:     SharedSystemMemory : 8444256256 bytes
[2023.06.05-14.00.02:110][  0]LogD3D11RHI:     AdapterLuid : 0 63758
[2023.06.05-14.00.02:116][  0]LogD3D11RHI: Creating new Direct3DDevice
[2023.06.05-14.00.02:116][  0]LogD3D11RHI:     GPU DeviceId: 0x2786 (for the marketing name, search the web for "GPU Device Id")
[2023.06.05-14.00.02:116][  0]LogWindows: EnumDisplayDevices:
[2023.06.05-14.00.02:116][  0]LogWindows:    0. 'NVIDIA GeForce RTX 4070' (P:1 D:1)
[2023.06.05-14.00.02:116][  0]LogWindows:    1. 'NVIDIA GeForce RTX 4070' (P:0 D:0)
[2023.06.05-14.00.02:116][  0]LogWindows:    2. 'NVIDIA GeForce RTX 4070' (P:0 D:0)
[2023.06.05-14.00.02:117][  0]LogWindows:    3. 'NVIDIA GeForce RTX 4070' (P:0 D:0)
[2023.06.05-14.00.02:117][  0]LogWindows: DebugString: FoundDriverCount:4 
[2023.06.05-14.00.02:117][  0]LogD3D11RHI:     Adapter Name: NVIDIA GeForce RTX 4070
[2023.06.05-14.00.02:117][  0]LogD3D11RHI:   Driver Version: 531.61 (internal:31.0.15.3161, unified:531.61)
[2023.06.05-14.00.02:117][  0]LogD3D11RHI:      Driver Date: 4-8-2023
[2023.06.05-14.00.02:117][  0]LogRHI: Texture pool is 8418 MB (70% of 12026 MB)
[2023.06.05-14.00.02:117][  0]LogD3D11RHI: Creating D3DDevice using adapter:
[2023.06.05-14.00.02:117][  0]LogD3D11RHI:     Description : NVIDIA GeForce RTX 4070
[2023.06.05-14.00.02:117][  0]LogD3D11RHI:     VendorId    : 10de
[2023.06.05-14.00.02:117][  0]LogD3D11RHI:     DeviceId    : 2786
[2023.06.05-14.00.02:117][  0]LogD3D11RHI:     SubSysId    : 513b17aa
[2023.06.05-14.00.02:117][  0]LogD3D11RHI:     Revision    : 00a1
[2023.06.05-14.00.02:117][  0]LogD3D11RHI:     DedicatedVideoMemory : 12610174976 bytes
[2023.06.05-14.00.02:117][  0]LogD3D11RHI:     DedicatedSystemMemory : 0 bytes
[2023.06.05-14.00.02:117][  0]LogD3D11RHI:     SharedSystemMemory : 8444256256 bytes
[2023.06.05-14.00.02:117][  0]LogD3D11RHI:     AdapterLuid : 0 63758
[2023.06.05-14.00.02:167][  0]LogD3D11RHI: RHI has support for 64 bit atomics
[2023.06.05-14.00.02:167][  0]LogD3D11RHI: Async texture creation enabled
[2023.06.05-14.00.02:167][  0]LogD3D11RHI: Array index from any shader is supported
[2023.06.05-14.00.02:198][  0]LogD3D11RHI: GPU Timing Frequency: 1000.000000 (Debug: 2 2)
[2023.06.05-14.00.02:232][  0]LogRHI: GeForceNow SDK initialized: 1
[2023.06.05-14.00.02:443][  0]LogTargetPlatformManager: Display: Loaded TargetPlatform 'AllDesktop'
[2023.06.05-14.00.02:458][  0]LogTargetPlatformManager: Display: Loaded TargetPlatform 'Android'
[2023.06.05-14.00.02:458][  0]LogTargetPlatformManager: Display: Loaded TargetPlatform 'Android_ASTC'
[2023.06.05-14.00.02:458][  0]LogTargetPlatformManager: Display: Loaded TargetPlatform 'Android_DXT'
[2023.06.05-14.00.02:458][  0]LogTargetPlatformManager: Display: Loaded TargetPlatform 'Android_ETC2'
[2023.06.05-14.00.02:458][  0]LogTargetPlatformManager: Display: Loaded TargetPlatform 'AndroidClient'
[2023.06.05-14.00.02:458][  0]LogTargetPlatformManager: Display: Loaded TargetPlatform 'Android_ASTCClient'
[2023.06.05-14.00.02:458][  0]LogTargetPlatformManager: Display: Loaded TargetPlatform 'Android_DXTClient'
[2023.06.05-14.00.02:458][  0]LogTargetPlatformManager: Display: Loaded TargetPlatform 'Android_ETC2Client'
[2023.06.05-14.00.02:458][  0]LogTargetPlatformManager: Display: Loaded TargetPlatform 'Android_Multi'
[2023.06.05-14.00.02:458][  0]LogTargetPlatformManager: Display: Loaded TargetPlatform 'Android_MultiClient'
[2023.06.05-14.00.02:478][  0]LogTargetPlatformManager: Display: Loaded TargetPlatform 'IOSClient'
[2023.06.05-14.00.02:478][  0]LogTargetPlatformManager: Display: Loaded TargetPlatform 'IOS'
[2023.06.05-14.00.02:487][  0]LogTargetPlatformManager: Display: Loaded TargetPlatform 'Linux'
[2023.06.05-14.00.02:493][  0]LogTargetPlatformManager: Display: Loaded TargetPlatform 'LinuxNoEditor'
[2023.06.05-14.00.02:498][  0]LogTargetPlatformManager: Display: Loaded TargetPlatform 'LinuxClient'
[2023.06.05-14.00.02:503][  0]LogTargetPlatformManager: Display: Loaded TargetPlatform 'LinuxServer'
[2023.06.05-14.00.02:516][  0]LogTargetPlatformManager: Display: Loaded TargetPlatform 'LinuxAArch64NoEditor'
[2023.06.05-14.00.02:524][  0]LogTargetPlatformManager: Display: Loaded TargetPlatform 'LinuxAArch64Client'
[2023.06.05-14.00.02:535][  0]LogTargetPlatformManager: Display: Loaded TargetPlatform 'LinuxAArch64Server'
[2023.06.05-14.00.02:555][  0]LogTargetPlatformManager: Display: Loaded TargetPlatform 'Lumin'
[2023.06.05-14.00.02:555][  0]LogTargetPlatformManager: Display: Loaded TargetPlatform 'LuminClient'
[2023.06.05-14.00.02:563][  0]LogTargetPlatformManager: Display: Loaded TargetPlatform 'MacNoEditor'
[2023.06.05-14.00.02:571][  0]LogTargetPlatformManager: Display: Loaded TargetPlatform 'Mac'
[2023.06.05-14.00.02:578][  0]LogTargetPlatformManager: Display: Loaded TargetPlatform 'MacClient'
[2023.06.05-14.00.02:583][  0]LogTargetPlatformManager: Display: Loaded TargetPlatform 'MacServer'
[2023.06.05-14.00.02:594][  0]LogTargetPlatformManager: Display: Loaded TargetPlatform 'TVOSClient'
[2023.06.05-14.00.02:594][  0]LogTargetPlatformManager: Display: Loaded TargetPlatform 'TVOS'
[2023.06.05-14.00.02:603][  0]LogTargetPlatformManager: Display: Loaded TargetPlatform 'WindowsNoEditor'
[2023.06.05-14.00.02:611][  0]LogTargetPlatformManager: Display: Loaded TargetPlatform 'Windows'
[2023.06.05-14.00.02:617][  0]LogTargetPlatformManager: Display: Loaded TargetPlatform 'WindowsClient'
[2023.06.05-14.00.02:625][  0]LogTargetPlatformManager: Display: Loaded TargetPlatform 'WindowsServer'
[2023.06.05-14.00.02:625][  0]LogTargetPlatformManager: Display: Building Assets For Windows
[2023.06.05-14.00.02:642][  0]LogAudioDebug: Display: Lib vorbis DLL was dynamically loaded.
[2023.06.05-14.00.02:709][  0]LogTextureFormatOodle: Display: Oodle Texture 2.9.0 init RDO Off
[2023.06.05-14.00.02:812][  0]LogRendererCore: Ray tracing is disabled. Reason: r.RayTracing=0.
[2023.06.05-14.00.02:812][  0]LogShaderCompilers: Guid format shader working directory is -6 characters bigger than the processId version (../../../../../../EpicGames/Demo/ActionRoguelike/Intermediate/Shaders/WorkingDirectory/21808/).
[2023.06.05-14.00.02:812][  0]LogShaderCompilers: Cleaned the shader compiler working directory 'C:/Users/源渋/AppData/Local/Temp/UnrealShaderWorkingDir/CD7EE6F5417FE98FF5D3E0BE31CE0516/'.
[2023.06.05-14.00.02:813][  0]LogXGEController: Cannot use XGE Controller as Incredibuild is not installed on this machine.
[2023.06.05-14.00.02:813][  0]LogShaderCompilers: Cannot use XGE Shader Compiler as Incredibuild is not installed on this machine.
[2023.06.05-14.00.02:813][  0]LogShaderCompilers: Display: Using Local Shader Compiler.
[2023.06.05-14.00.03:371][  0]LogDerivedDataCache: Display: Max Cache Size: 512 MB
[2023.06.05-14.00.03:435][  0]LogDerivedDataCache: Loaded boot cache 0.06s 94MB C:/Users/源渋/AppData/Local/UnrealEngine/4.27/DerivedDataCache/Boot.ddc.
[2023.06.05-14.00.03:435][  0]LogDerivedDataCache: Display: Loaded Boot cache: C:/Users/源渋/AppData/Local/UnrealEngine/4.27/DerivedDataCache/Boot.ddc
[2023.06.05-14.00.03:435][  0]LogDerivedDataCache: FDerivedDataBackendGraph:  Pak pak cache file ../../../../../../EpicGames/Demo/ActionRoguelike/DerivedDataCache/DDC.ddp not found, will not use a pak cache.
[2023.06.05-14.00.03:435][  0]LogDerivedDataCache: Unable to find inner node Pak for hierarchical cache Hierarchy.
[2023.06.05-14.00.03:435][  0]LogDerivedDataCache: FDerivedDataBackendGraph:  CompressedPak pak cache file ../../../../../../EpicGames/Demo/ActionRoguelike/DerivedDataCache/Compressed.ddp not found, will not use a pak cache.
[2023.06.05-14.00.03:436][  0]LogDerivedDataCache: Unable to find inner node CompressedPak for hierarchical cache Hierarchy.
[2023.06.05-14.00.03:454][  0]LogDerivedDataCache: Display: Pak cache opened for reading ../../../Engine/DerivedDataCache/Compressed.ddp.
[2023.06.05-14.00.03:454][  0]LogDerivedDataCache: FDerivedDataBackendGraph:  EnterprisePak pak cache file ../../../Enterprise/DerivedDataCache/Compressed.ddp not found, will not use a pak cache.
[2023.06.05-14.00.03:454][  0]LogDerivedDataCache: Unable to find inner node EnterprisePak for hierarchical cache Hierarchy.
[2023.06.05-14.00.03:465][  0]LogDerivedDataCache: Speed tests for C:/Users/源渋/AppData/Local/UnrealEngine/Common/DerivedDataCache took 0.01 seconds
[2023.06.05-14.00.03:465][  0]LogDerivedDataCache: Display: Performance to C:/Users/源渋/AppData/Local/UnrealEngine/Common/DerivedDataCache: Latency=0.10ms. RandomReadSpeed=323.26MBs, RandomWriteSpeed=133.12MBs. Assigned SpeedClass 'Local'
[2023.06.05-14.00.03:466][  0]LogDerivedDataCache: Using Local data cache path C:/Users/源渋/AppData/Local/UnrealEngine/Common/DerivedDataCache: Writable
[2023.06.05-14.00.03:466][  0]LogDerivedDataCache: Shared data cache path not found in *engine.ini, will not use an Shared cache.
[2023.06.05-14.00.03:466][  0]LogDerivedDataCache: Unable to find inner node Shared for hierarchical cache Hierarchy.
[2023.06.05-14.00.03:501][  0]LogSlate: Using FreeType 2.10.0
[2023.06.05-14.00.03:502][  0]LogSlate: SlateFontServices - WITH_FREETYPE: 1, WITH_HARFBUZZ: 1
[2023.06.05-14.00.03:530][  0]LogAssetRegistry: FAssetRegistry took 0.0034 seconds to start up
[2023.06.05-14.00.03:778][  0]LogAssetRegistry: Error: Package ../../../../../../EpicGames/Demo/ActionRoguelike/Content/ExampleContent/MI_BlockoutSimple_Inst.uasset is too old
[2023.06.05-14.00.03:778][  0]LogAssetRegistry: Error: Package ../../../../../../EpicGames/Demo/ActionRoguelike/Content/ParagonGideon/FX/Particles/Gideon/Abilities/Primary/FX/P_Gideon_Primary_MuzzleFlash.uasset is too old
[2023.06.05-14.00.03:778][  0]LogInit: Selected Device Profile: [Windows]
[2023.06.05-14.00.03:778][  0]LogInit: Active device profile: [0000021DEC230D00][0000021DE994B480 49] Windows
[2023.06.05-14.00.03:778][  0]LogInit: Profiles: [0000021DEC230D00][0000021DE994B480 49] Windows, [0000021DEC1E6300][0000021DEB3FD600 49] WindowsNoEditor, [0000021DEC231C00][0000021DEB3D7780 49] WindowsServer, [0000021DEC1E7100][0000021DE6AA1900 49] WindowsClient, [0000021DEC232900][0000021DE6AA5A80 49] IOS, [0000021DEC1E5A00][0000021DE6AA9C00 49] iPadAir, [0000021DEC233E00][0000021DE6AAC200 49] iPadAir2, [0000021DEC18D100][0000021DE6AB44C0 49] IPadPro, [0000021DEC18D200][0000021DE6AB0500 49] iPadAir3, [0000021DEC1E4C00][0000021DE878E640 49] iPadAir4, [0000021DEC18DE00][0000021DE8692780 49] iPadMini2, [0000021DEC1E7300][0000021DE86968C0 49] iPadMini3, [0000021DEC18F900][0000021DE869EA40 49] iPadMini4, [0000021DEC1E5000][0000021DE86A2BC0 49] iPadMini5, [0000021DEC1C8900][0000021DE86AAE80 49] iPhone6, [0000021DEC1C8A00][0000021DE86A6EC0 49] iPodTouch6, [0000021DEC232E00][0000021DE86B3180 49] iPhone7, [0000021DEC232F00][0000021DE86AF1C0 49] iPodTouch7, [0000021DEC18FE00][0000021DE86B7340 49] iPhone5S, [0000021DEC230F00][0000021DE86BB4C0 49] iPhone6Plus, [0000021DEC1C8100][0000021DE86BF640 49] iPhone6S, [0000021DEC18C300][0000021DECCCD7C0 49] iPhone6SPlus, [0000021DEC1CA800][0000021DECCD1940 49] iPhone7Plus, [0000021DEC18E400][0000021DECCD5AC0 49] iPhoneSE, [0000021DEC1CA600][0000021DECCD80C0 49] iPhone8, [0000021DEC18C400][0000021DECCDC240 49] iPhone8Plus, [0000021DEC1CB100][0000021DECCE03C0 49] iPhoneX, [0000021DEC231400][0000021DECCE4540 49] iPhoneXS, [0000021DEC1CAB00][0000021DECCE86C0 49] iPhoneXSMax, [0000021DEC230700][0000021DE869A800 49] iPhoneXR, [0000021DEC1C8800][0000021DECCEC940 49] iPhone11, [0000021DEC231100][0000021DECCF0A80 49] iPhone11Pro, [0000021DEC1C9A00][0000021DECCF4BC0 49] iPhone11ProMax, [0000021DEC233700][0000021DECCFCD40 49] iPhoneSE2, [0000021DEC1CB800][0000021DE9902EC0 49] iPhone12Mini, [0000021DEC232300][0000021DE9907040 49] iPhone12, [0000021DEC1CB200][0000021DEB3F91C0 49] iPhone12Pro, [0000021DEC231300][0000021DE73E7340 49] iPhone12ProMax, [0000021DEC1C9500][0000021DE73CF4C0 49] iPadPro105, [0000021DEC230A00][0000021DE73D3640 49] iPadPro129, [0000021DEC1CBD00][0000021DE6A437C0 49] iPadPro97, [0000021DEC232A00][0000021DE6A47940 49] iPadPro2_129, [0000021DEC1CA900][0000021DE6A4BAC0 49] iPad5, [0000021DEC231E00][0000021DE6A4E0C0 49] iPad6, [0000021DEC1C9300][0000021DE6A52240 49] iPad7, [0000021DEC230200][0000021DE6A563C0 49] iPad8, [0000021DEC1C8400][0000021DE6A5A540 49] iPadPro11, [0000021DEC231A00][0000021DE6A5E6C0 49] iPadPro2_11, [0000021DEC1C9600][0000021DE6A62840 49] iPadPro3_129, [0000021DEC232700][0000021DECCF8980 49] iPadPro4_129, [0000021DEC1C8200][0000021DE6A66AC0 49] AppleTV, [0000021DEC230900][0000021DE990AC00 49] AppleTV4K, [0000021DEC1C9D00][0000021DE990ED40 49] TVOS, [0000021DEC232D00][0000021DE9916EC0 49] Mac, [0000021DEC1CB600][0000021DE991B040 49] MacClient, [0000021DEC233900][0000021DE991F1C0 49] MacNoEditor, [0000021DEC1CB500][0000021DE9923340 49] MacServer, [0000021DEC231200][0000021DE99274C0 49] Linux, [0000021DEC1C9C00][0000021DE992B640 49] LinuxAArch64, [0000021DEC233C00][0000021DE992F7C0 49] LinuxNoEditor, [0000021DEC1CA300][0000021DE9933940 49] LinuxAArch64NoEditor, [0000021DEC231B00][0000021DE9937AC0 49] LinuxClient, [0000021DEC1CA500][0000021DE993A0C0 49] LinuxAArch64Client, [0000021DEC230E00][0000021DE993E240 49] LinuxServer, [0000021DEC1CB900][0000021DE99423C0 49] LinuxAArch64Server, [0000021DEC233500][0000021DE9946540 49] Android, [0000021DEC1C9E00][0000021DEAF626C0 49] Android_Low, [0000021DEC231F00][0000021DEAF66840 49] Android_Mid, [0000021DEC1CA200][0000021DEAF6A9C0 49] Android_High, [0000021DEC233F00][0000021DEAF6EB40 49] Android_Default, [0000021DEC1CA000][0000021DE9912C80 49] Android_Adreno4xx, [0000021DEC233D00][0000021DEAF72DC0 49] Android_Adreno5xx_Low, [0000021DEC1CAA00][0000021DEAF76F00 49] Android_Adreno5xx, [0000021DEC233800][0000021DEAF7F080 49] Android_Adreno6xx, [0000021DEC1E4500][0000021DEAF83200 49] Android_Adreno6xx_Vulkan, [0000021DEC18D400][0000021DEAF87380 49] Android_Mali_T6xx, [0000021DEC1E5100][0000021DEAF8B500 49] Android_Mali_T7xx, [0000021DEC18ED00][0000021DEAF8F680 49] Android_Mali_T8xx, [0000021DEC1E6F00][0000021DEAF93800 49] Android_Mali_G71, [0000021DEC18F400][0000021DEAF97980 49] Android_Mali_G72, [0000021DEC1E5700][0000021DEAF9BB00 49] Android_Mali_G72_Vulkan, [0000021DEC18D300][0000021DEAF9E100 49] Android_Mali_G76, [0000021DEC1E7D00][0000021DEAFA2280 49] Android_Mali_G76_Vulkan, [0000021DEC18EC00][0000021DEAFA6400 49] Android_Mali_G77, [0000021DEC1E5500][0000021DEAFAA580 49] Android_Mali_G77_Vulkan, [0000021DEC18D800][0000021DEAFAE700 49] Android_Mali_G78, [0000021DEC1E6200][0000021DEAFB2880 49] Android_Mali_G78_Vulkan, [0000021DEC18FD00][0000021DEAFB6A00 49] Android_Mali_G710, [0000021DEC1E4300][0000021DEAFBAB80 49] Android_Mali_G710_Vulkan, [0000021DEC18C200][0000021DEAFBED00 49] Android_Vulkan_SM5, [0000021DEC1E4800][0000021DEAF7AE40 49] Android_PowerVR_G6xxx, [0000021DEC18E500][0000021DEAFC2F80 49] Android_PowerVR_GT7xxx, [0000021DEC1E4E00][0000021DEAFC70C0 49] Android_PowerVR_GE8xxx, [0000021DEC18D500][0000021DEAFCF240 49] Android_PowerVR_GM9xxx, [0000021DEC1E4D00][0000021DEB2773C0 49] Android_PowerVR_GM9xxx_Vulkan, [0000021DEC18D900][0000021DEB27B540 49] Android_TegraK1, [0000021DEC1E4600][0000021DEB27F6C0 49] Android_Unknown_Vulkan, [0000021DEC18F800][0000021DEB283840 49] Lumin, [0000021DEC1E6600][0000021DEB2879C0 49] Lumin_Desktop, [0000021DEC18FB00][0000021DEB28BB40 49] HoloLens, 
[2023.06.05-14.00.03:930][  0]LogMeshReduction: Using QuadricMeshReduction for automatic static mesh reduction
[2023.06.05-14.00.03:930][  0]LogMeshReduction: Using SimplygonMeshReduction for automatic skeletal mesh reduction
[2023.06.05-14.00.03:930][  0]LogMeshReduction: Using ProxyLODMeshReduction for automatic mesh merging
[2023.06.05-14.00.03:930][  0]LogMeshReduction: No distributed automatic mesh merging module available
[2023.06.05-14.00.03:931][  0]LogMeshMerging: No distributed automatic mesh merging module available
[2023.06.05-14.00.03:952][  0]LogNetVersion: ActionRoguelike 1.0.0, NetCL: 17155196, EngineNetVer: 17, GameNetVer: 0 (Checksum: 1099936942)
[2023.06.05-14.00.04:328][  0]LogTexture: Default maximum texture size for cubemaps generated from long-lat sources has been changed from 512 to unlimited. In order to preserve old behaiour for '/Engine/MapTemplates/Sky/DaylightAmbientCubemap.DaylightAmbientCubemap', its maximum texture size has been explicitly set to 512.
[2023.06.05-14.00.04:372][  0]LogHMD: PokeAHoleMaterial loaded successfully
[2023.06.05-14.00.04:375][  0]LogUObjectArray: 17178 objects as part of root set at end of initial load.
[2023.06.05-14.00.04:375][  0]LogUObjectAllocator: 4302048 out of 0 bytes used by permanent object pool.
[2023.06.05-14.00.04:375][  0]LogUObjectArray: CloseDisregardForGC: 0/0 objects in disregard for GC pool
[2023.06.05-14.00.04:747][  0]LogPython: Using Python 3.7.7
[2023.06.05-14.00.05:069][  0]LogNiagaraDebuggerClient: Niagara Debugger Client Initialized | Session: 7F77B3E04E775323B5B9CEBDF62585BE | Instance: 44ECB6D0453245760C0965A56FD5AE8C (邓清泽-21808).
[2023.06.05-14.00.05:252][  0]LogTcpMessaging: Initializing TcpMessaging bridge
[2023.06.05-14.00.05:259][  0]LogUdpMessaging: Initializing bridge on interface 0.0.0.0:0 to multicast group 230.0.0.1:6666.
[2023.06.05-14.00.06:730][  0]SourceControl: Source control is disabled
[2023.06.05-14.00.06:730][  0]SourceControl: Source control is disabled
[2023.06.05-14.00.06:742][  0]SourceControl: Source control is disabled
[2023.06.05-14.00.06:750][  0]SourceControl: Source control is disabled
[2023.06.05-14.00.06:760][  0]SourceControl: Source control is disabled
[2023.06.05-14.00.06:775][  0]LogUProjectInfo: Found projects:
[2023.06.05-14.00.07:077][  0]LogOpenImageDenoise: OIDN starting up
[2023.06.05-14.00.07:164][  0]LogAndroidPermission: UAndroidPermissionCallbackProxy::GetInstance
[2023.06.05-14.00.07:196][  0]LogAudioCaptureCore: Display: No Audio Capture implementations found. Audio input will be silent.
[2023.06.05-14.00.07:196][  0]LogAudioCaptureCore: Display: No Audio Capture implementations found. Audio input will be silent.
[2023.06.05-14.00.07:339][  0]LogCollectionManager: Loaded 0 collections in 0.000462 seconds
[2023.06.05-14.00.07:367][  0]LogFileCache: Scanning file cache for directory 'D:/EpicGames/Demo/ActionRoguelike/Saved/Collections/' took 0.00s
[2023.06.05-14.00.07:367][  0]LogFileCache: Scanning file cache for directory 'D:/EpicGames/Demo/ActionRoguelike/Content/Developers/源渋/Collections/' took 0.00s
[2023.06.05-14.00.07:367][  0]LogFileCache: Scanning file cache for directory 'D:/EpicGames/Demo/ActionRoguelike/Content/Collections/' took 0.00s
[2023.06.05-14.00.07:367][  0]LogOcInput: OculusInput pre-init called
[2023.06.05-14.00.07:548][  0]LogEngine: Initializing Engine...
[2023.06.05-14.00.07:556][  0]LogHMD: Failed to enumerate extensions. Please check that you have a valid OpenXR runtime installed.
[2023.06.05-14.00.07:556][  0]LogHMD: Failed to initialize OpenVR with code 110
[2023.06.05-14.00.07:556][  0]LogMagicLeap: Warning: VR disabled because ZI is not enabled.  To enable, in the editor, Edit -> Project Settings -> Plugins -> Magic Leap Plugin -> Enable Zero Iteration
[2023.06.05-14.00.07:557][  0]LogStats: UGameplayTagsManager::InitializeManager -  0.000 s
[2023.06.05-14.00.07:643][  0]LogInit: Initializing FReadOnlyCVARCache
[2023.06.05-14.00.07:653][  0]LogAIModule: Creating AISystem for world Untitled
[2023.06.05-14.00.07:653][  0]LogAudio: Display: Initializing Audio Device Manager...
[2023.06.05-14.00.07:658][  0]LogAudio: Display: Loading Default Audio Settings Objects...
[2023.06.05-14.00.07:658][  0]LogAudio: Display: No default SoundConcurrencyObject specified (or failed to load).
[2023.06.05-14.00.07:659][  0]LogAudio: Display: Audio Device Manager Initialized
[2023.06.05-14.00.07:659][  0]LogAudio: Display: Creating Audio Device:                 Id: 1, Scope: Shared, Realtime: True
[2023.06.05-14.00.07:659][  0]LogAudioMixer: Display: Audio Mixer Platform Settings:
[2023.06.05-14.00.07:659][  0]LogAudioMixer: Display: 	Sample Rate:						  48000
[2023.06.05-14.00.07:659][  0]LogAudioMixer: Display: 	Callback Buffer Frame Size Requested: 1024
[2023.06.05-14.00.07:660][  0]LogAudioMixer: Display: 	Callback Buffer Frame Size To Use:	  1024
[2023.06.05-14.00.07:660][  0]LogAudioMixer: Display: 	Number of buffers to queue:			  2
[2023.06.05-14.00.07:660][  0]LogAudioMixer: Display: 	Max Channels (voices):				  32
[2023.06.05-14.00.07:660][  0]LogAudioMixer: Display: 	Number of Async Source Workers:		  0
[2023.06.05-14.00.07:660][  0]LogAudio: Display: AudioDevice MaxSources: 32
[2023.06.05-14.00.07:660][  0]LogAudio: Display: Audio Spatialization Plugin: None (built-in).
[2023.06.05-14.00.07:660][  0]LogAudio: Display: Audio Reverb Plugin: None (built-in).
[2023.06.05-14.00.07:660][  0]LogAudio: Display: Audio Occlusion Plugin: None (built-in).
[2023.06.05-14.00.07:660][  0]LogAudioMixer: Display: Initializing audio mixer.
[2023.06.05-14.00.07:714][  0]LogAudioMixer: Display: 0: FrontLeft
[2023.06.05-14.00.07:714][  0]LogAudioMixer: Display: 1: FrontRight
[2023.06.05-14.00.08:648][  0]LogAudioMixer: Display: Using Audio Device 耳机 (Realtek(R) Audio)
[2023.06.05-14.00.08:653][  0]LogAudioMixer: Display: Initializing Sound Submixes...
[2023.06.05-14.00.08:655][  0]LogAudioMixer: Display: Creating Master Submix 'MasterSubmixDefault'
[2023.06.05-14.00.08:655][  0]LogAudioMixer: Display: Creating Master Submix 'MasterReverbSubmixDefault'
[2023.06.05-14.00.08:656][  0]LogAudioMixer: Display: Creating Master Submix 'MasterEQSubmixDefault'
[2023.06.05-14.00.08:656][  0]LogAudioMixer: FMixerPlatformXAudio2::StartAudioStream() called
[2023.06.05-14.00.08:656][  0]LogAudioMixer: Display: Output buffers initialized: Frames=1024, Channels=2, Samples=2048
[2023.06.05-14.00.08:657][  0]LogAudioMixer: Display: Starting AudioMixerPlatformInterface::RunInternal()
[2023.06.05-14.00.08:657][  0]LogAudioMixer: Display: FMixerPlatformXAudio2::SubmitBuffer() called for the first time
[2023.06.05-14.00.08:657][  0]LogInit: FAudioDevice initialized.
[2023.06.05-14.00.08:657][  0]LogAudio: Display: Audio Device (ID: 1) registered with world 'Untitled'.
[2023.06.05-14.00.08:657][  0]LogNetVersion: Set ProjectVersion to 1.0.0.0. Version Checksum will be recalculated on next use.
[2023.06.05-14.00.08:695][  0]LogDerivedDataCache: Saved boot cache 0.04s 94MB C:/Users/源渋/AppData/Local/UnrealEngine/4.27/DerivedDataCache/Boot.ddc.
[2023.06.05-14.00.08:696][  0]LogInit: Texture streaming: Enabled
[2023.06.05-14.00.08:715][  0]LogAnalytics: Display: [UEEditor.Rocket.Release] APIServer = https://datarouter.ol.epicgames.com/. AppVersion = 4.27.2-18319896+++UE4+Release-4.27
[2023.06.05-14.00.08:720][  0]LogEngineSessionManager: EngineSessionManager initialized
[2023.06.05-14.00.08:721][  0]LogEditorSessionSummary: Verbose: Initializing EditorSessionSummaryWriter for editor session tracking
[2023.06.05-14.00.08:723][  0]LogEditorSessionSummary: EditorSessionSummaryWriter initialized
[2023.06.05-14.00.08:744][  0]LogInit: Transaction tracking system initialized
[2023.06.05-14.00.08:779][  0]BlueprintLog: New page: Editor Load
[2023.06.05-14.00.08:879][  0]LocalizationService: Localization service is disabled
[2023.06.05-14.00.08:924][  0]TimingProfiler: Initialize
[2023.06.05-14.00.08:924][  0]TimingProfiler: OnSessionChanged
[2023.06.05-14.00.08:924][  0]LoadingProfiler: Initialize
[2023.06.05-14.00.08:924][  0]LoadingProfiler: OnSessionChanged
[2023.06.05-14.00.08:924][  0]NetworkingProfiler: Initialize
[2023.06.05-14.00.08:926][  0]NetworkingProfiler: OnSessionChanged
[2023.06.05-14.00.08:926][  0]MemoryProfiler: Initialize
[2023.06.05-14.00.08:926][  0]MemoryProfiler: OnSessionChanged
[2023.06.05-14.00.09:061][  0]LogCook: Display: CookSettings for Memory: MemoryMaxUsedVirtual 0MiB, MemoryMaxUsedPhysical 16384MiB, MemoryMinFreeVirtual 0MiB, MemoryMinFreePhysical 1024MiB
[2023.06.05-14.00.09:061][  0]LogCook: Display: Mobile HDR setting 1
[2023.06.05-14.00.09:327][  0]LogFileCache: Scanning file cache for directory 'D:/EpicGames/Demo/ActionRoguelike/Content/' took 0.01s
[2023.06.05-14.00.09:437][  0]LogInit: Display: Engine is initialized. Leaving FEngineLoop::Init()
[2023.06.05-14.00.09:441][  0]SourceControl: Source control is disabled
[2023.06.05-14.00.09:441][  0]LogUnrealEdMisc: Loading editor; pre map load, took 9.503
[2023.06.05-14.00.09:441][  0]Cmd: MAP LOAD FILE="../../../../../../EpicGames/Demo/ActionRoguelike/Content/Level/TestLevel.umap" TEMPLATE=0 SHOWPROGRESS=1 FEATURELEVEL=3
[2023.06.05-14.00.09:441][  0]LightingResults: New page: Lighting Build
[2023.06.05-14.00.09:443][  0]LogWorld: UWorld::CleanupWorld for Untitled, bSessionEnded=true, bCleanupResources=true
[2023.06.05-14.00.09:443][  0]LogSlate: InvalidateAllWidgets triggered.  All widgets were invalidated
[2023.06.05-14.00.09:443][  0]MapCheck: New page: Map Check
[2023.06.05-14.00.09:443][  0]LightingResults: New page: Lighting Build
[2023.06.05-14.00.09:445][  0]LogAudio: Display: Audio Device unregistered from world 'None'.
[2023.06.05-14.00.09:448][  0]LogUObjectHash: Compacting FUObjectHashTables data took   0.42ms
[2023.06.05-14.00.09:589][  0]LogSkeletalMesh: Display: [AssetLog] D:\EpicGames\Demo\ActionRoguelike\Content\ParagonGideon\Characters\Heroes\Gideon\Meshes\Gideon.uasset: Find and fix some bad tangent! please re-import this skeletal mesh asset to fix the issue. The shading of the skeletal mesh will be bad and faceted.
[2023.06.05-14.00.09:666][  0]LogAudio: Display: Audio Device (ID: 1) registered with world 'TestLevel'.
[2023.06.05-14.00.09:667][  0]LogAIModule: Creating AISystem for world TestLevel
[2023.06.05-14.00.09:671][  0]LogEditorServer: Finished looking for orphan Actors (0.000 secs)
[2023.06.05-14.00.09:677][  0]LogUObjectHash: Compacting FUObjectHashTables data took   0.79ms
[2023.06.05-14.00.09:678][  0]Cmd: MAP CHECKDEP NOCLEARLOG
[2023.06.05-14.00.09:679][  0]MapCheck: Map check complete: 0 Error(s), 0 Warning(s), took 0.102ms to complete.
[2023.06.05-14.00.09:679][  0]LogFileHelpers: Loading map 'TestLevel' took 0.237
[2023.06.05-14.00.09:681][  0]LogUnrealEdMisc: Total Editor Startup Time, took 9.742
[2023.06.05-14.00.09:746][  0]LogWindowsTextInputMethodSystem: Display: IME system activated using TSF (微软拼音).
[2023.06.05-14.00.09:801][  0]LogSlate: Updating window title bar state: overlay mode, drag disabled, window buttons hidden, title bar hidden
[2023.06.05-14.00.09:804][  0]LogSlate: Updating window title bar state: overlay mode, drag disabled, window buttons hidden, title bar hidden
[2023.06.05-14.00.09:807][  0]LogSlate: Updating window title bar state: overlay mode, drag disabled, window buttons hidden, title bar hidden
[2023.06.05-14.00.09:810][  0]LogSlate: Updating window title bar state: overlay mode, drag disabled, window buttons hidden, title bar hidden
[2023.06.05-14.00.09:823][  0]LogNativeClassHierarchy: Verbose: Native class hierarchy populated in 0.0052 seconds. Added 3824 classes and 930 folders.
[2023.06.05-14.00.09:828][  0]LogNativeClassHierarchy: Verbose: Native class hierarchy updated for 'WidgetCarousel' in 0.0001 seconds. Added 0 classes and 0 folders.
[2023.06.05-14.00.09:832][  0]LogPakFile: PakFile PrimaryIndexSize=187
[2023.06.05-14.00.09:832][  0]LogPakFile: PakFile PathHashIndexSize=101
[2023.06.05-14.00.09:832][  0]LogPakFile: PakFile FullDirectoryIndexSize=148
[2023.06.05-14.00.09:832][  0]LogShaderLibrary: Display: ShaderCodeLibraryPakFileMountedCallback: PakFile 'D:/Program Files/Epic Games/UE_4.27/FeaturePacks/FP_FirstPerson.upack' (chunk index -1, root 'root:/') mounted
[2023.06.05-14.00.09:832][  0]LogShaderLibrary: Display: ShaderCodeLibraryPakFileMountedCallback: pending pak file info (ChunkID:-1 Root:root:/ File:D:/Program Files/Epic Games/UE_4.27/FeaturePacks/FP_FirstPerson.upack)
[2023.06.05-14.00.09:832][  0]LogPakFile: OnPakFileMounted2Time == 0.000154
[2023.06.05-14.00.09:833][  0]LogPakFile: PakFile PrimaryIndexSize=189
[2023.06.05-14.00.09:834][  0]LogPakFile: PakFile PathHashIndexSize=101
[2023.06.05-14.00.09:834][  0]LogPakFile: PakFile FullDirectoryIndexSize=152
[2023.06.05-14.00.09:834][  0]LogShaderLibrary: Display: ShaderCodeLibraryPakFileMountedCallback: PakFile 'D:/Program Files/Epic Games/UE_4.27/FeaturePacks/FP_FirstPersonBP.upack' (chunk index -1, root 'root:/') mounted
[2023.06.05-14.00.09:834][  0]LogShaderLibrary: Display: ShaderCodeLibraryPakFileMountedCallback: pending pak file info (ChunkID:-1 Root:root:/ File:D:/Program Files/Epic Games/UE_4.27/FeaturePacks/FP_FirstPersonBP.upack)
[2023.06.05-14.00.09:834][  0]LogPakFile: OnPakFileMounted2Time == 0.000168
[2023.06.05-14.00.09:835][  0]LogPakFile: PakFile PrimaryIndexSize=191
[2023.06.05-14.00.09:835][  0]LogPakFile: PakFile PathHashIndexSize=101
[2023.06.05-14.00.09:835][  0]LogPakFile: PakFile FullDirectoryIndexSize=160
[2023.06.05-14.00.09:835][  0]LogShaderLibrary: Display: ShaderCodeLibraryPakFileMountedCallback: PakFile 'D:/Program Files/Epic Games/UE_4.27/FeaturePacks/MobileStarterContent.upack' (chunk index -1, root 'root:/') mounted
[2023.06.05-14.00.09:835][  0]LogShaderLibrary: Display: ShaderCodeLibraryPakFileMountedCallback: pending pak file info (ChunkID:-1 Root:root:/ File:D:/Program Files/Epic Games/UE_4.27/FeaturePacks/MobileStarterContent.upack)
[2023.06.05-14.00.09:835][  0]LogPakFile: OnPakFileMounted2Time == 0.000137
[2023.06.05-14.00.09:836][  0]LogPakFile: PakFile PrimaryIndexSize=185
[2023.06.05-14.00.09:836][  0]LogPakFile: PakFile PathHashIndexSize=101
[2023.06.05-14.00.09:836][  0]LogPakFile: PakFile FullDirectoryIndexSize=148
[2023.06.05-14.00.09:836][  0]LogShaderLibrary: Display: ShaderCodeLibraryPakFileMountedCallback: PakFile 'D:/Program Files/Epic Games/UE_4.27/FeaturePacks/StarterContent.upack' (chunk index -1, root 'root:/') mounted
[2023.06.05-14.00.09:836][  0]LogShaderLibrary: Display: ShaderCodeLibraryPakFileMountedCallback: pending pak file info (ChunkID:-1 Root:root:/ File:D:/Program Files/Epic Games/UE_4.27/FeaturePacks/StarterContent.upack)
[2023.06.05-14.00.09:836][  0]LogPakFile: OnPakFileMounted2Time == 0.000140
[2023.06.05-14.00.09:837][  0]LogPakFile: PakFile PrimaryIndexSize=190
[2023.06.05-14.00.09:837][  0]LogPakFile: PakFile PathHashIndexSize=101
[2023.06.05-14.00.09:838][  0]LogPakFile: PakFile FullDirectoryIndexSize=154
[2023.06.05-14.00.09:838][  0]LogShaderLibrary: Display: ShaderCodeLibraryPakFileMountedCallback: PakFile 'D:/Program Files/Epic Games/UE_4.27/FeaturePacks/TP_2DSideScroller.upack' (chunk index -1, root 'root:/') mounted
[2023.06.05-14.00.09:838][  0]LogShaderLibrary: Display: ShaderCodeLibraryPakFileMountedCallback: pending pak file info (ChunkID:-1 Root:root:/ File:D:/Program Files/Epic Games/UE_4.27/FeaturePacks/TP_2DSideScroller.upack)
[2023.06.05-14.00.09:838][  0]LogPakFile: OnPakFileMounted2Time == 0.000238
[2023.06.05-14.00.09:839][  0]LogPakFile: PakFile PrimaryIndexSize=192
[2023.06.05-14.00.09:839][  0]LogPakFile: PakFile PathHashIndexSize=101
[2023.06.05-14.00.09:839][  0]LogPakFile: PakFile FullDirectoryIndexSize=158
[2023.06.05-14.00.09:839][  0]LogShaderLibrary: Display: ShaderCodeLibraryPakFileMountedCallback: PakFile 'D:/Program Files/Epic Games/UE_4.27/FeaturePacks/TP_2DSideScrollerBP.upack' (chunk index -1, root 'root:/') mounted
[2023.06.05-14.00.09:839][  0]LogShaderLibrary: Display: ShaderCodeLibraryPakFileMountedCallback: pending pak file info (ChunkID:-1 Root:root:/ File:D:/Program Files/Epic Games/UE_4.27/FeaturePacks/TP_2DSideScrollerBP.upack)
[2023.06.05-14.00.09:839][  0]LogPakFile: OnPakFileMounted2Time == 0.000132
[2023.06.05-14.00.09:840][  0]LogPakFile: PakFile PrimaryIndexSize=182
[2023.06.05-14.00.09:840][  0]LogPakFile: PakFile PathHashIndexSize=101
[2023.06.05-14.00.09:840][  0]LogPakFile: PakFile FullDirectoryIndexSize=138
[2023.06.05-14.00.09:840][  0]LogShaderLibrary: Display: ShaderCodeLibraryPakFileMountedCallback: PakFile 'D:/Program Files/Epic Games/UE_4.27/FeaturePacks/TP_Flying.upack' (chunk index -1, root 'root:/') mounted
[2023.06.05-14.00.09:840][  0]LogShaderLibrary: Display: ShaderCodeLibraryPakFileMountedCallback: pending pak file info (ChunkID:-1 Root:root:/ File:D:/Program Files/Epic Games/UE_4.27/FeaturePacks/TP_Flying.upack)
[2023.06.05-14.00.09:840][  0]LogPakFile: OnPakFileMounted2Time == 0.000142
[2023.06.05-14.00.09:841][  0]LogPakFile: PakFile PrimaryIndexSize=184
[2023.06.05-14.00.09:841][  0]LogPakFile: PakFile PathHashIndexSize=101
[2023.06.05-14.00.09:841][  0]LogPakFile: PakFile FullDirectoryIndexSize=142
[2023.06.05-14.00.09:841][  0]LogShaderLibrary: Display: ShaderCodeLibraryPakFileMountedCallback: PakFile 'D:/Program Files/Epic Games/UE_4.27/FeaturePacks/TP_FlyingBP.upack' (chunk index -1, root 'root:/') mounted
[2023.06.05-14.00.09:842][  0]LogShaderLibrary: Display: ShaderCodeLibraryPakFileMountedCallback: pending pak file info (ChunkID:-1 Root:root:/ File:D:/Program Files/Epic Games/UE_4.27/FeaturePacks/TP_FlyingBP.upack)
[2023.06.05-14.00.09:842][  0]LogPakFile: OnPakFileMounted2Time == 0.000138
[2023.06.05-14.00.09:842][  0]LogPakFile: PakFile PrimaryIndexSize=188
[2023.06.05-14.00.09:842][  0]LogPakFile: PakFile PathHashIndexSize=101
[2023.06.05-14.00.09:842][  0]LogPakFile: PakFile FullDirectoryIndexSize=150
[2023.06.05-14.00.09:843][  0]LogShaderLibrary: Display: ShaderCodeLibraryPakFileMountedCallback: PakFile 'D:/Program Files/Epic Games/UE_4.27/FeaturePacks/TP_HandheldARBP.upack' (chunk index -1, root 'root:/') mounted
[2023.06.05-14.00.09:843][  0]LogShaderLibrary: Display: ShaderCodeLibraryPakFileMountedCallback: pending pak file info (ChunkID:-1 Root:root:/ File:D:/Program Files/Epic Games/UE_4.27/FeaturePacks/TP_HandheldARBP.upack)
[2023.06.05-14.00.09:843][  0]LogPakFile: OnPakFileMounted2Time == 0.000144
[2023.06.05-14.00.09:844][  0]LogPakFile: PakFile PrimaryIndexSize=182
[2023.06.05-14.00.09:844][  0]LogPakFile: PakFile PathHashIndexSize=101
[2023.06.05-14.00.09:844][  0]LogPakFile: PakFile FullDirectoryIndexSize=138
[2023.06.05-14.00.09:844][  0]LogShaderLibrary: Display: ShaderCodeLibraryPakFileMountedCallback: PakFile 'D:/Program Files/Epic Games/UE_4.27/FeaturePacks/TP_Puzzle.upack' (chunk index -1, root 'root:/') mounted
[2023.06.05-14.00.09:844][  0]LogShaderLibrary: Display: ShaderCodeLibraryPakFileMountedCallback: pending pak file info (ChunkID:-1 Root:root:/ File:D:/Program Files/Epic Games/UE_4.27/FeaturePacks/TP_Puzzle.upack)
[2023.06.05-14.00.09:844][  0]LogPakFile: OnPakFileMounted2Time == 0.000143
[2023.06.05-14.00.09:845][  0]LogPakFile: PakFile PrimaryIndexSize=184
[2023.06.05-14.00.09:845][  0]LogPakFile: PakFile PathHashIndexSize=101
[2023.06.05-14.00.09:845][  0]LogPakFile: PakFile FullDirectoryIndexSize=142
[2023.06.05-14.00.09:845][  0]LogShaderLibrary: Display: ShaderCodeLibraryPakFileMountedCallback: PakFile 'D:/Program Files/Epic Games/UE_4.27/FeaturePacks/TP_PuzzleBP.upack' (chunk index -1, root 'root:/') mounted
[2023.06.05-14.00.09:845][  0]LogShaderLibrary: Display: ShaderCodeLibraryPakFileMountedCallback: pending pak file info (ChunkID:-1 Root:root:/ File:D:/Program Files/Epic Games/UE_4.27/FeaturePacks/TP_PuzzleBP.upack)
[2023.06.05-14.00.09:845][  0]LogPakFile: OnPakFileMounted2Time == 0.000139
[2023.06.05-14.00.09:846][  0]LogPakFile: PakFile PrimaryIndexSize=183
[2023.06.05-14.00.09:846][  0]LogPakFile: PakFile PathHashIndexSize=101
[2023.06.05-14.00.09:846][  0]LogPakFile: PakFile FullDirectoryIndexSize=140
[2023.06.05-14.00.09:846][  0]LogShaderLibrary: Display: ShaderCodeLibraryPakFileMountedCallback: PakFile 'D:/Program Files/Epic Games/UE_4.27/FeaturePacks/TP_Rolling.upack' (chunk index -1, root 'root:/') mounted
[2023.06.05-14.00.09:846][  0]LogShaderLibrary: Display: ShaderCodeLibraryPakFileMountedCallback: pending pak file info (ChunkID:-1 Root:root:/ File:D:/Program Files/Epic Games/UE_4.27/FeaturePacks/TP_Rolling.upack)
[2023.06.05-14.00.09:846][  0]LogPakFile: OnPakFileMounted2Time == 0.000150
[2023.06.05-14.00.09:847][  0]LogPakFile: PakFile PrimaryIndexSize=185
[2023.06.05-14.00.09:847][  0]LogPakFile: PakFile PathHashIndexSize=101
[2023.06.05-14.00.09:847][  0]LogPakFile: PakFile FullDirectoryIndexSize=144
[2023.06.05-14.00.09:847][  0]LogShaderLibrary: Display: ShaderCodeLibraryPakFileMountedCallback: PakFile 'D:/Program Files/Epic Games/UE_4.27/FeaturePacks/TP_RollingBP.upack' (chunk index -1, root 'root:/') mounted
[2023.06.05-14.00.09:847][  0]LogShaderLibrary: Display: ShaderCodeLibraryPakFileMountedCallback: pending pak file info (ChunkID:-1 Root:root:/ File:D:/Program Files/Epic Games/UE_4.27/FeaturePacks/TP_RollingBP.upack)
[2023.06.05-14.00.09:847][  0]LogPakFile: OnPakFileMounted2Time == 0.000140
[2023.06.05-14.00.09:848][  0]LogPakFile: PakFile PrimaryIndexSize=188
[2023.06.05-14.00.09:848][  0]LogPakFile: PakFile PathHashIndexSize=101
[2023.06.05-14.00.09:848][  0]LogPakFile: PakFile FullDirectoryIndexSize=150
[2023.06.05-14.00.09:848][  0]LogShaderLibrary: Display: ShaderCodeLibraryPakFileMountedCallback: PakFile 'D:/Program Files/Epic Games/UE_4.27/FeaturePacks/TP_SideScroller.upack' (chunk index -1, root 'root:/') mounted
[2023.06.05-14.00.09:849][  0]LogShaderLibrary: Display: ShaderCodeLibraryPakFileMountedCallback: pending pak file info (ChunkID:-1 Root:root:/ File:D:/Program Files/Epic Games/UE_4.27/FeaturePacks/TP_SideScroller.upack)
[2023.06.05-14.00.09:849][  0]LogPakFile: OnPakFileMounted2Time == 0.000129
[2023.06.05-14.00.09:849][  0]LogPakFile: PakFile PrimaryIndexSize=190
[2023.06.05-14.00.09:849][  0]LogPakFile: PakFile PathHashIndexSize=101
[2023.06.05-14.00.09:849][  0]LogPakFile: PakFile FullDirectoryIndexSize=154
[2023.06.05-14.00.09:850][  0]LogShaderLibrary: Display: ShaderCodeLibraryPakFileMountedCallback: PakFile 'D:/Program Files/Epic Games/UE_4.27/FeaturePacks/TP_SideScrollerBP.upack' (chunk index -1, root 'root:/') mounted
[2023.06.05-14.00.09:850][  0]LogShaderLibrary: Display: ShaderCodeLibraryPakFileMountedCallback: pending pak file info (ChunkID:-1 Root:root:/ File:D:/Program Files/Epic Games/UE_4.27/FeaturePacks/TP_SideScrollerBP.upack)
[2023.06.05-14.00.09:850][  0]LogPakFile: OnPakFileMounted2Time == 0.000121
[2023.06.05-14.00.09:851][  0]LogPakFile: PakFile PrimaryIndexSize=187
[2023.06.05-14.00.09:851][  0]LogPakFile: PakFile PathHashIndexSize=101
[2023.06.05-14.00.09:851][  0]LogPakFile: PakFile FullDirectoryIndexSize=148
[2023.06.05-14.00.09:851][  0]LogShaderLibrary: Display: ShaderCodeLibraryPakFileMountedCallback: PakFile 'D:/Program Files/Epic Games/UE_4.27/FeaturePacks/TP_ThirdPerson.upack' (chunk index -1, root 'root:/') mounted
[2023.06.05-14.00.09:851][  0]LogShaderLibrary: Display: ShaderCodeLibraryPakFileMountedCallback: pending pak file info (ChunkID:-1 Root:root:/ File:D:/Program Files/Epic Games/UE_4.27/FeaturePacks/TP_ThirdPerson.upack)
[2023.06.05-14.00.09:851][  0]LogPakFile: OnPakFileMounted2Time == 0.000145
[2023.06.05-14.00.09:852][  0]LogPakFile: PakFile PrimaryIndexSize=189
[2023.06.05-14.00.09:853][  0]LogPakFile: PakFile PathHashIndexSize=101
[2023.06.05-14.00.09:853][  0]LogPakFile: PakFile FullDirectoryIndexSize=152
[2023.06.05-14.00.09:853][  0]LogShaderLibrary: Display: ShaderCodeLibraryPakFileMountedCallback: PakFile 'D:/Program Files/Epic Games/UE_4.27/FeaturePacks/TP_ThirdPersonBP.upack' (chunk index -1, root 'root:/') mounted
[2023.06.05-14.00.09:853][  0]LogShaderLibrary: Display: ShaderCodeLibraryPakFileMountedCallback: pending pak file info (ChunkID:-1 Root:root:/ File:D:/Program Files/Epic Games/UE_4.27/FeaturePacks/TP_ThirdPersonBP.upack)
[2023.06.05-14.00.09:853][  0]LogPakFile: OnPakFileMounted2Time == 0.000170
[2023.06.05-14.00.09:854][  0]LogPakFile: PakFile PrimaryIndexSize=183
[2023.06.05-14.00.09:854][  0]LogPakFile: PakFile PathHashIndexSize=101
[2023.06.05-14.00.09:854][  0]LogPakFile: PakFile FullDirectoryIndexSize=140
[2023.06.05-14.00.09:854][  0]LogShaderLibrary: Display: ShaderCodeLibraryPakFileMountedCallback: PakFile 'D:/Program Files/Epic Games/UE_4.27/FeaturePacks/TP_TopDown.upack' (chunk index -1, root 'root:/') mounted
[2023.06.05-14.00.09:854][  0]LogShaderLibrary: Display: ShaderCodeLibraryPakFileMountedCallback: pending pak file info (ChunkID:-1 Root:root:/ File:D:/Program Files/Epic Games/UE_4.27/FeaturePacks/TP_TopDown.upack)
[2023.06.05-14.00.09:854][  0]LogPakFile: OnPakFileMounted2Time == 0.000150
[2023.06.05-14.00.09:855][  0]LogPakFile: PakFile PrimaryIndexSize=185
[2023.06.05-14.00.09:855][  0]LogPakFile: PakFile PathHashIndexSize=101
[2023.06.05-14.00.09:855][  0]LogPakFile: PakFile FullDirectoryIndexSize=144
[2023.06.05-14.00.09:855][  0]LogShaderLibrary: Display: ShaderCodeLibraryPakFileMountedCallback: PakFile 'D:/Program Files/Epic Games/UE_4.27/FeaturePacks/TP_TopDownBP.upack' (chunk index -1, root 'root:/') mounted
[2023.06.05-14.00.09:855][  0]LogShaderLibrary: Display: ShaderCodeLibraryPakFileMountedCallback: pending pak file info (ChunkID:-1 Root:root:/ File:D:/Program Files/Epic Games/UE_4.27/FeaturePacks/TP_TopDownBP.upack)
[2023.06.05-14.00.09:855][  0]LogPakFile: OnPakFileMounted2Time == 0.000160
[2023.06.05-14.00.09:856][  0]LogPakFile: PakFile PrimaryIndexSize=185
[2023.06.05-14.00.09:856][  0]LogPakFile: PakFile PathHashIndexSize=101
[2023.06.05-14.00.09:856][  0]LogPakFile: PakFile FullDirectoryIndexSize=144
[2023.06.05-14.00.09:856][  0]LogShaderLibrary: Display: ShaderCodeLibraryPakFileMountedCallback: PakFile 'D:/Program Files/Epic Games/UE_4.27/FeaturePacks/TP_TwinStick.upack' (chunk index -1, root 'root:/') mounted
[2023.06.05-14.00.09:856][  0]LogShaderLibrary: Display: ShaderCodeLibraryPakFileMountedCallback: pending pak file info (ChunkID:-1 Root:root:/ File:D:/Program Files/Epic Games/UE_4.27/FeaturePacks/TP_TwinStick.upack)
[2023.06.05-14.00.09:856][  0]LogPakFile: OnPakFileMounted2Time == 0.000176
[2023.06.05-14.00.09:857][  0]LogPakFile: PakFile PrimaryIndexSize=187
[2023.06.05-14.00.09:857][  0]LogPakFile: PakFile PathHashIndexSize=101
[2023.06.05-14.00.09:857][  0]LogPakFile: PakFile FullDirectoryIndexSize=148
[2023.06.05-14.00.09:857][  0]LogShaderLibrary: Display: ShaderCodeLibraryPakFileMountedCallback: PakFile 'D:/Program Files/Epic Games/UE_4.27/FeaturePacks/TP_TwinStickBP.upack' (chunk index -1, root 'root:/') mounted
[2023.06.05-14.00.09:857][  0]LogShaderLibrary: Display: ShaderCodeLibraryPakFileMountedCallback: pending pak file info (ChunkID:-1 Root:root:/ File:D:/Program Files/Epic Games/UE_4.27/FeaturePacks/TP_TwinStickBP.upack)
[2023.06.05-14.00.09:858][  0]LogPakFile: OnPakFileMounted2Time == 0.000130
[2023.06.05-14.00.09:858][  0]LogPakFile: PakFile PrimaryIndexSize=183
[2023.06.05-14.00.09:858][  0]LogPakFile: PakFile PathHashIndexSize=101
[2023.06.05-14.00.09:858][  0]LogPakFile: PakFile FullDirectoryIndexSize=140
[2023.06.05-14.00.09:858][  0]LogShaderLibrary: Display: ShaderCodeLibraryPakFileMountedCallback: PakFile 'D:/Program Files/Epic Games/UE_4.27/FeaturePacks/TP_Vehicle.upack' (chunk index -1, root 'root:/') mounted
[2023.06.05-14.00.09:859][  0]LogShaderLibrary: Display: ShaderCodeLibraryPakFileMountedCallback: pending pak file info (ChunkID:-1 Root:root:/ File:D:/Program Files/Epic Games/UE_4.27/FeaturePacks/TP_Vehicle.upack)
[2023.06.05-14.00.09:859][  0]LogPakFile: OnPakFileMounted2Time == 0.000143
[2023.06.05-14.00.09:859][  0]LogPakFile: PakFile PrimaryIndexSize=186
[2023.06.05-14.00.09:860][  0]LogPakFile: PakFile PathHashIndexSize=101
[2023.06.05-14.00.09:860][  0]LogPakFile: PakFile FullDirectoryIndexSize=146
[2023.06.05-14.00.09:860][  0]LogShaderLibrary: Display: ShaderCodeLibraryPakFileMountedCallback: PakFile 'D:/Program Files/Epic Games/UE_4.27/FeaturePacks/TP_VehicleAdv.upack' (chunk index -1, root 'root:/') mounted
[2023.06.05-14.00.09:860][  0]LogShaderLibrary: Display: ShaderCodeLibraryPakFileMountedCallback: pending pak file info (ChunkID:-1 Root:root:/ File:D:/Program Files/Epic Games/UE_4.27/FeaturePacks/TP_VehicleAdv.upack)
[2023.06.05-14.00.09:860][  0]LogPakFile: OnPakFileMounted2Time == 0.000124
[2023.06.05-14.00.09:861][  0]LogPakFile: PakFile PrimaryIndexSize=188
[2023.06.05-14.00.09:861][  0]LogPakFile: PakFile PathHashIndexSize=101
[2023.06.05-14.00.09:861][  0]LogPakFile: PakFile FullDirectoryIndexSize=150
[2023.06.05-14.00.09:861][  0]LogShaderLibrary: Display: ShaderCodeLibraryPakFileMountedCallback: PakFile 'D:/Program Files/Epic Games/UE_4.27/FeaturePacks/TP_VehicleAdvBP.upack' (chunk index -1, root 'root:/') mounted
[2023.06.05-14.00.09:862][  0]LogShaderLibrary: Display: ShaderCodeLibraryPakFileMountedCallback: pending pak file info (ChunkID:-1 Root:root:/ File:D:/Program Files/Epic Games/UE_4.27/FeaturePacks/TP_VehicleAdvBP.upack)
[2023.06.05-14.00.09:862][  0]LogPakFile: OnPakFileMounted2Time == 0.000206
[2023.06.05-14.00.09:863][  0]LogPakFile: PakFile PrimaryIndexSize=185
[2023.06.05-14.00.09:863][  0]LogPakFile: PakFile PathHashIndexSize=101
[2023.06.05-14.00.09:863][  0]LogPakFile: PakFile FullDirectoryIndexSize=144
[2023.06.05-14.00.09:863][  0]LogShaderLibrary: Display: ShaderCodeLibraryPakFileMountedCallback: PakFile 'D:/Program Files/Epic Games/UE_4.27/FeaturePacks/TP_VehicleBP.upack' (chunk index -1, root 'root:/') mounted
[2023.06.05-14.00.09:863][  0]LogShaderLibrary: Display: ShaderCodeLibraryPakFileMountedCallback: pending pak file info (ChunkID:-1 Root:root:/ File:D:/Program Files/Epic Games/UE_4.27/FeaturePacks/TP_VehicleBP.upack)
[2023.06.05-14.00.09:863][  0]LogPakFile: OnPakFileMounted2Time == 0.000181
[2023.06.05-14.00.09:864][  0]LogPakFile: PakFile PrimaryIndexSize=192
[2023.06.05-14.00.09:864][  0]LogPakFile: PakFile PathHashIndexSize=101
[2023.06.05-14.00.09:864][  0]LogPakFile: PakFile FullDirectoryIndexSize=158
[2023.06.05-14.00.09:865][  0]LogShaderLibrary: Display: ShaderCodeLibraryPakFileMountedCallback: PakFile 'D:/Program Files/Epic Games/UE_4.27/FeaturePacks/TP_VirtualRealityBP.upack' (chunk index -1, root 'root:/') mounted
[2023.06.05-14.00.09:865][  0]LogShaderLibrary: Display: ShaderCodeLibraryPakFileMountedCallback: pending pak file info (ChunkID:-1 Root:root:/ File:D:/Program Files/Epic Games/UE_4.27/FeaturePacks/TP_VirtualRealityBP.upack)
[2023.06.05-14.00.09:865][  0]LogPakFile: OnPakFileMounted2Time == 0.000178
[2023.06.05-14.00.09:903][  0]LogNativeClassHierarchy: Verbose: Native class hierarchy updated for 'AddContentDialog' in 0.0002 seconds. Added 0 classes and 0 folders.
[2023.06.05-14.00.09:904][  0]LogNativeClassHierarchy: Verbose: Native class hierarchy updated for 'SceneOutliner' in 0.0002 seconds. Added 2 classes and 0 folders.
[2023.06.05-14.00.09:972][  0]LogSlate: Took 0.000476 seconds to synchronously load lazily loaded font '../../../Engine/Content/Slate/Fonts/Roboto-Regular.ttf' (155K)
[2023.06.05-14.00.09:973][  0]LogSlate: Took 0.000380 seconds to synchronously load lazily loaded font '../../../Engine/Content/Editor/Slate/Fonts/FontAwesome.ttf' (139K)
[2023.06.05-14.00.09:975][  0]LogSlate: Took 0.000469 seconds to synchronously load lazily loaded font '../../../Engine/Content/Slate/Fonts/Roboto-Bold.ttf' (160K)
[2023.06.05-14.00.10:019][  0]LogRenderer: Reallocating scene render targets to support 1616x804 Format 10 NumSamples 1 (Frame:1).
[2023.06.05-14.00.10:346][  0]LogNativeClassHierarchy: Verbose: Native class hierarchy updated for 'HierarchicalLODOutliner' in 0.0002 seconds. Added 0 classes and 0 folders.
[2023.06.05-14.00.10:346][  0]LogLoad: (Engine Initialization) Total time: 10.41 seconds
[2023.06.05-14.00.10:346][  0]LogLoad: (Engine Initialization) Total Blueprint compile time: 0.00 seconds
[2023.06.05-14.00.10:377][  0]LogAssetRegistry: Asset discovery search completed in 6.8488 seconds
[2023.06.05-14.00.10:381][  0]LogCollectionManager: Fixed up redirectors for 0 collections in 0.000003 seconds (updated 0 objects)
[2023.06.05-14.00.10:382][  0]LogContentStreaming: Texture pool size now 1000 MB
[2023.06.05-14.01.15:228][277]LogSlate: Took 0.000669 seconds to synchronously load lazily loaded font '../../../Engine/Content/Slate/Fonts/Roboto-Light.ttf' (167K)
[2023.06.05-14.01.15:259][277]LogEditorClassViewer: Warning: Class /Engine/Tutorial/InWorldBlueprintEditing/TutorialAssets/IWBE_Blutility.IWBE_Blutility_C has parent /Script/Blutility.PlacedEditorUtilityBase, but this parent is not found. The Class will not be shown in ClassViewer.
[2023.06.05-14.01.15:259][277]LogEditorClassViewer: Warning: Class /Game/ExampleContent/CameraShake/camera_shake_constant.camera_shake_constant_C has parent /Script/Engine.MatineeCameraShake, but this parent is not found. The Class will not be shown in ClassViewer.
[2023.06.05-14.01.15:259][277]LogEditorClassViewer: Warning: Class /Game/ExampleContent/CameraShake/camera_shake_entry.camera_shake_entry_C has parent /Script/Engine.MatineeCameraShake, but this parent is not found. The Class will not be shown in ClassViewer.
[2023.06.05-14.01.15:259][277]LogEditorClassViewer: Warning: Class /Game/ExampleContent/CameraShake/camera_shake_small.camera_shake_small_C has parent /Script/Engine.MatineeCameraShake, but this parent is not found. The Class will not be shown in ClassViewer.
[2023.06.05-14.01.15:260][277]LogEditorClassViewer: Warning: Class /Game/ExampleContent/CameraShake/CamShake_TakeDamage.CamShake_TakeDamage_C has parent /Script/Engine.MatineeCameraShake, but this parent is not found. The Class will not be shown in ClassViewer.
[2023.06.05-14.01.15:260][277]LogEditorClassViewer: Warning: Class /Game/ExampleContent/CameraShake/CamShake_TakeDamage_Small.CamShake_TakeDamage_Small_C has parent /Script/Engine.MatineeCameraShake, but this parent is not found. The Class will not be shown in ClassViewer.
[2023.06.05-14.01.15:260][277]LogEditorClassViewer: Warning: Class /Game/ParagonGideon/Characters/Heroes/Gideon/Gideon_AnimBlueprint.Gideon_AnimBlueprint_C has parent /Script/ActionRoguelike.SAnimInstance, but this parent is not found. The Class will not be shown in ClassViewer.
[2023.06.05-14.01.15:322][277]LogSlate: Took 0.000607 seconds to synchronously load lazily loaded font '../../../Engine/Content/Slate/Fonts/Roboto-BoldCondensed.ttf' (158K)
[2023.06.05-14.01.40:407][ 33]LogSlate: Window 'Add C++ Class' being destroyed
[2023.06.05-14.01.40:832][ 81]LogSlate: Took 0.002579 seconds to synchronously load lazily loaded font '../../../Engine/Content/Slate/Fonts/DroidSansFallback.ttf' (3848K)
[2023.06.05-14.01.42:577][282]LogUObjectHash: Compacting FUObjectHashTables data took   0.46ms
[2023.06.05-14.01.42:720][299]LogUObjectHash: Compacting FUObjectHashTables data took   0.23ms
[2023.06.05-14.01.42:953][327]LogUObjectHash: Compacting FUObjectHashTables data took   0.18ms
